2024-03-06 09:36:00,708 [INFO] Activator:176 - 


2024-03-06 09:36:00,714 [INFO] Activator:177 - !SESSION log4j initialized
2024-03-06 09:36:07,196 [INFO] LogOutputStream:77 - [STDOUT_REDIRECT] 
2024-03-06 09:36:08,945 [INFO] ApplicationProperties:184 - Using Application install path: C:\Program Files\ST\STM32CubeIDE_1.14.0\STM32CubeIDE\plugins\com.st.stm32cube.common.mx_6.10.0.202311202037
2024-03-06 09:36:08,966 [INFO] DbMcusXml:78 - Set database path to: C:\Program Files\ST\STM32CubeIDE_1.14.0\STM32CubeIDE\plugins\com.st.stm32cube.common.mx_6.10.0.202311202037\\db\/mcu/
2024-03-06 09:36:08,967 [INFO] ApiDb:274 - Set plugin database path to: C:\Program Files\ST\STM32CubeIDE_1.14.0\STM32CubeIDE\plugins\com.st.stm32cube.common.mx_6.10.0.202311202037\\db\/plugins/boardmanager/
2024-03-06 09:36:08,967 [WARN] ApiDb:259 - Overriding images path with different value:  => C:\Program Files\ST\STM32CubeIDE_1.14.0\STM32CubeIDE\plugins\com.st.stm32cube.common.mx_6.10.0.202311202037\\db\/plugins/mcufinder/images/
2024-03-06 09:36:08,980 [INFO] ApiDb:250 - Set database path to: C:\Users\adith\.stmcufinder\plugins\mcufinder//mcu/
2024-03-06 09:36:08,981 [INFO] DbMcusAds:125 - Set database path to: C:\Users\adith\.stmcufinder\plugins\mcufinder//mcu/
2024-03-06 09:36:08,983 [INFO] CrossReferenceDbSqlite:203 - Set database path to: C:\Users\adith\.stmcufinder\plugins\mcufinder//mcu/cs/
2024-03-06 09:36:09,117 [INFO] RulesReader:64 - Compatibility file has been processed (297 Rules)
2024-03-06 09:36:09,203 [INFO] DbMcusXml:78 - Set database path to: C:\Program Files\ST\STM32CubeIDE_1.14.0\STM32CubeIDE\plugins\com.st.stm32cube.common.mx_6.10.0.202311202037\\db\/mcu/
2024-03-06 09:36:09,203 [INFO] ApiDb:274 - Set plugin database path to: C:\Program Files\ST\STM32CubeIDE_1.14.0\STM32CubeIDE\plugins\com.st.stm32cube.common.mx_6.10.0.202311202037\\db\/plugins/boardmanager/
2024-03-06 09:36:09,204 [INFO] ApiDb:261 - Set plugin images path to: C:\Program Files\ST\STM32CubeIDE_1.14.0\STM32CubeIDE\plugins\com.st.stm32cube.common.mx_6.10.0.202311202037\\db\/plugins/mcufinder/images/
2024-03-06 09:36:09,204 [WARN] DbFile:41 - Overriding database path with different value: C:\Users\adith\.stmcufinder\plugins\mcufinder/ => C:\Users\adith\.stmcufinder\plugins\mcufinder
2024-03-06 09:36:09,204 [INFO] ApiDb:250 - Set database path to: C:\Users\adith\.stmcufinder\plugins\mcufinder//mcu/
2024-03-06 09:36:09,204 [WARN] DbFile:41 - Overriding database path with different value: C:\Users\adith\.stmcufinder\plugins\mcufinder/ => C:\Users\adith\.stmcufinder\plugins\mcufinder
2024-03-06 09:36:09,204 [INFO] DbMcusAds:125 - Set database path to: C:\Users\adith\.stmcufinder\plugins\mcufinder//mcu/
2024-03-06 09:36:09,204 [WARN] DbFile:41 - Overriding database path with different value: C:\Users\adith\.stmcufinder\plugins\mcufinder/ => C:\Users\adith\.stmcufinder\plugins\mcufinder
2024-03-06 09:36:09,204 [WARN] DbFile:41 - Overriding database path with different value: C:\Users\adith\.stmcufinder\plugins\mcufinder/ => C:\Users\adith\.stmcufinder\plugins\mcufinder
2024-03-06 09:36:09,204 [INFO] CrossReferenceDbSqlite:203 - Set database path to: C:\Users\adith\.stmcufinder\plugins\mcufinder//mcu/cs/
2024-03-06 09:36:09,286 [INFO] MainPanel:264 - HeapMemory: 268435456
2024-03-06 09:36:09,428 [INFO] DbMcusXml:78 - Set database path to: C:\Program Files\ST\STM32CubeIDE_1.14.0\STM32CubeIDE\plugins\com.st.stm32cube.common.mx_6.10.0.202311202037\\db\/mcu/
2024-03-06 09:36:09,429 [INFO] ApiDb:274 - Set plugin database path to: C:\Program Files\ST\STM32CubeIDE_1.14.0\STM32CubeIDE\plugins\com.st.stm32cube.common.mx_6.10.0.202311202037\\db\/plugins/boardmanager/
2024-03-06 09:36:09,429 [INFO] ApiDb:261 - Set plugin images path to: C:\Program Files\ST\STM32CubeIDE_1.14.0\STM32CubeIDE\plugins\com.st.stm32cube.common.mx_6.10.0.202311202037\\db\/plugins/mcufinder/images/
2024-03-06 09:36:09,430 [WARN] DbFile:41 - Overriding database path with different value: C:\Users\adith\.stmcufinder\plugins\mcufinder/ => C:\Users\adith\.stmcufinder\plugins\mcufinder
2024-03-06 09:36:09,430 [INFO] ApiDb:250 - Set database path to: C:\Users\adith\.stmcufinder\plugins\mcufinder//mcu/
2024-03-06 09:36:09,430 [WARN] DbFile:41 - Overriding database path with different value: C:\Users\adith\.stmcufinder\plugins\mcufinder/ => C:\Users\adith\.stmcufinder\plugins\mcufinder
2024-03-06 09:36:09,430 [INFO] DbMcusAds:125 - Set database path to: C:\Users\adith\.stmcufinder\plugins\mcufinder//mcu/
2024-03-06 09:36:09,431 [WARN] DbFile:41 - Overriding database path with different value: C:\Users\adith\.stmcufinder\plugins\mcufinder/ => C:\Users\adith\.stmcufinder\plugins\mcufinder
2024-03-06 09:36:09,431 [WARN] DbFile:41 - Overriding database path with different value: C:\Users\adith\.stmcufinder\plugins\mcufinder/ => C:\Users\adith\.stmcufinder\plugins\mcufinder
2024-03-06 09:36:09,431 [INFO] CrossReferenceDbSqlite:203 - Set database path to: C:\Users\adith\.stmcufinder\plugins\mcufinder//mcu/cs/
2024-03-06 09:36:09,460 [INFO] ApplicationProperties:184 - Using Application install path: C:\Program Files\ST\STM32CubeIDE_1.14.0\STM32CubeIDE\plugins\com.st.stm32cube.common.mx_6.10.0.202311202037
2024-03-06 09:36:09,462 [INFO] PluginManage:196 - Search for loadable plugins [exclusion list=, ]
2024-03-06 09:36:09,464 [INFO] PluginManage:310 - Check plugin analytics
2024-03-06 09:36:09,654 [INFO] AnalyticsPlugin:253 - Accepted Software Licenses: 
2024-03-06 09:36:09,654 [INFO] AnalyticsPlugin:255 - Accepted CMSIS Pack Licenses: 
2024-03-06 09:36:09,654 [INFO] AnalyticsPlugin:257 - Accepted Firmware Licenses: FW.F4.1.28.0
2024-03-06 09:36:09,656 [INFO] PluginManage:359 - Loaded plugin analytics (category:tool,tabindex:-1)
2024-03-06 09:36:09,657 [INFO] PluginManage:310 - Check plugin cadmodel
2024-03-06 09:36:09,672 [INFO] CADModel:105 - Init CAD model plugin
2024-03-06 09:36:09,672 [INFO] PluginManage:359 - Loaded plugin cadmodel (category:power,tabindex:5)
2024-03-06 09:36:09,672 [INFO] PluginManage:310 - Check plugin clock
2024-03-06 09:36:09,692 [INFO] PluginManage:359 - Loaded plugin clock (category:base,tabindex:2)
2024-03-06 09:36:09,693 [INFO] PluginManage:310 - Check plugin ddr
2024-03-06 09:36:09,694 [INFO] PluginManage:359 - Loaded plugin ddr (category:tool,tabindex:6)
2024-03-06 09:36:09,694 [INFO] PluginManage:310 - Check plugin filemanager
2024-03-06 09:36:09,842 [INFO] PluginManage:359 - Loaded plugin filemanager (category:base,tabindex:10)
2024-03-06 09:36:09,842 [INFO] PluginManage:310 - Check plugin ipmanager
2024-03-06 09:36:09,849 [INFO] PluginManage:359 - Loaded plugin ipmanager (category:base,tabindex:5)
2024-03-06 09:36:09,849 [INFO] PluginManage:310 - Check plugin lpbam
2024-03-06 09:36:09,887 [INFO] PluginManage:359 - Loaded plugin lpbam (category:base,tabindex:0)
2024-03-06 09:36:09,887 [INFO] PluginManage:310 - Check plugin memorymap
2024-03-06 09:36:09,924 [INFO] PluginManage:359 - Loaded plugin memorymap (category:base,tabindex:4)
2024-03-06 09:36:09,924 [INFO] PluginManage:310 - Check plugin pinoutandconfiguration
2024-03-06 09:36:09,948 [INFO] PluginManage:359 - Loaded plugin pinoutandconfiguration (category:base,tabindex:1)
2024-03-06 09:36:09,948 [INFO] PluginManage:310 - Check plugin pinoutconfig
2024-03-06 09:36:10,044 [WARN] SupportedApi:132 - Cannot load RTOS API schema: s4s-elt-must-match.1: The content of 'definitions' must match (annotation?, (simpleType | complexType)?, (unique | key | keyref)*)). A problem was found starting at: attribute.
2024-03-06 09:36:10,207 [INFO] PluginManage:359 - Loaded plugin pinoutconfig (category:base,tabindex:0)
2024-03-06 09:36:10,208 [INFO] PluginManage:310 - Check plugin power
2024-03-06 09:36:10,229 [INFO] PluginManage:359 - Loaded plugin power (category:power,tabindex:4)
2024-03-06 09:36:10,229 [INFO] PluginManage:310 - Check plugin projectmanager
2024-03-06 09:36:10,247 [INFO] PluginManage:359 - Loaded plugin projectmanager (category:projectmanager,tabindex:3)
2024-03-06 09:36:10,248 [INFO] PluginManage:310 - Check plugin thirdparty
2024-03-06 09:36:10,525 [INFO] PluginManage:359 - Loaded plugin thirdparty (category:base,tabindex:-1)
2024-03-06 09:36:10,525 [INFO] PluginManage:310 - Check plugin tools
2024-03-06 09:36:10,525 [WARN] IntegrityCheckThread:84 - waiting for thirdparty lock release [integrity check]
2024-03-06 09:36:10,525 [INFO] IntegrityCheckThread:86 - entering critical section [integrity check]
2024-03-06 09:36:10,526 [INFO] ThirdPartyUpdaterWithRetryManager:70 - Updater plugin not ready yet. [1/15]
2024-03-06 09:36:10,567 [INFO] PluginManage:359 - Loaded plugin tools (category:base,tabindex:7)
2024-03-06 09:36:10,567 [INFO] PluginManage:310 - Check plugin tutovideos
2024-03-06 09:36:10,819 [INFO] PluginManage:359 - Loaded plugin tutovideos (category:base,tabindex:-1)
2024-03-06 09:36:10,819 [INFO] PluginManage:310 - Check plugin updater
2024-03-06 09:36:10,832 [INFO] PluginManage:359 - Loaded plugin updater (category:base,tabindex:12)
2024-03-06 09:36:10,832 [INFO] PluginManage:310 - Check plugin userauth
2024-03-06 09:36:10,838 [INFO] UserAuth:114 - Init User Auth plugin
2024-03-06 09:36:10,839 [INFO] PluginManage:359 - Loaded plugin userauth (category:base,tabindex:14)
2024-03-06 09:36:10,839 [INFO] PluginManage:283 - PluginManage : Loaded plugins [17]
2024-03-06 09:36:10,865 [INFO] McuFinderGlobals:63 - Set McuFinder mode to 2 (CubeIDE integrated)
2024-03-06 09:36:11,077 [INFO] PinOutPanel:1499 - setPackage(No Configuration,No Configuration)
2024-03-06 09:36:11,153 [INFO] CADModel:165 - CPN selected for project level
2024-03-06 09:36:11,153 [INFO] CADModel:114 - Register for checkConnection events
2024-03-06 09:36:11,181 [INFO] IPUIPlugin:80 - create IPUIPlugin
2024-03-06 09:36:11,181 [INFO] PluginManager:220 - loadIPPluginJar : add adc
2024-03-06 09:36:11,216 [INFO] IPUIPlugin:80 - create IPUIPlugin
2024-03-06 09:36:11,216 [INFO] PluginManager:220 - loadIPPluginJar : add aes
2024-03-06 09:36:11,256 [INFO] IPUIPlugin:80 - create IPUIPlugin
2024-03-06 09:36:11,256 [INFO] PluginManager:220 - loadIPPluginJar : add can
2024-03-06 09:36:11,277 [INFO] IPUIPlugin:80 - create IPUIPlugin
2024-03-06 09:36:11,277 [INFO] PluginManager:220 - loadIPPluginJar : add comp
2024-03-06 09:36:11,328 [INFO] IPUIPlugin:80 - create IPUIPlugin
2024-03-06 09:36:11,328 [INFO] PluginManager:220 - loadIPPluginJar : add cryp
2024-03-06 09:36:11,360 [INFO] IPUIPlugin:80 - create IPUIPlugin
2024-03-06 09:36:11,361 [INFO] PluginManager:220 - loadIPPluginJar : add dfsdm
2024-03-06 09:36:11,377 [INFO] IPUIPlugin:80 - create IPUIPlugin
2024-03-06 09:36:11,378 [INFO] PluginManager:220 - loadIPPluginJar : add dma
2024-03-06 09:36:11,431 [INFO] IPUIPlugin:80 - create IPUIPlugin
2024-03-06 09:36:11,432 [INFO] PluginManager:220 - loadIPPluginJar : add dma3
2024-03-06 09:36:11,456 [INFO] IPUIPlugin:80 - create IPUIPlugin
2024-03-06 09:36:11,456 [INFO] PluginManager:220 - loadIPPluginJar : add fatfs
2024-03-06 09:36:11,504 [INFO] IPUIPlugin:80 - create IPUIPlugin
2024-03-06 09:36:11,505 [INFO] PluginManager:220 - loadIPPluginJar : add fmc
2024-03-06 09:36:11,521 [INFO] IPUIPlugin:80 - create IPUIPlugin
2024-03-06 09:36:11,521 [INFO] PluginManager:220 - loadIPPluginJar : add freertos
2024-03-06 09:36:11,542 [INFO] IPUIPlugin:80 - create IPUIPlugin
2024-03-06 09:36:11,542 [INFO] PluginManager:220 - loadIPPluginJar : add genericplugin
2024-03-06 09:36:11,626 [INFO] IPUIPlugin:80 - create IPUIPlugin
2024-03-06 09:36:11,627 [INFO] PluginManager:220 - loadIPPluginJar : add gfxmmu
2024-03-06 09:36:11,742 [INFO] IPUIPlugin:80 - create IPUIPlugin
2024-03-06 09:36:11,742 [INFO] PluginManager:220 - loadIPPluginJar : add gic
2024-03-06 09:36:11,774 [INFO] IPUIPlugin:80 - create IPUIPlugin
2024-03-06 09:36:11,774 [INFO] PluginManager:220 - loadIPPluginJar : add gpio
2024-03-06 09:36:11,881 [INFO] IPUIPlugin:80 - create IPUIPlugin
2024-03-06 09:36:11,881 [INFO] PluginManager:220 - loadIPPluginJar : add gtzc
2024-03-06 09:36:11,945 [INFO] IPUIPlugin:80 - create IPUIPlugin
2024-03-06 09:36:11,945 [INFO] PluginManager:220 - loadIPPluginJar : add hash
2024-03-06 09:36:11,996 [INFO] IPUIPlugin:80 - create IPUIPlugin
2024-03-06 09:36:11,996 [INFO] PluginManager:220 - loadIPPluginJar : add i2c
2024-03-06 09:36:12,041 [INFO] IPUIPlugin:80 - create IPUIPlugin
2024-03-06 09:36:12,041 [INFO] PluginManager:220 - loadIPPluginJar : add i2s
2024-03-06 09:36:12,081 [INFO] IPUIPlugin:80 - create IPUIPlugin
2024-03-06 09:36:12,081 [INFO] PluginManager:220 - loadIPPluginJar : add i3c
2024-03-06 09:36:12,189 [INFO] IPUIPlugin:80 - create IPUIPlugin
2024-03-06 09:36:12,189 [INFO] PluginManager:220 - loadIPPluginJar : add ipddr
2024-03-06 09:36:12,276 [INFO] IPUIPlugin:80 - create IPUIPlugin
2024-03-06 09:36:12,276 [INFO] PluginManager:220 - loadIPPluginJar : add linkedlist
2024-03-06 09:36:12,309 [INFO] IPUIPlugin:80 - create IPUIPlugin
2024-03-06 09:36:12,309 [INFO] PluginManager:220 - loadIPPluginJar : add lorawan
2024-03-06 09:36:12,344 [INFO] IPUIPlugin:80 - create IPUIPlugin
2024-03-06 09:36:12,345 [INFO] PluginManager:220 - loadIPPluginJar : add ltdc
2024-03-06 09:36:12,358 [INFO] IPUIPlugin:80 - create IPUIPlugin
2024-03-06 09:36:12,358 [INFO] PluginManager:220 - loadIPPluginJar : add mdma
2024-03-06 09:36:12,370 [INFO] IPUIPlugin:80 - create IPUIPlugin
2024-03-06 09:36:12,370 [INFO] PluginManager:220 - loadIPPluginJar : add nvic
2024-03-06 09:36:12,418 [INFO] IPUIPlugin:80 - create IPUIPlugin
2024-03-06 09:36:12,418 [INFO] PluginManager:220 - loadIPPluginJar : add opamp
2024-03-06 09:36:12,498 [INFO] IPUIPlugin:80 - create IPUIPlugin
2024-03-06 09:36:12,498 [INFO] PluginManager:220 - loadIPPluginJar : add openamp
2024-03-06 09:36:12,543 [INFO] IPUIPlugin:80 - create IPUIPlugin
2024-03-06 09:36:12,543 [INFO] PluginManager:220 - loadIPPluginJar : add pdm2pcm
2024-03-06 09:36:12,558 [INFO] IPUIPlugin:80 - create IPUIPlugin
2024-03-06 09:36:12,561 [INFO] PluginManager:220 - loadIPPluginJar : add plateformsettings
2024-03-06 09:36:12,581 [INFO] IPUIPlugin:80 - create IPUIPlugin
2024-03-06 09:36:12,582 [INFO] PluginManager:220 - loadIPPluginJar : add quadspi
2024-03-06 09:36:12,594 [INFO] IPUIPlugin:80 - create IPUIPlugin
2024-03-06 09:36:12,594 [INFO] PluginManager:220 - loadIPPluginJar : add resmgrutility
2024-03-06 09:36:12,643 [INFO] IPUIPlugin:80 - create IPUIPlugin
2024-03-06 09:36:12,643 [INFO] PluginManager:220 - loadIPPluginJar : add sai
2024-03-06 09:36:12,681 [INFO] IPUIPlugin:80 - create IPUIPlugin
2024-03-06 09:36:12,681 [INFO] PluginManager:220 - loadIPPluginJar : add spi
2024-03-06 09:36:12,747 [INFO] IPUIPlugin:80 - create IPUIPlugin
2024-03-06 09:36:12,748 [INFO] PluginManager:220 - loadIPPluginJar : add stm32_wpan
2024-03-06 09:36:12,776 [INFO] IPUIPlugin:80 - create IPUIPlugin
2024-03-06 09:36:12,776 [INFO] PluginManager:220 - loadIPPluginJar : add tim
2024-03-06 09:36:12,835 [INFO] IPUIPlugin:80 - create IPUIPlugin
2024-03-06 09:36:12,835 [INFO] PluginManager:220 - loadIPPluginJar : add touchsensing
2024-03-06 09:36:12,856 [INFO] IPUIPlugin:80 - create IPUIPlugin
2024-03-06 09:36:12,857 [INFO] PluginManager:220 - loadIPPluginJar : add tracer_emb
2024-03-06 09:36:12,881 [INFO] IPUIPlugin:80 - create IPUIPlugin
2024-03-06 09:36:12,881 [INFO] PluginManager:220 - loadIPPluginJar : add ts
2024-03-06 09:36:12,902 [INFO] IPUIPlugin:80 - create IPUIPlugin
2024-03-06 09:36:12,902 [INFO] PluginManager:220 - loadIPPluginJar : add tsc
2024-03-06 09:36:12,923 [INFO] IPUIPlugin:80 - create IPUIPlugin
2024-03-06 09:36:12,923 [INFO] PluginManager:220 - loadIPPluginJar : add ucpd
2024-03-06 09:36:12,965 [INFO] IPUIPlugin:80 - create IPUIPlugin
2024-03-06 09:36:12,966 [INFO] PluginManager:220 - loadIPPluginJar : add usart
2024-03-06 09:36:13,006 [INFO] IPUIPlugin:80 - create IPUIPlugin
2024-03-06 09:36:13,007 [INFO] PluginManager:220 - loadIPPluginJar : add usbx
2024-03-06 09:36:13,135 [INFO] CADModel:165 - CPN selected for project level
2024-03-06 09:36:13,135 [INFO] CADModel:114 - Register for checkConnection events
2024-03-06 09:36:13,135 [FATAL] Updater:308 - Updater called before beeing initialized
2024-03-06 09:36:13,135 [ERROR] CADModel:125 - Updater not yet initialized, retry later 
2024-03-06 09:36:13,290 [INFO] CADModel:165 - CPN selected for project level
2024-03-06 09:36:13,290 [INFO] CADModel:114 - Register for checkConnection events
2024-03-06 09:36:13,290 [FATAL] Updater:308 - Updater called before beeing initialized
2024-03-06 09:36:13,290 [ERROR] CADModel:125 - Updater not yet initialized, retry later 
2024-03-06 09:36:13,293 [FATAL] Updater:308 - Updater called before beeing initialized
2024-03-06 09:36:13,405 [FATAL] Updater:308 - Updater called before beeing initialized
2024-03-06 09:36:13,413 [INFO] DbMcusAds:53 - JSON generation date=Wed Nov 29 16:22:27 IST 2023 (1701255147200)
2024-03-06 09:36:13,414 [FATAL] Updater:308 - Updater called before beeing initialized
2024-03-06 09:36:13,511 [WARN] DetailPanel:346 - Failed to get advertising image, set to default
2024-03-06 09:36:13,526 [INFO] ThirdPartyUpdaterWithRetryManager:70 - Updater plugin not ready yet. [2/15]
2024-03-06 09:36:13,636 [FATAL] Updater:308 - Updater called before beeing initialized
2024-03-06 09:36:13,639 [FATAL] Updater:308 - Updater called before beeing initialized
2024-03-06 09:36:13,640 [FATAL] Updater:308 - Updater called before beeing initialized
2024-03-06 09:36:13,640 [WARN] DetailPanel:346 - Failed to get advertising image, set to default
2024-03-06 09:36:13,640 [FATAL] Updater:308 - Updater called before beeing initialized
2024-03-06 09:36:13,699 [ERROR] Updater:1120 - MainUpdater not yet initialized. External WinMGr cannot be set.
2024-03-06 09:36:13,709 [INFO] Updater:1056 - Updater Version found : 6.10.0
2024-03-06 09:36:13,731 [INFO] ApplicationProperties:184 - Using Application install path: C:\Program Files\ST\STM32CubeIDE_1.14.0\STM32CubeIDE\plugins\com.st.stm32cube.common.mx_6.10.0.202311202037
2024-03-06 09:36:15,319 [ERROR] LogOutputStream:75 - [STDERR_REDIRECT] Mar 06, 2024 9:36:15 AM java.util.prefs.WindowsPreferences <init>
2024-03-06 09:36:15,324 [ERROR] LogOutputStream:75 - [STDERR_REDIRECT] WARNING: Could not open/create prefs root node Software\JavaSoft\Prefs at root 0xffffffff80000002. Windows RegCreateKeyEx(...) returned error code 5.
2024-03-06 09:36:15,324 [ERROR] LogOutputStream:75 - [STDERR_REDIRECT] 
2024-03-06 09:36:15,966 [INFO] MainUpdater:2873 - connection check result : 10
2024-03-06 09:36:15,967 [INFO] MainUpdater:3567 - Updater definition file requires update
2024-03-06 09:36:15,969 [INFO] MainUpdater:290 - Updater Check For Update Now.
2024-03-06 09:36:15,969 [INFO] MicroXplorer:498 - Change Database Version : DB.6.0.100
2024-03-06 09:36:16,008 [INFO] McuFinderGlobals:63 - Set McuFinder mode to 2 (CubeIDE integrated)
2024-03-06 09:36:16,527 [WARN] MainUpdater:1194 - Updater busy. Cannot search thirdparties
2024-03-06 09:36:16,528 [INFO] ThirdPartyUpdaterWithRetryManager:96 - Updater plugin is busy. [1/15]
2024-03-06 09:36:17,371 [INFO] UserAuth:404 - Internet connection configuration mode: 1
2024-03-06 09:36:17,423 [INFO] JxBrowserEngine:152 - Initiate JxBrowser Engine with user profile folder
2024-03-06 09:36:17,468 [INFO] ServerAccessManage:473 - Download File updaters.zip
2024-03-06 09:36:18,033 [INFO] FileExtend:240 - Unzip File : updaters.zip
2024-03-06 09:36:18,033 [INFO] FileExtend:255 - Standard Zip Deflate
2024-03-06 09:36:18,735 [INFO] ServerAccessManage:473 - Download File PacksControlFlags.xml
2024-03-06 09:36:19,019 [INFO] ServerAccessManage:473 - Download File cubemx.pidx
2024-03-06 09:36:19,529 [WARN] MainUpdater:1194 - Updater busy. Cannot search thirdparties
2024-03-06 09:36:19,529 [INFO] ThirdPartyUpdaterWithRetryManager:96 - Updater plugin is busy. [2/15]
2024-03-06 09:36:20,766 [INFO] ServerAccessManage:473 - Download File STMicroelectronics.X-CUBE-BLEMGR.pdsc
2024-03-06 09:36:21,109 [INFO] WebApp:161 - Instantiating new browser for Auth
2024-03-06 09:36:21,776 [INFO] WebApp:780 - Register for checkConnection events
2024-03-06 09:36:21,777 [INFO] WebApp:414 - Apply proxy settings
2024-03-06 09:36:21,777 [INFO] WebApp:499 - Chromium requires no authentication
2024-03-06 09:36:21,788 [INFO] WebApp:442 - Direct internet connection detected
2024-03-06 09:36:21,987 [INFO] WebApp:192 - Starting web application
2024-03-06 09:36:21,987 [INFO] WebApp:544 - Web application path used C:\Program Files\ST\STM32CubeIDE_1.14.0\STM32CubeIDE\plugins\com.st.stm32cube.common.mx_6.10.0.202311202037\db\plugins\mcufinder\reactClient1\index.html
2024-03-06 09:36:22,531 [WARN] MainUpdater:1194 - Updater busy. Cannot search thirdparties
2024-03-06 09:36:22,531 [INFO] ThirdPartyUpdaterWithRetryManager:96 - Updater plugin is busy. [3/15]
2024-03-06 09:36:25,532 [WARN] MainUpdater:1194 - Updater busy. Cannot search thirdparties
2024-03-06 09:36:25,532 [INFO] ThirdPartyUpdaterWithRetryManager:96 - Updater plugin is busy. [4/15]
2024-03-06 09:36:26,088 [INFO] ServerAccessManage:473 - Download File STMicroelectronics.X-CUBE-TOF1.pdsc
2024-03-06 09:36:28,532 [WARN] MainUpdater:1194 - Updater busy. Cannot search thirdparties
2024-03-06 09:36:28,532 [INFO] ThirdPartyUpdaterWithRetryManager:96 - Updater plugin is busy. [5/15]
2024-03-06 09:36:31,394 [ERROR] ServerAccessManage:1089 - Problem, file not found on Server
2024-03-06 09:36:31,534 [WARN] MainUpdater:1194 - Updater busy. Cannot search thirdparties
2024-03-06 09:36:31,534 [INFO] ThirdPartyUpdaterWithRetryManager:96 - Updater plugin is busy. [6/15]
2024-03-06 09:36:33,690 [ERROR] ServerAccessManage:1096 - Problem, Http access forbiden
2024-03-06 09:36:33,692 [ERROR] ServerAccessManage:651 - Problem, Http access forbiden : RoweBots.I-CUBE-UNISONRTOS.pdsc.
2024-03-06 09:36:33,937 [WARN] PackLoader:240 - Cannot read IP mode file for STMicroelectronics.X-CUBE-BLEMGR.3.1.0
2024-03-06 09:36:33,961 [WARN] PackLoader:240 - Cannot read IP mode file for STMicroelectronics.X-CUBE-TOF1.3.4.1
2024-03-06 09:36:33,981 [INFO] PopulateThirdPartyThread:66 - Ending populate Thread
2024-03-06 09:36:33,982 [INFO] ThirdParty:1030 - CMSIS Pack Vendor :STMicroelectronics X-CUBE-BLEMGR 3.1.0
2024-03-06 09:36:33,982 [INFO] ThirdParty:1030 - CMSIS Pack Vendor :STMicroelectronics X-CUBE-TOF1 3.4.1
2024-03-06 09:36:33,983 [INFO] LoadServerUpdatesThread:375 - End of LoadServerUpdate Thread
2024-03-06 09:36:34,068 [INFO] CheckServerUpdateThread:120 - End of CheckServer Thread
2024-03-06 09:36:34,078 [INFO] MainUpdater:2873 - connection check result : 10
2024-03-06 09:36:34,085 [INFO] MainUpdater:2873 - connection check result : 10
2024-03-06 09:36:34,250 [INFO] MicroXplorer:468 - Change Database Path : 
2024-03-06 09:36:34,250 [INFO] MicroXplorer:498 - Change Database Version : DB.6.0.100
2024-03-06 09:36:34,254 [WARN] ThirdParty:871 - waiting for thirdparty lock release [close project]
2024-03-06 09:36:34,730 [WARN] PackLoader:240 - Cannot read IP mode file for STMicroelectronics.X-CUBE-SMBUS.2.1.0
2024-03-06 09:36:34,742 [WARN] PackLoader:240 - Cannot read IP mode file for STMicroelectronics.X-CUBE-TOUCHGFX.4.23.0
2024-03-06 09:36:34,781 [WARN] PackLoader:240 - Cannot read IP mode file for STMicroelectronics.X-CUBE-AZRTOS-F7.1.1.0
2024-03-06 09:36:34,801 [WARN] PackLoader:240 - Cannot read IP mode file for STMicroelectronics.FP-SNS-MOTENV1.4.3.2
2024-03-06 09:36:34,809 [WARN] PackLoader:240 - Cannot read IP mode file for STMicroelectronics.FP-SNS-FLIGHT1.5.0.2
2024-03-06 09:36:34,825 [WARN] PackLoader:240 - Cannot read IP mode file for STMicroelectronics.X-CUBE-DISPLAY.3.0.0
2024-03-06 09:36:34,843 [WARN] PackLoader:240 - Cannot read IP mode file for STMicroelectronics.X-CUBE-BLE1.7.0.0
2024-03-06 09:36:34,856 [WARN] PackLoader:240 - Cannot read IP mode file for emotas.I-CUBE-CANOPEN.1.3.0
2024-03-06 09:36:34,867 [WARN] PackLoader:240 - Cannot read IP mode file for STMicroelectronics.X-CUBE-BLEMGR.3.1.0
2024-03-06 09:36:34,887 [WARN] PackLoader:240 - Cannot read IP mode file for STMicroelectronics.FP-SNS-SMARTAG2.1.2.0
2024-03-06 09:36:34,912 [INFO] LogOutputStream:77 - [STDOUT_REDIRECT] 1 : Invalid condition id : UX_CORESTACK_Condition cause : null
2024-03-06 09:36:34,914 [INFO] LogOutputStream:77 - [STDOUT_REDIRECT] 1 : Invalid condition id : UX_CORESTACK_Condition cause : null
2024-03-06 09:36:34,916 [INFO] LogOutputStream:77 - [STDOUT_REDIRECT] 1 : Invalid condition id : UX_CORESTACK_Condition cause : null
2024-03-06 09:36:34,918 [INFO] LogOutputStream:77 - [STDOUT_REDIRECT] 1 : Invalid condition id : UX_CORESTACK_Condition cause : null
2024-03-06 09:36:34,919 [INFO] LogOutputStream:77 - [STDOUT_REDIRECT] 1 : Invalid condition id : UX_CORESTACK_Condition cause : null
2024-03-06 09:36:34,924 [WARN] PackLoader:240 - Cannot read IP mode file for STMicroelectronics.X-CUBE-AZRTOS-WL.2.0.0
2024-03-06 09:36:34,942 [WARN] PackLoader:240 - Cannot read IP mode file for WES.I-CUBE-Cesium.1.3.0
2024-03-06 09:36:34,954 [WARN] PackLoader:240 - Cannot read IP mode file for STMicroelectronics.X-CUBE-BLE2.3.3.0
2024-03-06 09:36:34,969 [WARN] PackLoader:240 - Cannot read IP mode file for STMicroelectronics.X-CUBE-ALGOBUILD.1.3.0
2024-03-06 09:36:35,003 [WARN] PackLoader:240 - Cannot read IP mode file for STMicroelectronics.X-CUBE-AZRTOS-G0.1.1.0
2024-03-06 09:36:35,020 [WARN] PackLoader:240 - Cannot read IP mode file for STMicroelectronics.X-CUBE-NFC4.3.0.0
2024-03-06 09:36:35,036 [WARN] PackLoader:240 - Cannot read IP mode file for STMicroelectronics.X-CUBE-BLEMGR.3.0.0
2024-03-06 09:36:35,043 [WARN] PackLoader:240 - Cannot read IP mode file for STMicroelectronics.FP-ATR-SIGFOX1.3.2.0
2024-03-06 09:36:35,056 [WARN] PackLoader:240 - Cannot read IP mode file for STMicroelectronics.X-CUBE-EEPRMA1.5.1.0
2024-03-06 09:36:35,103 [WARN] PackLoader:240 - Cannot read IP mode file for SEGGER.I-CUBE-embOS.1.3.1
2024-03-06 09:36:35,161 [WARN] PackLoader:240 - Cannot read IP mode file for STMicroelectronics.X-CUBE-GNSS1.6.0.0
2024-03-06 09:36:35,191 [WARN] PackLoader:240 - Cannot read IP mode file for STMicroelectronics.X-CUBE-AZRTOS-F4.1.1.0
2024-03-06 09:36:35,205 [WARN] PackLoader:240 - Cannot read IP mode file for wolfSSL.I-CUBE-wolfSSL.5.6.6
2024-03-06 09:36:35,235 [WARN] PackLoader:240 - Cannot read IP mode file for STMicroelectronics.X-CUBE-AZRTOS-L5.2.0.0
2024-03-06 09:36:35,250 [WARN] PackLoader:240 - Cannot read IP mode file for STMicroelectronics.X-CUBE-EEPRMA1.4.2.0
2024-03-06 09:36:35,264 [WARN] PackLoader:240 - Cannot read IP mode file for ITTIA_DB.I-CUBE-ITTIADB.8.8.0
2024-03-06 09:36:35,275 [WARN] PackLoader:240 - Cannot read IP mode file for STMicroelectronics.X-CUBE-NFC7.1.0.1
2024-03-06 09:36:35,290 [WARN] PackLoader:240 - Cannot read IP mode file for STMicroelectronics.X-CUBE-NFC6.3.0.0
2024-03-06 09:36:35,302 [WARN] PackLoader:240 - Cannot read IP mode file for STMicroelectronics.X-CUBE-AI.8.1.0
2024-03-06 09:36:35,337 [WARN] ConditionMgr:438 - getConditionDescription Invalid condition id : LAN8742 Phy interface Condition cause : null
2024-03-06 09:36:35,337 [WARN] PackLoader:240 - Cannot read IP mode file for STMicroelectronics.X-CUBE-AZRTOS-L4.2.0.0
2024-03-06 09:36:35,340 [WARN] ConditionMgr:1039 - genDependencies : Invalid condition id : LAN8742 Phy interface Condition cause : null
2024-03-06 09:36:35,340 [WARN] ConditionMgr:1039 - genDependencies : Invalid condition id : LAN8742 Phy interface Condition cause : null
2024-03-06 09:36:35,341 [WARN] ConditionMgr:1039 - genDependencies : Invalid condition id : LAN8742 Phy interface Condition cause : null
2024-03-06 09:36:35,357 [WARN] PackLoader:240 - Cannot read IP mode file for STMicroelectronics.X-CUBE-SFXS2LP1.4.0.0
2024-03-06 09:36:35,380 [WARN] ConditionMgr:438 - getConditionDescription Invalid condition id : UX DEVICE CLASS RTOS Condition cause : null
2024-03-06 09:36:35,380 [WARN] ConditionMgr:438 - getConditionDescription Invalid condition id : UX DEVICE CLASS RTOS Condition cause : null
2024-03-06 09:36:35,382 [WARN] PackLoader:240 - Cannot read IP mode file for STMicroelectronics.X-CUBE-AZRTOS-WB.2.0.0
2024-03-06 09:36:35,382 [WARN] ConditionMgr:1039 - genDependencies : Invalid condition id : UX DEVICE CLASS RTOS Condition cause : null
2024-03-06 09:36:35,382 [WARN] ConditionMgr:1039 - genDependencies : Invalid condition id : UX DEVICE CLASS RTOS Condition cause : null
2024-03-06 09:36:35,383 [WARN] ConditionMgr:1039 - genDependencies : Invalid condition id : UX DEVICE CLASS RTOS Condition cause : null
2024-03-06 09:36:35,383 [WARN] ConditionMgr:1039 - genDependencies : Invalid condition id : UX DEVICE CLASS RTOS Condition cause : null
2024-03-06 09:36:35,383 [WARN] ConditionMgr:1039 - genDependencies : Invalid condition id : UX DEVICE CLASS RTOS Condition cause : null
2024-03-06 09:36:35,403 [WARN] PackLoader:240 - Cannot read IP mode file for STMicroelectronics.X-CUBE-SUBG2.5.0.0
2024-03-06 09:36:35,433 [WARN] PackLoader:240 - Cannot read IP mode file for STMicroelectronics.X-CUBE-AZRTOS-G4.2.0.0
2024-03-06 09:36:35,455 [WARN] PackLoader:240 - Cannot read IP mode file for Infineon.AIROC-Wi-Fi-Bluetooth-STM32.1.5.1
2024-03-06 09:36:35,463 [WARN] PackLoader:240 - Cannot read IP mode file for STMicroelectronics.FP-SNS-MOTENVWB1.1.3.1
2024-03-06 09:36:35,474 [WARN] PackLoader:240 - Cannot read IP mode file for STMicroelectronics.X-CUBE-ISPU.2.0.0
2024-03-06 09:36:35,520 [WARN] PackLoader:240 - Cannot read IP mode file for STMicroelectronics.X-CUBE-MEMS1.10.0.0
2024-03-06 09:36:35,644 [WARN] PackLoader:240 - Cannot read IP mode file for STMicroelectronics.X-CUBE-FREERTOS.1.1.0
2024-03-06 09:36:35,656 [WARN] PackLoader:240 - Cannot read IP mode file for portGmbH.I-Cube-SoM-uGOAL.1.1.0
2024-03-06 09:36:35,668 [WARN] PackLoader:240 - Cannot read IP mode file for STMicroelectronics.X-CUBE-ALS.1.0.1
2024-03-06 09:36:35,674 [WARN] PackLoader:240 - Cannot read IP mode file for STMicroelectronics.FP-ATR-ASTRA1.2.0.0
2024-03-06 09:36:35,694 [WARN] PackLoader:240 - Cannot read IP mode file for STMicroelectronics.X-CUBE-TOF1.3.4.0
2024-03-06 09:36:35,720 [WARN] PackLoader:240 - Cannot read IP mode file for STMicroelectronics.X-CUBE-TOF1.3.4.1
2024-03-06 09:36:35,763 [WARN] PackLoader:240 - Cannot read IP mode file for STMicroelectronics.X-CUBE-AZRTOS-H7.3.2.0
2024-03-06 09:36:35,765 [INFO] ThirdParty:978 - Integrity check success = true
2024-03-06 09:36:35,765 [INFO] IntegrityCheckThread:100 - exiting critical section [integrity check]
2024-03-06 09:36:35,765 [INFO] IntegrityCheckThread:103 - End integrity checks thread
2024-03-06 09:36:35,766 [INFO] ThirdParty:873 - entering critical section [close project]
2024-03-06 09:36:35,766 [INFO] ThirdParty:883 - exiting critical section [close project]
2024-03-06 09:36:35,767 [INFO] PinOutPanel:1499 - setPackage(No Configuration,No Configuration)
2024-03-06 09:36:35,770 [INFO] UtilMem:75 - Begin LoadConfig() Used Memory: 168201176 Bytes (358612992)
2024-03-06 09:36:35,771 [INFO] MicroXplorer:468 - Change Database Path : 
2024-03-06 09:36:35,771 [INFO] MicroXplorer:498 - Change Database Version : DB.6.0.100
2024-03-06 09:36:35,772 [INFO] OpenFileManager:312 - Change cursor
2024-03-06 09:36:35,811 [INFO] Mcu:2016 - Initializing MCU STM32F401C(B-C)Ux STM32F401CCUx STM32F401CCU6
2024-03-06 09:36:37,112 [INFO] Context:659 - Trying to add GPIOservice into a context  which must be forbidden
2024-03-06 09:36:37,560 [INFO] RtosManager:555 - Registered RTOS mode: class=CMSIS, group=RTOS, mode=CMSIS_V1, owner=FREERTOS
2024-03-06 09:36:37,560 [INFO] RtosManager:555 - Registered RTOS mode: class=CMSIS, group=RTOS2, mode=CMSIS_V2, owner=FREERTOS
2024-03-06 09:36:37,560 [INFO] RtosManager:555 - Registered RTOS mode: class=RTOS, group=Core, mode=CMSIS_V1, owner=FREERTOS
2024-03-06 09:36:37,560 [INFO] RtosManager:555 - Registered RTOS mode: class=RTOS, group=Core, mode=CMSIS_V2, owner=FREERTOS
2024-03-06 09:36:37,560 [WARN] ModelIntegratedComponent:184 - Missing modes for component STMicroelectronics:FreeRTOS:0.0.1:STMicroelectronics:RTOS:FreeRTOS:Core:::10.2.0:
2024-03-06 09:36:37,566 [WARN] ModelIntegratedComponent:182 - Modes not found for component STMicroelectronics:USB_HOST:1.0.0:STMicroelectronics:USB::USB Host:Audio HS::1.0:USB_HOST_1_0_RESTRICTED_HS
2024-03-06 09:36:37,567 [WARN] ModelIntegratedComponent:188 - Modes not found for component STMicroelectronics:USB_HOST:1.0.0:STMicroelectronics:USB::USB Host:Audio HS::1.0:USB_HOST_1_0_RESTRICTED_HS
2024-03-06 09:36:37,567 [WARN] ModelIntegratedComponent:182 - Modes not found for component STMicroelectronics:USB_HOST:1.0.0:STMicroelectronics:USB::USB Host:CDC HS::1.0:USB_HOST_1_0_RESTRICTED_HS
2024-03-06 09:36:37,567 [WARN] ModelIntegratedComponent:188 - Modes not found for component STMicroelectronics:USB_HOST:1.0.0:STMicroelectronics:USB::USB Host:CDC HS::1.0:USB_HOST_1_0_RESTRICTED_HS
2024-03-06 09:36:37,567 [WARN] ModelIntegratedComponent:182 - Modes not found for component STMicroelectronics:USB_HOST:1.0.0:STMicroelectronics:USB::USB Host:MSC HS::1.0:USB_HOST_1_0_RESTRICTED_HS
2024-03-06 09:36:37,567 [WARN] ModelIntegratedComponent:188 - Modes not found for component STMicroelectronics:USB_HOST:1.0.0:STMicroelectronics:USB::USB Host:MSC HS::1.0:USB_HOST_1_0_RESTRICTED_HS
2024-03-06 09:36:37,567 [WARN] ModelIntegratedComponent:182 - Modes not found for component STMicroelectronics:USB_HOST:1.0.0:STMicroelectronics:USB::USB Host:HID HS::1.0:USB_HOST_1_0_RESTRICTED_HS
2024-03-06 09:36:37,567 [WARN] ModelIntegratedComponent:188 - Modes not found for component STMicroelectronics:USB_HOST:1.0.0:STMicroelectronics:USB::USB Host:HID HS::1.0:USB_HOST_1_0_RESTRICTED_HS
2024-03-06 09:36:37,567 [WARN] ModelIntegratedComponent:182 - Modes not found for component STMicroelectronics:USB_HOST:1.0.0:STMicroelectronics:USB::USB Host:MTP HS::1.0:USB_HOST_1_0_RESTRICTED_HS
2024-03-06 09:36:37,567 [WARN] ModelIntegratedComponent:188 - Modes not found for component STMicroelectronics:USB_HOST:1.0.0:STMicroelectronics:USB::USB Host:MTP HS::1.0:USB_HOST_1_0_RESTRICTED_HS
2024-03-06 09:36:37,577 [WARN] ModelIntegratedComponent:63 - No mode defined for component null
2024-03-06 09:36:37,577 [WARN] ModelIntegratedComponent:63 - No mode defined for component null
2024-03-06 09:36:37,577 [WARN] ModelIntegratedComponent:63 - No mode defined for component null
2024-03-06 09:36:37,578 [WARN] ModelIntegratedComponent:63 - No mode defined for component null
2024-03-06 09:36:37,578 [WARN] ModelIntegratedComponent:63 - No mode defined for component null
2024-03-06 09:36:37,578 [WARN] ModelIntegratedComponent:63 - No mode defined for component null
2024-03-06 09:36:37,578 [WARN] ModelIntegratedComponent:63 - No mode defined for component null
2024-03-06 09:36:37,578 [WARN] ModelIntegratedComponent:63 - No mode defined for component null
2024-03-06 09:36:37,578 [WARN] ModelIntegratedComponent:63 - No mode defined for component null
2024-03-06 09:36:37,578 [WARN] ModelIntegratedComponent:63 - No mode defined for component null
2024-03-06 09:36:37,578 [WARN] ModelIntegratedComponent:63 - No mode defined for component null
2024-03-06 09:36:37,578 [WARN] ModelIntegratedComponent:63 - No mode defined for component null
2024-03-06 09:36:37,578 [WARN] ModelIntegratedComponent:63 - No mode defined for component null
2024-03-06 09:36:37,578 [WARN] ModelIntegratedComponent:63 - No mode defined for component null
2024-03-06 09:36:37,578 [WARN] ModelIntegratedComponent:63 - No mode defined for component null
2024-03-06 09:36:37,578 [WARN] ModelIntegratedComponent:63 - No mode defined for component null
2024-03-06 09:36:37,578 [WARN] ModelIntegratedComponent:63 - No mode defined for component null
2024-03-06 09:36:37,578 [WARN] ModelIntegratedComponent:63 - No mode defined for component null
2024-03-06 09:36:37,578 [WARN] ModelIntegratedComponent:63 - No mode defined for component null
2024-03-06 09:36:37,578 [WARN] ModelIntegratedComponent:63 - No mode defined for component null
2024-03-06 09:36:37,579 [WARN] ModelIntegratedComponent:63 - No mode defined for component null
2024-03-06 09:36:37,579 [WARN] ModelIntegratedComponent:63 - No mode defined for component null
2024-03-06 09:36:37,579 [WARN] ModelIntegratedComponent:63 - No mode defined for component null
2024-03-06 09:36:37,579 [WARN] ModelIntegratedComponent:63 - No mode defined for component null
2024-03-06 09:36:37,579 [WARN] ModelIntegratedComponent:63 - No mode defined for component null
2024-03-06 09:36:37,579 [WARN] ModelIntegratedComponent:63 - No mode defined for component null
2024-03-06 09:36:37,579 [WARN] ModelIntegratedComponent:63 - No mode defined for component null
2024-03-06 09:36:37,579 [WARN] ModelIntegratedComponent:63 - No mode defined for component null
2024-03-06 09:36:37,579 [WARN] ModelIntegratedComponent:63 - No mode defined for component null
2024-03-06 09:36:37,579 [WARN] ModelIntegratedComponent:63 - No mode defined for component null
2024-03-06 09:36:37,579 [WARN] ModelIntegratedComponent:63 - No mode defined for component null
2024-03-06 09:36:37,579 [WARN] ModelIntegratedComponent:63 - No mode defined for component null
2024-03-06 09:36:37,579 [WARN] ModelIntegratedComponent:63 - No mode defined for component null
2024-03-06 09:36:37,767 [WARN] ModelIntegratedComponent:182 - Modes not found for component STMicroelectronics:USB_DEVICE:1.0.0:STMicroelectronics:USB::USB Device:Audio HS::1.0:USB_DEVICE_1_0_RESTRICTED_HS
2024-03-06 09:36:37,767 [WARN] ModelIntegratedComponent:188 - Modes not found for component STMicroelectronics:USB_DEVICE:1.0.0:STMicroelectronics:USB::USB Device:Audio HS::1.0:USB_DEVICE_1_0_RESTRICTED_HS
2024-03-06 09:36:37,767 [WARN] ModelIntegratedComponent:182 - Modes not found for component STMicroelectronics:USB_DEVICE:1.0.0:STMicroelectronics:USB::USB Device:CDC HS::1.0:USB_DEVICE_1_0_RESTRICTED_HS
2024-03-06 09:36:37,767 [WARN] ModelIntegratedComponent:188 - Modes not found for component STMicroelectronics:USB_DEVICE:1.0.0:STMicroelectronics:USB::USB Device:CDC HS::1.0:USB_DEVICE_1_0_RESTRICTED_HS
2024-03-06 09:36:37,767 [WARN] ModelIntegratedComponent:182 - Modes not found for component STMicroelectronics:USB_DEVICE:1.0.0:STMicroelectronics:USB::USB Device:DFU HS::1.0:USB_DEVICE_1_0_RESTRICTED_HS
2024-03-06 09:36:37,767 [WARN] ModelIntegratedComponent:188 - Modes not found for component STMicroelectronics:USB_DEVICE:1.0.0:STMicroelectronics:USB::USB Device:DFU HS::1.0:USB_DEVICE_1_0_RESTRICTED_HS
2024-03-06 09:36:37,767 [WARN] ModelIntegratedComponent:182 - Modes not found for component STMicroelectronics:USB_DEVICE:1.0.0:STMicroelectronics:USB::USB Device:HID HS::1.0:USB_DEVICE_1_0_RESTRICTED_HS
2024-03-06 09:36:37,767 [WARN] ModelIntegratedComponent:188 - Modes not found for component STMicroelectronics:USB_DEVICE:1.0.0:STMicroelectronics:USB::USB Device:HID HS::1.0:USB_DEVICE_1_0_RESTRICTED_HS
2024-03-06 09:36:37,767 [WARN] ModelIntegratedComponent:182 - Modes not found for component STMicroelectronics:USB_DEVICE:1.0.0:STMicroelectronics:USB::USB Device:Custom HID HS::1.0:USB_DEVICE_1_0_RESTRICTED_HS
2024-03-06 09:36:37,767 [WARN] ModelIntegratedComponent:188 - Modes not found for component STMicroelectronics:USB_DEVICE:1.0.0:STMicroelectronics:USB::USB Device:Custom HID HS::1.0:USB_DEVICE_1_0_RESTRICTED_HS
2024-03-06 09:36:37,767 [WARN] ModelIntegratedComponent:182 - Modes not found for component STMicroelectronics:USB_DEVICE:1.0.0:STMicroelectronics:USB::USB Device:MSC HS::1.0:USB_DEVICE_1_0_RESTRICTED_HS
2024-03-06 09:36:37,768 [WARN] ModelIntegratedComponent:188 - Modes not found for component STMicroelectronics:USB_DEVICE:1.0.0:STMicroelectronics:USB::USB Device:MSC HS::1.0:USB_DEVICE_1_0_RESTRICTED_HS
2024-03-06 09:36:37,797 [INFO] ThirdPartyModel:298 - Start build external matchings
2024-03-06 09:36:38,151 [INFO] ThirdPartyModel:316 - End build external matchings
2024-03-06 09:36:38,396 [INFO] UtilMem:75 - End LoadConfig() Used Memory: 210981688 Bytes (358612992)
2024-03-06 09:36:38,527 [INFO] ApiDb:581 - Connected to CubeFinder SQLite database (C:\Users\adith\.stmcufinder\plugins\mcufinder\mcu\cube-finder-db.db)
2024-03-06 09:36:38,633 [INFO] ApiDb:668 - CubeFinder database Data Model version=2.1
2024-03-06 09:36:38,634 [INFO] ApiDb:669 - CubeFinder database Configuration version=3.0.39
2024-03-06 09:36:38,634 [INFO] ApiDb:670 - CubeFinder database generation date=2024-01-11 (1704964531)
2024-03-06 09:36:38,634 [INFO] ApiDb:671 - CubeFinder database FW Pack versions=[FP-ATR-ASTRA1_V2.0.0, FP-SNS-FLIGHT1_V5.0.1, FP-SNS-FLIGHT1_V5.0.2, FP-SNS-MOTENV1_V4.3.1, FP-SNS-MOTENV1_V4.3.2, FP-SNS-MOTENVWB1_V1.3.1, FP-SNS-SMARTAG2_V1.2.0, STM32Cube_FW_C0_V1.1.0, STM32Cube_FW_F4_V1.28.0, STM32Cube_FW_F7_V1.17.0, STM32Cube_FW_G0_V1.6.2, STM32Cube_FW_G4_V1.5.2, STM32Cube_FW_H5_V0.5.1, STM32Cube_FW_H5_V1.1.1, STM32Cube_FW_H5_V1.2.0RC2, STM32Cube_FW_H7_V1.11.0, STM32Cube_FW_L0_V1.12.2, STM32Cube_FW_L5_V1.5.0, STM32Cube_FW_U5_V1.3.0RC4, STM32Cube_FW_U5_V1.4.0, STM32Cube_FW_WBA_V1.0.0RC1, STM32Cube_FW_WBA_V1.1.0RC1, STM32Cube_FW_WBA_V1.2.0, STM32Cube_FW_WBA_V1.2.0RC2, STM32Cube_FW_WB_V1.15.0RC1, STM32Cube_FW_WB_V1.16.0, STM32Cube_FW_WB_V1.16.0RC2, STM32Cube_FW_WB_V1.18.0, STM32Cube_FW_WL_V1.3.0, X-CUBE-ALGOBUILD_V1.3.0, X-CUBE-ALS_V1.0.1, X-CUBE-AZRTOS-F4_V1.1.0, X-CUBE-AZRTOS-F7_V1.1.0, X-CUBE-AZRTOS-G0_V1.1.0, X-CUBE-AZRTOS-G4_V2.0.0, X-CUBE-AZRTOS-H7_V3.2.0, X-CUBE-AZRTOS-L4_V1.0.0, X-CUBE-AZRTOS-L4_V2.0.0, X-CUBE-AZRTOS-L5_V1.1.0, X-CUBE-AZRTOS-WB_V2.0.0, X-CUBE-AZRTOS-WL_V2.0.0, X-CUBE-BLE1_V7.0.0, X-CUBE-BLE2_V3.3.0, X-CUBE-BLEMGR_V3.0.0, X-CUBE-EEPRMA1_V4.1.0, X-CUBE-EEPRMA1_V4.2.0, X-CUBE-FREERTOS_V1.1.0, X-CUBE-GNSS1_V6.0.0, X-CUBE-MEMS1_V10.0.0, X-CUBE-MEMS1_V9.1.0, X-CUBE-MEMS1_V9.4.0, X-CUBE-MEMS1_V9.6.0, X-CUBE-NFC4_V3.0.0, X-CUBE-NFC7_V1.0.1, X-CUBE-SFXS2LP1_V4.0.0, X-CUBE-SUBG2_V5.0.0, X-CUBE-TOF1_V3.4.0]
2024-03-06 09:36:42,211 [INFO] ApiDb:240 - Found 371 in-development CPN: [B-G473E-ZEST1S, B-WB1M-WPAN1, B-WL5M-SUBG1, NUCLEO-C031C6, NUCLEO-H503RB, NUCLEO-H563ZI, NUCLEO-U545RE-Q, NUCLEO-U5A5ZJ-Q, NUCLEO-WBA52CG, NUCLEO-WBA55CG, STEVAL-MKBOXPRO, STEVAL-PROTEUS1, STEVAL-STWINBX1, STM320518-EVAL, STM32C0116-DK, STM32C011D6Y3TR, STM32C011D6Y6TR, STM32C011F4P3, STM32C011F4P6, STM32C011F4U3, STM32C011F4U6TR, STM32C011F6P3, STM32C011F6P6, STM32C011F6U3, STM32C011F6U6TR, STM32C011J4M3, STM32C011J4M6, STM32C011J6M3, STM32C011J6M6, STM32C0316-DK, STM32C031C4T3, STM32C031C4T6, STM32C031C4U3, STM32C031C4U6, STM32C031C6T3, STM32C031C6T6, STM32C031C6U3, STM32C031C6U6, STM32C031F4P3, STM32C031F4P6, STM32C031F6P3, STM32C031F6P6, STM32C031G4U3, STM32C031G4U6, STM32C031G6U3, STM32C031G6U6, STM32C031K4T3, STM32C031K4T6, STM32C031K4U3, STM32C031K4U6, STM32C031K6T3, STM32C031K6T6, STM32C031K6U3, STM32C031K6U6, STM32G071K8TXN, STM32G071K8UXN, STM32G081GBU6N, STM32G081KBT6N, STM32G081KBUXN, STM32G0B1CCT6N, STM32G0B1KCT6, STM32G0B1NEY6TR, STM32G0B1RCT6N, STM32G0C1CCT6, STM32G0C1CCT6N, STM32G0C1CCU6N, STM32G0C1CET6N, STM32G0C1CEU6N, STM32G0C1KCT6, STM32G0C1NEY6TR, STM32G0C1RCI6N, STM32G0C1RCT6N, STM32G0C1REI6N, STM32G0C1RET6N, STM32G0C1VCI6, STM32G0C1VEI6, STM32G471CCT6, STM32G471CCU6, STM32G471CET3, STM32G471CET6, STM32G471CEU3, STM32G471CEU6, STM32G471MCT6, STM32G471MET3, STM32G471MET6, STM32G471MEY6TR, STM32G471QCT6, STM32G471QET3, STM32G471RCT6, STM32G471RET3, STM32G471RET6, STM32G471VCH6, STM32G471VCI6, STM32G471VCT6, STM32G471VEH3, STM32G471VEH6, STM32G471VEI3, STM32G471VEI6, STM32G471VET3, STM32G471VET6, STM32G474CCT6, STM32H503CBT6, STM32H503CBU6, STM32H503EBY6TR, STM32H503KBU6, STM32H503RBT6, STM32H562AGI6, STM32H562AII6, STM32H562IGK6, STM32H562IGT6, STM32H562IIK6, STM32H562IIT6, STM32H562RGT6, STM32H562RGV6, STM32H562RIT6, STM32H562RIV6, STM32H562VGT6, STM32H562VIT6, STM32H562ZGT6, STM32H562ZIT6, STM32H563AGI6, STM32H563AII3Q, STM32H563AII6, STM32H563IGK6, STM32H563IGT6, STM32H563IIK3Q, STM32H563IIK6, STM32H563IIT3Q, STM32H563IIT6, STM32H563MIY3QTR, STM32H563RGT6, STM32H563RGV6, STM32H563RIT6, STM32H563RIV6, STM32H563VGT6, STM32H563VIT3Q, STM32H563VIT6, STM32H563ZGT6, STM32H563ZIT3Q, STM32H563ZIT6, STM32H573AII3Q, STM32H573AII6, STM32H573I-DK, STM32H573IIK3Q, STM32H573IIK6, STM32H573IIT3Q, STM32H573IIT6, STM32H573MIY3QTR, STM32H573RIT6, STM32H573RIV6, STM32H573VIT3Q, STM32H573VIT6, STM32H573ZIT3Q, STM32H573ZIT6, STM32L4R5QGI6STR, STM32MP131AAE3, STM32MP131AAF3, STM32MP131AAG3, STM32MP131CAE3, STM32MP131CAF3, STM32MP131CAG3, STM32MP131DAE7, STM32MP131DAF7, STM32MP131DAG7, STM32MP131FAE7, STM32MP131FAF7, STM32MP131FAG7, STM32MP133AAE3, STM32MP133AAF3, STM32MP133AAG3, STM32MP133CAE3, STM32MP133CAF3, STM32MP133CAG3, STM32MP133DAE7, STM32MP133DAF7, STM32MP133DAG7, STM32MP133FAE7, STM32MP133FAF7, STM32MP133FAG7, STM32MP135AAE3, STM32MP135AAF3, STM32MP135AAG3, STM32MP135CAE3, STM32MP135CAF3, STM32MP135CAG3, STM32MP135DAE7, STM32MP135DAF7, STM32MP135DAG7, STM32MP135F-DK, STM32MP135FAE7, STM32MP135FAF7, STM32MP135FAF7T, STM32MP135FAF7U, STM32MP135FAG7, STM32U535CBT6, STM32U535CBT6Q, STM32U535CBU6, STM32U535CBU6Q, STM32U535CCT6, STM32U535CCT6Q, STM32U535CCU6, STM32U535CCU6Q, STM32U535CET6, STM32U535CET6Q, STM32U535CEU6, STM32U535CEU6Q, STM32U535JEY6QTR, STM32U535NCY6QTR, STM32U535NEY6QTR, STM32U535RBI6, STM32U535RBI6Q, STM32U535RBT6, STM32U535RBT6Q, STM32U535RCI6, STM32U535RCI6Q, STM32U535RCT6, STM32U535RCT6Q, STM32U535REI6, STM32U535REI6Q, STM32U535RET6, STM32U535RET6Q, STM32U535VCI6, STM32U535VCI6Q, STM32U535VCT6, STM32U535VCT6Q, STM32U535VEI6, STM32U535VEI6Q, STM32U535VET6, STM32U535VET6Q, STM32U545CET6, STM32U545CET6Q, STM32U545CEU6, STM32U545CEU6Q, STM32U545JEY6QTR, STM32U545NEY6QTR, STM32U545REI6, STM32U545REI6Q, STM32U545RET6, STM32U545RET6Q, STM32U545VEI6, STM32U545VEI6Q, STM32U545VET6, STM32U545VET6Q, STM32U595AIH6, STM32U595AIH6Q, STM32U595AJH6, STM32U595AJH6Q, STM32U595QII6, STM32U595QII6Q, STM32U595QJI6, STM32U595QJI6Q, STM32U595RIT6, STM32U595RIT6Q, STM32U595RJT6, STM32U595RJT6Q, STM32U595VIT6, STM32U595VIT6Q, STM32U595VJT6, STM32U595VJT6Q, STM32U595ZIT6, STM32U595ZIT6Q, STM32U595ZIY6QTR, STM32U595ZJT6, STM32U595ZJT6Q, STM32U595ZJY6QTR, STM32U599BJY6QTR, STM32U599NIH6Q, STM32U599NJH6Q, STM32U599VIT6Q, STM32U599VJT6, STM32U599VJT6Q, STM32U599ZIT6Q, STM32U599ZIY6QTR, STM32U599ZJT6Q, STM32U599ZJY6QTR, STM32U5A5AJH6, STM32U5A5AJH6Q, STM32U5A5QJI6, STM32U5A5QJI6Q, STM32U5A5RJT6, STM32U5A5RJT6Q, STM32U5A5VJT6, STM32U5A5VJT6Q, STM32U5A5ZJT6, STM32U5A5ZJT6Q, STM32U5A5ZJY6QTR, STM32U5A9BJY6QTR, STM32U5A9J-DK, STM32U5A9NJH6Q, STM32U5A9VJT6Q, STM32U5A9ZJT6Q, STM32U5A9ZJY6QTR, STM32U5F7VIT6, STM32U5F7VIT6Q, STM32U5F7VJT6, STM32U5F7VJT6Q, STM32U5F9BJY6QTR, STM32U5F9NJH6Q, STM32U5F9VIT6Q, STM32U5F9VJT6Q, STM32U5F9ZIJ6QTR, STM32U5F9ZIT6Q, STM32U5F9ZJJ6QTR, STM32U5F9ZJT6Q, STM32U5G7VJT6, STM32U5G7VJT6Q, STM32U5G9BJY6QTR, STM32U5G9J-DK1, STM32U5G9J-DK2, STM32U5G9NJH6Q, STM32U5G9VJT6Q, STM32U5G9ZJJ6QTR, STM32U5G9ZJT6Q, STM32WB1MMCH6, STM32WBA50KEU6, STM32WBA50KEU6TR, STM32WBA50KGU6, STM32WBA50KGU6TR, STM32WBA52CEU6, STM32WBA52CEU6TR, STM32WBA52CEU7, STM32WBA52CEU7TR, STM32WBA52CGU6, STM32WBA52CGU6TR, STM32WBA52CGU6U, STM32WBA52CGU7, STM32WBA52CGU7TR, STM32WBA52KEU6, STM32WBA52KEU6TR, STM32WBA52KGU6, STM32WBA52KGU6TR, STM32WBA54CEU6, STM32WBA54CEU6TR, STM32WBA54CEU7, STM32WBA54CEU7TR, STM32WBA54CGU6, STM32WBA54CGU6TR, STM32WBA54CGU7, STM32WBA54CGU7TR, STM32WBA54KEU6, STM32WBA54KEU6TR, STM32WBA54KEU7, STM32WBA54KEU7TR, STM32WBA54KGU6, STM32WBA54KGU6TR, STM32WBA54KGU7, STM32WBA54KGU7TR, STM32WBA55CEU6, STM32WBA55CEU6TR, STM32WBA55CEU7, STM32WBA55CEU7TR, STM32WBA55CGU6, STM32WBA55CGU6TR, STM32WBA55CGU6U, STM32WBA55CGU7, STM32WBA55CGU7TR, STM32WBA55G-DK1, STM32WBA55HEF6, STM32WBA55HEF7, STM32WBA55HGF6, STM32WBA55HGF7, STM32WBA55UEI6, STM32WBA55UEI6TR, STM32WBA55UEI7, STM32WBA55UEI7TR, STM32WBA55UGI6, STM32WBA55UGI6TR, STM32WBA55UGI7, STM32WBA55UGI7TR, STM32WL5MOCH6, STM32WL5MOCH6TR]
2024-03-06 09:36:42,216 [INFO] DbMcus:218 - Found 3930 MCUs, 3930 are supported
2024-03-06 09:36:42,217 [INFO] ApiDb:423 - Load user favorites file C:\Users\adith/.stm32cubeide/favorites.mcus.txt: 0 item(s)
2024-03-06 09:36:42,217 [INFO] ApiDb:427 - User favorites MCUs=[]
2024-03-06 09:36:42,217 [INFO] DbMcus:224 - Set 0 / 0 favorites MCUs
2024-03-06 09:36:42,729 [ERROR] LogOutputStream:75 - [STDERR_REDIRECT] SLF4J: Failed to load class "org.slf4j.impl.StaticLoggerBinder".
2024-03-06 09:36:42,730 [ERROR] LogOutputStream:75 - [STDERR_REDIRECT] SLF4J: Defaulting to no-operation (NOP) logger implementation
2024-03-06 09:36:42,732 [ERROR] LogOutputStream:75 - [STDERR_REDIRECT] SLF4J: See http://www.slf4j.org/codes.html#StaticLoggerBinder for further details.
2024-03-06 09:36:42,821 [INFO] MicroXplorer:468 - Change Database Path : 
2024-03-06 09:36:42,821 [INFO] MicroXplorer:498 - Change Database Version : DB.6.0.100
2024-03-06 09:36:42,821 [WARN] ThirdParty:833 - waiting for thirdparty lock release [change project]
2024-03-06 09:36:42,822 [INFO] ThirdParty:835 - entering critical section [change project]
2024-03-06 09:36:42,822 [INFO] ThirdParty:1030 - CMSIS Pack Vendor :STMicroelectronics USBPD 4.1
2024-03-06 09:36:42,822 [INFO] ThirdParty:1030 - CMSIS Pack Vendor :STMicroelectronics X-CUBE-GNSS1 6.0.0
2024-03-06 09:36:42,822 [INFO] ThirdParty:1030 - CMSIS Pack Vendor :STMicroelectronics USB_HOST 2.0.0
2024-03-06 09:36:42,822 [INFO] ThirdParty:1030 - CMSIS Pack Vendor :STMicroelectronics X-CUBE-AZRTOS-F4 1.1.0
2024-03-06 09:36:42,822 [INFO] ThirdParty:1030 - CMSIS Pack Vendor :STMicroelectronics LIBJPEG 8.0.0
2024-03-06 09:36:42,822 [INFO] ThirdParty:1030 - CMSIS Pack Vendor :STMicroelectronics X-CUBE-SMBUS 2.1.0
2024-03-06 09:36:42,822 [INFO] ThirdParty:1030 - CMSIS Pack Vendor :STMicroelectronics USB_DEVICE 3.0.0
2024-03-06 09:36:42,822 [INFO] ThirdParty:1030 - CMSIS Pack Vendor :STMicroelectronics X-CUBE-AZRTOS-WB 2.0.0
2024-03-06 09:36:42,822 [INFO] ThirdParty:1030 - CMSIS Pack Vendor :wolfSSL I-CUBE-wolfSSL 5.6.6
2024-03-06 09:36:42,822 [INFO] ThirdParty:1030 - CMSIS Pack Vendor :STMicroelectronics X-CUBE-TOUCHGFX 4.23.0
2024-03-06 09:36:42,822 [INFO] ThirdParty:1030 - CMSIS Pack Vendor :STMicroelectronics X-CUBE-AZRTOS-F7 1.1.0
2024-03-06 09:36:42,822 [INFO] ThirdParty:1030 - CMSIS Pack Vendor :STMicroelectronics X-CUBE-AZRTOS-L5 2.0.0
2024-03-06 09:36:42,822 [INFO] ThirdParty:1030 - CMSIS Pack Vendor :STMicroelectronics USB_DEVICE 2.0.0
2024-03-06 09:36:42,823 [INFO] ThirdParty:1030 - CMSIS Pack Vendor :STMicroelectronics X-CUBE-EEPRMA1 4.2.0
2024-03-06 09:36:42,823 [INFO] ThirdParty:1030 - CMSIS Pack Vendor :ITTIA_DB I-CUBE-ITTIADB 8.8.0
2024-03-06 09:36:42,823 [INFO] ThirdParty:1030 - CMSIS Pack Vendor :STMicroelectronics FP-SNS-MOTENV1 4.3.2
2024-03-06 09:36:42,823 [INFO] ThirdParty:1030 - CMSIS Pack Vendor :STMicroelectronics X-CUBE-ALGOBUILD 1.3.0
2024-03-06 09:36:42,823 [INFO] ThirdParty:1030 - CMSIS Pack Vendor :STMicroelectronics FreeRTOS 0.0.1
2024-03-06 09:36:42,823 [INFO] ThirdParty:1030 - CMSIS Pack Vendor :STMicroelectronics X-CUBE-AZRTOS-G0 1.1.0
2024-03-06 09:36:42,823 [INFO] ThirdParty:1030 - CMSIS Pack Vendor :STMicroelectronics X-CUBE-NFC4 3.0.0
2024-03-06 09:36:42,823 [INFO] ThirdParty:1030 - CMSIS Pack Vendor :STMicroelectronics X-CUBE-SUBG2 5.0.0
2024-03-06 09:36:42,823 [INFO] ThirdParty:1030 - CMSIS Pack Vendor :STMicroelectronics STM32_WPAN 1.0.0
2024-03-06 09:36:42,823 [INFO] ThirdParty:1030 - CMSIS Pack Vendor :STMicroelectronics lwIP 2.0.3
2024-03-06 09:36:42,823 [INFO] ThirdParty:1030 - CMSIS Pack Vendor :STMicroelectronics FP-SNS-FLIGHT1 5.0.2
2024-03-06 09:36:42,823 [INFO] ThirdParty:1030 - CMSIS Pack Vendor :STMicroelectronics USB_HOST 1.0.0
2024-03-06 09:36:42,823 [INFO] ThirdParty:1030 - CMSIS Pack Vendor :STMicroelectronics X-CUBE-AZRTOS-G4 2.0.0
2024-03-06 09:36:42,823 [INFO] ThirdParty:1030 - CMSIS Pack Vendor :STMicroelectronics PDM2PCM 3.1.0
2024-03-06 09:36:42,823 [INFO] ThirdParty:1030 - CMSIS Pack Vendor :Infineon AIROC-Wi-Fi-Bluetooth-STM32 1.5.1
2024-03-06 09:36:42,823 [INFO] ThirdParty:1030 - CMSIS Pack Vendor :STMicroelectronics X-CUBE-BLEMGR 3.0.0
2024-03-06 09:36:42,823 [INFO] ThirdParty:1030 - CMSIS Pack Vendor :STMicroelectronics PDM2PCM 3.3.0
2024-03-06 09:36:42,824 [INFO] ThirdParty:1030 - CMSIS Pack Vendor :STMicroelectronics X-CUBE-DISPLAY 3.0.0
2024-03-06 09:36:42,824 [INFO] ThirdParty:1030 - CMSIS Pack Vendor :STMicroelectronics FP-SNS-MOTENVWB1 1.3.1
2024-03-06 09:36:42,824 [INFO] ThirdParty:1030 - CMSIS Pack Vendor :STMicroelectronics X-CUBE-BLE1 7.0.0
2024-03-06 09:36:42,824 [INFO] ThirdParty:1030 - CMSIS Pack Vendor :STMicroelectronics FP-ATR-SIGFOX1 3.2.0
2024-03-06 09:36:42,824 [INFO] ThirdParty:1030 - CMSIS Pack Vendor :STMicroelectronics X-CUBE-ISPU 2.0.0
2024-03-06 09:36:42,824 [INFO] ThirdParty:1030 - CMSIS Pack Vendor :STMicroelectronics X-CUBE-EEPRMA1 5.1.0
2024-03-06 09:36:42,824 [INFO] ThirdParty:1030 - CMSIS Pack Vendor :STMicroelectronics HAL Drivers 0.0.0
2024-03-06 09:36:42,824 [INFO] ThirdParty:1030 - CMSIS Pack Vendor :STMicroelectronics MBEDTLS 2.16.2
2024-03-06 09:36:42,824 [INFO] ThirdParty:1030 - CMSIS Pack Vendor :emotas I-CUBE-CANOPEN 1.3.0
2024-03-06 09:36:42,824 [INFO] ThirdParty:1030 - CMSIS Pack Vendor :STMicroelectronics X-CUBE-MEMS1 10.0.0
2024-03-06 09:36:42,824 [INFO] ThirdParty:1030 - CMSIS Pack Vendor :STMicroelectronics X-CUBE-FREERTOS 1.1.0
2024-03-06 09:36:42,824 [INFO] ThirdParty:1030 - CMSIS Pack Vendor :STMicroelectronics X-CUBE-NFC7 1.0.1
2024-03-06 09:36:42,824 [INFO] ThirdParty:1030 - CMSIS Pack Vendor :STMicroelectronics MBEDTLS 2.14.1
2024-03-06 09:36:42,824 [INFO] ThirdParty:1030 - CMSIS Pack Vendor :STMicroelectronics X-CUBE-NFC6 3.0.0
2024-03-06 09:36:42,824 [INFO] ThirdParty:1030 - CMSIS Pack Vendor :portGmbH I-Cube-SoM-uGOAL 1.1.0
2024-03-06 09:36:42,825 [INFO] ThirdParty:1030 - CMSIS Pack Vendor :STMicroelectronics X-CUBE-ALS 1.0.1
2024-03-06 09:36:42,825 [INFO] ThirdParty:1030 - CMSIS Pack Vendor :STMicroelectronics X-CUBE-BLEMGR 3.1.0
2024-03-06 09:36:42,825 [INFO] ThirdParty:1030 - CMSIS Pack Vendor :STMicroelectronics ThreadX 1.0.0
2024-03-06 09:36:42,825 [INFO] ThirdParty:1030 - CMSIS Pack Vendor :STMicroelectronics FP-SNS-SMARTAG2 1.2.0
2024-03-06 09:36:42,825 [INFO] ThirdParty:1030 - CMSIS Pack Vendor :STMicroelectronics X-CUBE-AZRTOS-WL 2.0.0
2024-03-06 09:36:42,825 [INFO] ThirdParty:1030 - CMSIS Pack Vendor :SEGGER I-CUBE-embOS 1.3.1
2024-03-06 09:36:42,825 [INFO] ThirdParty:1030 - CMSIS Pack Vendor :STMicroelectronics USB_DEVICE 1.0.0
2024-03-06 09:36:42,825 [INFO] ThirdParty:1030 - CMSIS Pack Vendor :STMicroelectronics X-CUBE-AI 8.1.0
2024-03-06 09:36:42,825 [INFO] ThirdParty:1030 - CMSIS Pack Vendor :STMicroelectronics X-CUBE-AZRTOS-L4 2.0.0
2024-03-06 09:36:42,825 [INFO] ThirdParty:1030 - CMSIS Pack Vendor :STMicroelectronics ThreadX 0.0.2
2024-03-06 09:36:42,825 [INFO] ThirdParty:1030 - CMSIS Pack Vendor :WES I-CUBE-Cesium 1.3.0
2024-03-06 09:36:42,825 [INFO] ThirdParty:1030 - CMSIS Pack Vendor :STMicroelectronics FP-ATR-ASTRA1 2.0.0
2024-03-06 09:36:42,825 [INFO] ThirdParty:1030 - CMSIS Pack Vendor :STMicroelectronics lwIP 2.1.2
2024-03-06 09:36:42,825 [INFO] ThirdParty:1030 - CMSIS Pack Vendor :STMicroelectronics X-CUBE-SFXS2LP1 4.0.0
2024-03-06 09:36:42,825 [INFO] ThirdParty:1030 - CMSIS Pack Vendor :STMicroelectronics X-CUBE-BLE2 3.3.0
2024-03-06 09:36:42,825 [INFO] ThirdParty:1030 - CMSIS Pack Vendor :STMicroelectronics X-CUBE-TOF1 3.4.0
2024-03-06 09:36:42,825 [INFO] ThirdParty:1030 - CMSIS Pack Vendor :STMicroelectronics X-CUBE-TOF1 3.4.1
2024-03-06 09:36:42,826 [INFO] ThirdParty:1030 - CMSIS Pack Vendor :STMicroelectronics X-CUBE-AZRTOS-H7 3.2.0
2024-03-06 09:36:42,826 [INFO] ThirdParty:1030 - CMSIS Pack Vendor :STMicroelectronics PDM2PCM 3.2.0
2024-03-06 09:36:42,826 [INFO] ThirdParty:841 - exiting critical section [change project]
2024-03-06 09:36:43,190 [INFO] PinOutPanel:1499 - setPackage(No Configuration,No Configuration)
2024-03-06 09:36:43,191 [INFO] PinOutPanel:1499 - setPackage(STM32F401CCUx,UFQFPN48)
2024-03-06 09:36:43,743 [INFO] UtilMem:75 - Before build in PCC Used Memory: 194538240 Bytes (358612992)
2024-03-06 09:36:44,596 [INFO] UtilMem:75 - After build in PCC Used Memory: 291361232 Bytes (358612992)
2024-03-06 09:36:44,647 [INFO] IPUIPlugin:80 - create IPUIPlugin
2024-03-06 09:36:44,647 [INFO] IPUIPlugin:80 - create IPUIPlugin
2024-03-06 09:36:44,648 [INFO] IPUIPlugin:80 - create IPUIPlugin
2024-03-06 09:36:44,648 [INFO] IPUIPlugin:80 - create IPUIPlugin
2024-03-06 09:36:44,648 [INFO] IPUIPlugin:80 - create IPUIPlugin
2024-03-06 09:36:44,648 [INFO] IPUIPlugin:80 - create IPUIPlugin
2024-03-06 09:36:44,648 [INFO] IPUIPlugin:80 - create IPUIPlugin
2024-03-06 09:36:44,648 [INFO] IPUIPlugin:80 - create IPUIPlugin
2024-03-06 09:36:44,648 [INFO] IPUIPlugin:80 - create IPUIPlugin
2024-03-06 09:36:44,649 [INFO] IPUIPlugin:80 - create IPUIPlugin
2024-03-06 09:36:44,649 [INFO] IPUIPlugin:80 - create IPUIPlugin
2024-03-06 09:36:44,649 [INFO] IPUIPlugin:80 - create IPUIPlugin
2024-03-06 09:36:44,649 [INFO] IPUIPlugin:80 - create IPUIPlugin
2024-03-06 09:36:44,650 [INFO] IPUIPlugin:80 - create IPUIPlugin
2024-03-06 09:36:44,650 [INFO] IPUIPlugin:80 - create IPUIPlugin
2024-03-06 09:36:44,651 [INFO] IPUIPlugin:80 - create IPUIPlugin
2024-03-06 09:36:44,651 [INFO] IPUIPlugin:80 - create IPUIPlugin
2024-03-06 09:36:44,652 [INFO] IPUIPlugin:80 - create IPUIPlugin
2024-03-06 09:36:44,652 [INFO] IPUIPlugin:80 - create IPUIPlugin
2024-03-06 09:36:44,653 [INFO] IPUIPlugin:80 - create IPUIPlugin
2024-03-06 09:36:44,653 [INFO] IPUIPlugin:80 - create IPUIPlugin
2024-03-06 09:36:44,653 [INFO] IPUIPlugin:80 - create IPUIPlugin
2024-03-06 09:36:44,654 [INFO] IPUIPlugin:80 - create IPUIPlugin
2024-03-06 09:36:44,654 [INFO] IPUIPlugin:80 - create IPUIPlugin
2024-03-06 09:36:44,654 [INFO] IPUIPlugin:80 - create IPUIPlugin
2024-03-06 09:36:44,654 [INFO] IPUIPlugin:80 - create IPUIPlugin
2024-03-06 09:36:44,655 [INFO] IPUIPlugin:80 - create IPUIPlugin
2024-03-06 09:36:44,663 [INFO] IPUIPlugin:80 - create IPUIPlugin
2024-03-06 09:36:44,664 [INFO] IPUIPlugin:80 - create IPUIPlugin
2024-03-06 09:36:44,664 [INFO] IPUIPlugin:80 - create IPUIPlugin
2024-03-06 09:36:44,664 [INFO] IPUIPlugin:80 - create IPUIPlugin
2024-03-06 09:36:44,664 [INFO] IPUIPlugin:80 - create IPUIPlugin
2024-03-06 09:36:44,664 [INFO] IPUIPlugin:80 - create IPUIPlugin
2024-03-06 09:36:44,665 [INFO] IPUIPlugin:80 - create IPUIPlugin
2024-03-06 09:36:44,665 [INFO] IPUIPlugin:80 - create IPUIPlugin
2024-03-06 09:36:44,665 [INFO] IPUIPlugin:80 - create IPUIPlugin
2024-03-06 09:36:44,665 [INFO] IPUIPlugin:80 - create IPUIPlugin
2024-03-06 09:36:44,755 [INFO] ApiDbMcu:508 - Load IP Config File for PDM2PCM
2024-03-06 09:36:44,957 [INFO] CADModel:165 - CPN selected for project levelSTM32F401CCU6
2024-03-06 09:36:44,958 [INFO] CADModel:114 - Register for checkConnection events
2024-03-06 09:36:45,011 [INFO] OpenFileManager:343 - Restore cursor
