2024-02-26 14:12:28,273 [INFO] Activator:176 - 


2024-02-26 14:12:28,280 [INFO] Activator:177 - !SESSION log4j initialized
2024-02-26 14:12:36,584 [INFO] LogOutputStream:77 - [STDOUT_REDIRECT] 
2024-02-26 14:12:39,472 [INFO] ApplicationProperties:184 - Using Application install path: C:\Program Files\ST\STM32CubeIDE_1.14.0\STM32CubeIDE\plugins\com.st.stm32cube.common.mx_6.10.0.202311202037
2024-02-26 14:12:39,531 [INFO] DbMcusXml:78 - Set database path to: C:\Program Files\ST\STM32CubeIDE_1.14.0\STM32CubeIDE\plugins\com.st.stm32cube.common.mx_6.10.0.202311202037\\db\/mcu/
2024-02-26 14:12:39,531 [INFO] ApiDb:274 - Set plugin database path to: C:\Program Files\ST\STM32CubeIDE_1.14.0\STM32CubeIDE\plugins\com.st.stm32cube.common.mx_6.10.0.202311202037\\db\/plugins/boardmanager/
2024-02-26 14:12:39,532 [WARN] ApiDb:259 - Overriding images path with different value:  => C:\Program Files\ST\STM32CubeIDE_1.14.0\STM32CubeIDE\plugins\com.st.stm32cube.common.mx_6.10.0.202311202037\\db\/plugins/mcufinder/images/
2024-02-26 14:12:39,547 [INFO] ApiDb:250 - Set database path to: C:\Users\adith\.stmcufinder\plugins\mcufinder//mcu/
2024-02-26 14:12:39,549 [INFO] DbMcusAds:125 - Set database path to: C:\Users\adith\.stmcufinder\plugins\mcufinder//mcu/
2024-02-26 14:12:39,552 [INFO] CrossReferenceDbSqlite:203 - Set database path to: C:\Users\adith\.stmcufinder\plugins\mcufinder//mcu/cs/
2024-02-26 14:12:39,760 [INFO] RulesReader:64 - Compatibility file has been processed (297 Rules)
2024-02-26 14:12:39,883 [INFO] DbMcusXml:78 - Set database path to: C:\Program Files\ST\STM32CubeIDE_1.14.0\STM32CubeIDE\plugins\com.st.stm32cube.common.mx_6.10.0.202311202037\\db\/mcu/
2024-02-26 14:12:39,884 [INFO] ApiDb:274 - Set plugin database path to: C:\Program Files\ST\STM32CubeIDE_1.14.0\STM32CubeIDE\plugins\com.st.stm32cube.common.mx_6.10.0.202311202037\\db\/plugins/boardmanager/
2024-02-26 14:12:39,884 [INFO] ApiDb:261 - Set plugin images path to: C:\Program Files\ST\STM32CubeIDE_1.14.0\STM32CubeIDE\plugins\com.st.stm32cube.common.mx_6.10.0.202311202037\\db\/plugins/mcufinder/images/
2024-02-26 14:12:39,884 [WARN] DbFile:41 - Overriding database path with different value: C:\Users\adith\.stmcufinder\plugins\mcufinder/ => C:\Users\adith\.stmcufinder\plugins\mcufinder
2024-02-26 14:12:39,885 [INFO] ApiDb:250 - Set database path to: C:\Users\adith\.stmcufinder\plugins\mcufinder//mcu/
2024-02-26 14:12:39,885 [WARN] DbFile:41 - Overriding database path with different value: C:\Users\adith\.stmcufinder\plugins\mcufinder/ => C:\Users\adith\.stmcufinder\plugins\mcufinder
2024-02-26 14:12:39,885 [INFO] DbMcusAds:125 - Set database path to: C:\Users\adith\.stmcufinder\plugins\mcufinder//mcu/
2024-02-26 14:12:39,885 [WARN] DbFile:41 - Overriding database path with different value: C:\Users\adith\.stmcufinder\plugins\mcufinder/ => C:\Users\adith\.stmcufinder\plugins\mcufinder
2024-02-26 14:12:39,885 [WARN] DbFile:41 - Overriding database path with different value: C:\Users\adith\.stmcufinder\plugins\mcufinder/ => C:\Users\adith\.stmcufinder\plugins\mcufinder
2024-02-26 14:12:39,885 [INFO] CrossReferenceDbSqlite:203 - Set database path to: C:\Users\adith\.stmcufinder\plugins\mcufinder//mcu/cs/
2024-02-26 14:12:39,992 [INFO] MainPanel:264 - HeapMemory: 268435456
2024-02-26 14:12:40,106 [INFO] DbMcusXml:78 - Set database path to: C:\Program Files\ST\STM32CubeIDE_1.14.0\STM32CubeIDE\plugins\com.st.stm32cube.common.mx_6.10.0.202311202037\\db\/mcu/
2024-02-26 14:12:40,106 [INFO] ApiDb:274 - Set plugin database path to: C:\Program Files\ST\STM32CubeIDE_1.14.0\STM32CubeIDE\plugins\com.st.stm32cube.common.mx_6.10.0.202311202037\\db\/plugins/boardmanager/
2024-02-26 14:12:40,107 [INFO] ApiDb:261 - Set plugin images path to: C:\Program Files\ST\STM32CubeIDE_1.14.0\STM32CubeIDE\plugins\com.st.stm32cube.common.mx_6.10.0.202311202037\\db\/plugins/mcufinder/images/
2024-02-26 14:12:40,107 [WARN] DbFile:41 - Overriding database path with different value: C:\Users\adith\.stmcufinder\plugins\mcufinder/ => C:\Users\adith\.stmcufinder\plugins\mcufinder
2024-02-26 14:12:40,107 [INFO] ApiDb:250 - Set database path to: C:\Users\adith\.stmcufinder\plugins\mcufinder//mcu/
2024-02-26 14:12:40,107 [WARN] DbFile:41 - Overriding database path with different value: C:\Users\adith\.stmcufinder\plugins\mcufinder/ => C:\Users\adith\.stmcufinder\plugins\mcufinder
2024-02-26 14:12:40,107 [INFO] DbMcusAds:125 - Set database path to: C:\Users\adith\.stmcufinder\plugins\mcufinder//mcu/
2024-02-26 14:12:40,107 [WARN] DbFile:41 - Overriding database path with different value: C:\Users\adith\.stmcufinder\plugins\mcufinder/ => C:\Users\adith\.stmcufinder\plugins\mcufinder
2024-02-26 14:12:40,107 [WARN] DbFile:41 - Overriding database path with different value: C:\Users\adith\.stmcufinder\plugins\mcufinder/ => C:\Users\adith\.stmcufinder\plugins\mcufinder
2024-02-26 14:12:40,108 [INFO] CrossReferenceDbSqlite:203 - Set database path to: C:\Users\adith\.stmcufinder\plugins\mcufinder//mcu/cs/
2024-02-26 14:12:40,129 [INFO] ApplicationProperties:184 - Using Application install path: C:\Program Files\ST\STM32CubeIDE_1.14.0\STM32CubeIDE\plugins\com.st.stm32cube.common.mx_6.10.0.202311202037
2024-02-26 14:12:40,131 [INFO] PluginManage:196 - Search for loadable plugins [exclusion list=, ]
2024-02-26 14:12:40,133 [INFO] PluginManage:310 - Check plugin analytics
2024-02-26 14:12:40,379 [INFO] AnalyticsPlugin:253 - Accepted Software Licenses: 
2024-02-26 14:12:40,379 [INFO] AnalyticsPlugin:255 - Accepted CMSIS Pack Licenses: 
2024-02-26 14:12:40,379 [INFO] AnalyticsPlugin:257 - Accepted Firmware Licenses: FW.F4.1.28.0
2024-02-26 14:12:40,385 [INFO] PluginManage:359 - Loaded plugin analytics (category:tool,tabindex:-1)
2024-02-26 14:12:40,385 [INFO] PluginManage:310 - Check plugin cadmodel
2024-02-26 14:12:40,402 [INFO] CADModel:105 - Init CAD model plugin
2024-02-26 14:12:40,403 [INFO] PluginManage:359 - Loaded plugin cadmodel (category:power,tabindex:5)
2024-02-26 14:12:40,403 [INFO] PluginManage:310 - Check plugin clock
2024-02-26 14:12:40,424 [INFO] PluginManage:359 - Loaded plugin clock (category:base,tabindex:2)
2024-02-26 14:12:40,424 [INFO] PluginManage:310 - Check plugin ddr
2024-02-26 14:12:40,426 [INFO] PluginManage:359 - Loaded plugin ddr (category:tool,tabindex:6)
2024-02-26 14:12:40,426 [INFO] PluginManage:310 - Check plugin filemanager
2024-02-26 14:12:40,604 [INFO] PluginManage:359 - Loaded plugin filemanager (category:base,tabindex:10)
2024-02-26 14:12:40,604 [INFO] PluginManage:310 - Check plugin ipmanager
2024-02-26 14:12:40,613 [INFO] PluginManage:359 - Loaded plugin ipmanager (category:base,tabindex:5)
2024-02-26 14:12:40,613 [INFO] PluginManage:310 - Check plugin lpbam
2024-02-26 14:12:40,635 [INFO] PluginManage:359 - Loaded plugin lpbam (category:base,tabindex:0)
2024-02-26 14:12:40,635 [INFO] PluginManage:310 - Check plugin memorymap
2024-02-26 14:12:40,660 [INFO] PluginManage:359 - Loaded plugin memorymap (category:base,tabindex:4)
2024-02-26 14:12:40,660 [INFO] PluginManage:310 - Check plugin pinoutandconfiguration
2024-02-26 14:12:40,680 [INFO] PluginManage:359 - Loaded plugin pinoutandconfiguration (category:base,tabindex:1)
2024-02-26 14:12:40,680 [INFO] PluginManage:310 - Check plugin pinoutconfig
2024-02-26 14:12:40,790 [WARN] SupportedApi:132 - Cannot load RTOS API schema: s4s-elt-must-match.1: The content of 'definitions' must match (annotation?, (simpleType | complexType)?, (unique | key | keyref)*)). A problem was found starting at: attribute.
2024-02-26 14:12:40,945 [INFO] PluginManage:359 - Loaded plugin pinoutconfig (category:base,tabindex:0)
2024-02-26 14:12:40,945 [INFO] PluginManage:310 - Check plugin power
2024-02-26 14:12:40,966 [INFO] PluginManage:359 - Loaded plugin power (category:power,tabindex:4)
2024-02-26 14:12:40,966 [INFO] PluginManage:310 - Check plugin projectmanager
2024-02-26 14:12:40,985 [INFO] PluginManage:359 - Loaded plugin projectmanager (category:projectmanager,tabindex:3)
2024-02-26 14:12:40,985 [INFO] PluginManage:310 - Check plugin thirdparty
2024-02-26 14:12:41,306 [INFO] PluginManage:359 - Loaded plugin thirdparty (category:base,tabindex:-1)
2024-02-26 14:12:41,306 [WARN] IntegrityCheckThread:84 - waiting for thirdparty lock release [integrity check]
2024-02-26 14:12:41,307 [INFO] PluginManage:310 - Check plugin tools
2024-02-26 14:12:41,307 [INFO] IntegrityCheckThread:86 - entering critical section [integrity check]
2024-02-26 14:12:41,307 [INFO] ThirdPartyUpdaterWithRetryManager:70 - Updater plugin not ready yet. [1/15]
2024-02-26 14:12:41,357 [INFO] PluginManage:359 - Loaded plugin tools (category:base,tabindex:7)
2024-02-26 14:12:41,357 [INFO] PluginManage:310 - Check plugin tutovideos
2024-02-26 14:12:41,553 [INFO] PluginManage:359 - Loaded plugin tutovideos (category:base,tabindex:-1)
2024-02-26 14:12:41,553 [INFO] PluginManage:310 - Check plugin updater
2024-02-26 14:12:41,571 [INFO] PluginManage:359 - Loaded plugin updater (category:base,tabindex:12)
2024-02-26 14:12:41,571 [INFO] PluginManage:310 - Check plugin userauth
2024-02-26 14:12:41,577 [INFO] UserAuth:114 - Init User Auth plugin
2024-02-26 14:12:41,577 [INFO] PluginManage:359 - Loaded plugin userauth (category:base,tabindex:14)
2024-02-26 14:12:41,577 [INFO] PluginManage:283 - PluginManage : Loaded plugins [17]
2024-02-26 14:12:41,788 [INFO] PinOutPanel:1499 - setPackage(No Configuration,No Configuration)
2024-02-26 14:12:41,865 [INFO] CADModel:165 - CPN selected for project level
2024-02-26 14:12:41,865 [INFO] CADModel:114 - Register for checkConnection events
2024-02-26 14:12:41,895 [INFO] IPUIPlugin:80 - create IPUIPlugin
2024-02-26 14:12:41,896 [INFO] PluginManager:220 - loadIPPluginJar : add adc
2024-02-26 14:12:41,935 [INFO] IPUIPlugin:80 - create IPUIPlugin
2024-02-26 14:12:41,935 [INFO] PluginManager:220 - loadIPPluginJar : add aes
2024-02-26 14:12:41,975 [INFO] IPUIPlugin:80 - create IPUIPlugin
2024-02-26 14:12:41,975 [INFO] PluginManager:220 - loadIPPluginJar : add can
2024-02-26 14:12:41,997 [INFO] IPUIPlugin:80 - create IPUIPlugin
2024-02-26 14:12:41,997 [INFO] PluginManager:220 - loadIPPluginJar : add comp
2024-02-26 14:12:42,030 [INFO] IPUIPlugin:80 - create IPUIPlugin
2024-02-26 14:12:42,030 [INFO] PluginManager:220 - loadIPPluginJar : add cryp
2024-02-26 14:12:42,064 [INFO] IPUIPlugin:80 - create IPUIPlugin
2024-02-26 14:12:42,064 [INFO] PluginManager:220 - loadIPPluginJar : add dfsdm
2024-02-26 14:12:42,077 [INFO] IPUIPlugin:80 - create IPUIPlugin
2024-02-26 14:12:42,077 [INFO] PluginManager:220 - loadIPPluginJar : add dma
2024-02-26 14:12:42,117 [INFO] IPUIPlugin:80 - create IPUIPlugin
2024-02-26 14:12:42,117 [INFO] PluginManager:220 - loadIPPluginJar : add dma3
2024-02-26 14:12:42,134 [INFO] IPUIPlugin:80 - create IPUIPlugin
2024-02-26 14:12:42,135 [INFO] PluginManager:220 - loadIPPluginJar : add fatfs
2024-02-26 14:12:42,181 [INFO] IPUIPlugin:80 - create IPUIPlugin
2024-02-26 14:12:42,181 [INFO] PluginManager:220 - loadIPPluginJar : add fmc
2024-02-26 14:12:42,194 [INFO] IPUIPlugin:80 - create IPUIPlugin
2024-02-26 14:12:42,194 [INFO] PluginManager:220 - loadIPPluginJar : add freertos
2024-02-26 14:12:42,212 [INFO] IPUIPlugin:80 - create IPUIPlugin
2024-02-26 14:12:42,212 [INFO] PluginManager:220 - loadIPPluginJar : add genericplugin
2024-02-26 14:12:42,299 [INFO] IPUIPlugin:80 - create IPUIPlugin
2024-02-26 14:12:42,299 [INFO] PluginManager:220 - loadIPPluginJar : add gfxmmu
2024-02-26 14:12:42,430 [INFO] IPUIPlugin:80 - create IPUIPlugin
2024-02-26 14:12:42,431 [INFO] PluginManager:220 - loadIPPluginJar : add gic
2024-02-26 14:12:42,441 [INFO] IPUIPlugin:80 - create IPUIPlugin
2024-02-26 14:12:42,442 [INFO] PluginManager:220 - loadIPPluginJar : add gpio
2024-02-26 14:12:42,540 [INFO] IPUIPlugin:80 - create IPUIPlugin
2024-02-26 14:12:42,540 [INFO] PluginManager:220 - loadIPPluginJar : add gtzc
2024-02-26 14:12:42,568 [INFO] IPUIPlugin:80 - create IPUIPlugin
2024-02-26 14:12:42,568 [INFO] PluginManager:220 - loadIPPluginJar : add hash
2024-02-26 14:12:42,614 [INFO] IPUIPlugin:80 - create IPUIPlugin
2024-02-26 14:12:42,614 [INFO] PluginManager:220 - loadIPPluginJar : add i2c
2024-02-26 14:12:42,648 [INFO] IPUIPlugin:80 - create IPUIPlugin
2024-02-26 14:12:42,648 [INFO] PluginManager:220 - loadIPPluginJar : add i2s
2024-02-26 14:12:42,684 [INFO] IPUIPlugin:80 - create IPUIPlugin
2024-02-26 14:12:42,684 [INFO] PluginManager:220 - loadIPPluginJar : add i3c
2024-02-26 14:12:42,796 [INFO] IPUIPlugin:80 - create IPUIPlugin
2024-02-26 14:12:42,796 [INFO] PluginManager:220 - loadIPPluginJar : add ipddr
2024-02-26 14:12:42,882 [INFO] IPUIPlugin:80 - create IPUIPlugin
2024-02-26 14:12:42,882 [INFO] PluginManager:220 - loadIPPluginJar : add linkedlist
2024-02-26 14:12:42,917 [INFO] IPUIPlugin:80 - create IPUIPlugin
2024-02-26 14:12:42,917 [INFO] PluginManager:220 - loadIPPluginJar : add lorawan
2024-02-26 14:12:42,953 [INFO] IPUIPlugin:80 - create IPUIPlugin
2024-02-26 14:12:42,953 [INFO] PluginManager:220 - loadIPPluginJar : add ltdc
2024-02-26 14:12:42,966 [INFO] IPUIPlugin:80 - create IPUIPlugin
2024-02-26 14:12:42,966 [INFO] PluginManager:220 - loadIPPluginJar : add mdma
2024-02-26 14:12:42,978 [INFO] IPUIPlugin:80 - create IPUIPlugin
2024-02-26 14:12:42,979 [INFO] PluginManager:220 - loadIPPluginJar : add nvic
2024-02-26 14:12:43,016 [INFO] IPUIPlugin:80 - create IPUIPlugin
2024-02-26 14:12:43,017 [INFO] PluginManager:220 - loadIPPluginJar : add opamp
2024-02-26 14:12:43,081 [INFO] IPUIPlugin:80 - create IPUIPlugin
2024-02-26 14:12:43,081 [INFO] PluginManager:220 - loadIPPluginJar : add openamp
2024-02-26 14:12:43,123 [INFO] IPUIPlugin:80 - create IPUIPlugin
2024-02-26 14:12:43,123 [INFO] PluginManager:220 - loadIPPluginJar : add pdm2pcm
2024-02-26 14:12:43,137 [INFO] IPUIPlugin:80 - create IPUIPlugin
2024-02-26 14:12:43,139 [INFO] PluginManager:220 - loadIPPluginJar : add plateformsettings
2024-02-26 14:12:43,160 [INFO] IPUIPlugin:80 - create IPUIPlugin
2024-02-26 14:12:43,161 [INFO] PluginManager:220 - loadIPPluginJar : add quadspi
2024-02-26 14:12:43,173 [INFO] IPUIPlugin:80 - create IPUIPlugin
2024-02-26 14:12:43,173 [INFO] PluginManager:220 - loadIPPluginJar : add resmgrutility
2024-02-26 14:12:43,220 [INFO] IPUIPlugin:80 - create IPUIPlugin
2024-02-26 14:12:43,220 [INFO] PluginManager:220 - loadIPPluginJar : add sai
2024-02-26 14:12:43,261 [INFO] IPUIPlugin:80 - create IPUIPlugin
2024-02-26 14:12:43,261 [INFO] PluginManager:220 - loadIPPluginJar : add spi
2024-02-26 14:12:43,327 [INFO] IPUIPlugin:80 - create IPUIPlugin
2024-02-26 14:12:43,328 [INFO] PluginManager:220 - loadIPPluginJar : add stm32_wpan
2024-02-26 14:12:43,350 [INFO] IPUIPlugin:80 - create IPUIPlugin
2024-02-26 14:12:43,350 [INFO] PluginManager:220 - loadIPPluginJar : add tim
2024-02-26 14:12:43,410 [INFO] IPUIPlugin:80 - create IPUIPlugin
2024-02-26 14:12:43,410 [INFO] PluginManager:220 - loadIPPluginJar : add touchsensing
2024-02-26 14:12:43,431 [INFO] IPUIPlugin:80 - create IPUIPlugin
2024-02-26 14:12:43,432 [INFO] PluginManager:220 - loadIPPluginJar : add tracer_emb
2024-02-26 14:12:43,453 [INFO] IPUIPlugin:80 - create IPUIPlugin
2024-02-26 14:12:43,453 [INFO] PluginManager:220 - loadIPPluginJar : add ts
2024-02-26 14:12:43,473 [INFO] IPUIPlugin:80 - create IPUIPlugin
2024-02-26 14:12:43,473 [INFO] PluginManager:220 - loadIPPluginJar : add tsc
2024-02-26 14:12:43,503 [INFO] IPUIPlugin:80 - create IPUIPlugin
2024-02-26 14:12:43,503 [INFO] PluginManager:220 - loadIPPluginJar : add ucpd
2024-02-26 14:12:43,560 [INFO] IPUIPlugin:80 - create IPUIPlugin
2024-02-26 14:12:43,560 [INFO] PluginManager:220 - loadIPPluginJar : add usart
2024-02-26 14:12:43,602 [INFO] IPUIPlugin:80 - create IPUIPlugin
2024-02-26 14:12:43,602 [INFO] PluginManager:220 - loadIPPluginJar : add usbx
2024-02-26 14:12:43,729 [INFO] CADModel:165 - CPN selected for project level
2024-02-26 14:12:43,729 [INFO] CADModel:114 - Register for checkConnection events
2024-02-26 14:12:43,730 [FATAL] Updater:308 - Updater called before beeing initialized
2024-02-26 14:12:43,730 [ERROR] CADModel:125 - Updater not yet initialized, retry later 
2024-02-26 14:12:43,925 [INFO] CADModel:165 - CPN selected for project level
2024-02-26 14:12:43,925 [INFO] CADModel:114 - Register for checkConnection events
2024-02-26 14:12:43,926 [FATAL] Updater:308 - Updater called before beeing initialized
2024-02-26 14:12:43,926 [ERROR] CADModel:125 - Updater not yet initialized, retry later 
2024-02-26 14:12:43,931 [FATAL] Updater:308 - Updater called before beeing initialized
2024-02-26 14:12:44,095 [FATAL] Updater:308 - Updater called before beeing initialized
2024-02-26 14:12:44,110 [INFO] DbMcusAds:53 - JSON generation date=Wed Nov 29 16:22:27 IST 2023 (1701255147200)
2024-02-26 14:12:44,110 [FATAL] Updater:308 - Updater called before beeing initialized
2024-02-26 14:12:44,244 [WARN] DetailPanel:346 - Failed to get advertising image, set to default
2024-02-26 14:12:44,310 [INFO] ThirdPartyUpdaterWithRetryManager:70 - Updater plugin not ready yet. [2/15]
2024-02-26 14:12:44,391 [FATAL] Updater:308 - Updater called before beeing initialized
2024-02-26 14:12:44,394 [FATAL] Updater:308 - Updater called before beeing initialized
2024-02-26 14:12:44,394 [FATAL] Updater:308 - Updater called before beeing initialized
2024-02-26 14:12:44,394 [WARN] DetailPanel:346 - Failed to get advertising image, set to default
2024-02-26 14:12:44,395 [FATAL] Updater:308 - Updater called before beeing initialized
2024-02-26 14:12:44,478 [ERROR] Updater:1120 - MainUpdater not yet initialized. External WinMGr cannot be set.
2024-02-26 14:12:44,490 [INFO] Updater:1056 - Updater Version found : 6.10.0
2024-02-26 14:12:44,512 [INFO] ApplicationProperties:184 - Using Application install path: C:\Program Files\ST\STM32CubeIDE_1.14.0\STM32CubeIDE\plugins\com.st.stm32cube.common.mx_6.10.0.202311202037
2024-02-26 14:12:46,089 [ERROR] LogOutputStream:75 - [STDERR_REDIRECT] Feb 26, 2024 2:12:46 PM java.util.prefs.WindowsPreferences <init>
2024-02-26 14:12:46,092 [ERROR] LogOutputStream:75 - [STDERR_REDIRECT] WARNING: Could not open/create prefs root node Software\JavaSoft\Prefs at root 0xffffffff80000002. Windows RegCreateKeyEx(...) returned error code 5.
2024-02-26 14:12:46,092 [ERROR] LogOutputStream:75 - [STDERR_REDIRECT] 
2024-02-26 14:12:46,643 [INFO] MainUpdater:2873 - connection check result : 10
2024-02-26 14:12:46,644 [INFO] MainUpdater:3567 - Updater definition file requires update
2024-02-26 14:12:46,645 [INFO] MainUpdater:290 - Updater Check For Update Now.
2024-02-26 14:12:46,645 [INFO] MicroXplorer:498 - Change Database Version : DB.6.0.100
2024-02-26 14:12:46,664 [INFO] McuFinderGlobals:63 - Set McuFinder mode to 2 (CubeIDE integrated)
2024-02-26 14:12:47,102 [INFO] UserAuth:404 - Internet connection configuration mode: 1
2024-02-26 14:12:47,128 [INFO] JxBrowserEngine:152 - Initiate JxBrowser Engine with user profile folder
2024-02-26 14:12:47,310 [WARN] MainUpdater:1194 - Updater busy. Cannot search thirdparties
2024-02-26 14:12:47,310 [INFO] ThirdPartyUpdaterWithRetryManager:96 - Updater plugin is busy. [1/15]
2024-02-26 14:12:48,307 [ERROR] ServerAccessManage:1089 - Problem, file not found on Server
2024-02-26 14:12:48,308 [ERROR] ServerAccessManage:651 - Problem, file not found on Server : updaters.zip.
2024-02-26 14:12:48,308 [WARN] LoadServerUpdatesThread:475 - Updater definition download error.
2024-02-26 14:12:48,310 [INFO] LoadServerUpdatesThread:375 - End of LoadServerUpdate Thread
2024-02-26 14:12:48,529 [INFO] CheckServerUpdateThread:120 - End of CheckServer Thread
2024-02-26 14:12:50,211 [INFO] WebApp:161 - Instantiating new browser for Auth
2024-02-26 14:12:50,577 [WARN] PackLoader:240 - Cannot read IP mode file for STMicroelectronics.X-CUBE-SMBUS.2.1.0
2024-02-26 14:12:50,600 [WARN] PackLoader:240 - Cannot read IP mode file for STMicroelectronics.X-CUBE-TOUCHGFX.4.23.0
2024-02-26 14:12:50,668 [WARN] PackLoader:240 - Cannot read IP mode file for STMicroelectronics.X-CUBE-AZRTOS-F7.1.1.0
2024-02-26 14:12:50,700 [WARN] PackLoader:240 - Cannot read IP mode file for STMicroelectronics.FP-SNS-MOTENV1.4.3.2
2024-02-26 14:12:50,724 [WARN] PackLoader:240 - Cannot read IP mode file for STMicroelectronics.FP-SNS-FLIGHT1.5.0.2
2024-02-26 14:12:50,752 [WARN] PackLoader:240 - Cannot read IP mode file for STMicroelectronics.X-CUBE-DISPLAY.3.0.0
2024-02-26 14:12:50,785 [WARN] PackLoader:240 - Cannot read IP mode file for STMicroelectronics.X-CUBE-BLE1.7.0.0
2024-02-26 14:12:50,808 [WARN] PackLoader:240 - Cannot read IP mode file for emotas.I-CUBE-CANOPEN.1.3.0
2024-02-26 14:12:50,837 [WARN] PackLoader:240 - Cannot read IP mode file for STMicroelectronics.FP-SNS-SMARTAG2.1.2.0
2024-02-26 14:12:50,877 [INFO] LogOutputStream:77 - [STDOUT_REDIRECT] 1 : Invalid condition id : UX_CORESTACK_Condition cause : null
2024-02-26 14:12:50,878 [INFO] LogOutputStream:77 - [STDOUT_REDIRECT] 1 : Invalid condition id : UX_CORESTACK_Condition cause : null
2024-02-26 14:12:50,880 [INFO] LogOutputStream:77 - [STDOUT_REDIRECT] 1 : Invalid condition id : UX_CORESTACK_Condition cause : null
2024-02-26 14:12:50,882 [INFO] LogOutputStream:77 - [STDOUT_REDIRECT] 1 : Invalid condition id : UX_CORESTACK_Condition cause : null
2024-02-26 14:12:50,884 [INFO] LogOutputStream:77 - [STDOUT_REDIRECT] 1 : Invalid condition id : UX_CORESTACK_Condition cause : null
2024-02-26 14:12:50,891 [WARN] PackLoader:240 - Cannot read IP mode file for STMicroelectronics.X-CUBE-AZRTOS-WL.2.0.0
2024-02-26 14:12:50,923 [WARN] PackLoader:240 - Cannot read IP mode file for WES.I-CUBE-Cesium.1.3.0
2024-02-26 14:12:50,972 [WARN] PackLoader:240 - Cannot read IP mode file for STMicroelectronics.X-CUBE-BLE2.3.3.0
2024-02-26 14:12:51,026 [WARN] PackLoader:240 - Cannot read IP mode file for STMicroelectronics.X-CUBE-ALGOBUILD.1.3.0
2024-02-26 14:12:51,079 [WARN] PackLoader:240 - Cannot read IP mode file for STMicroelectronics.X-CUBE-AZRTOS-G0.1.1.0
2024-02-26 14:12:51,116 [WARN] PackLoader:240 - Cannot read IP mode file for STMicroelectronics.X-CUBE-NFC4.3.0.0
2024-02-26 14:12:51,150 [WARN] PackLoader:240 - Cannot read IP mode file for STMicroelectronics.X-CUBE-BLEMGR.3.0.0
2024-02-26 14:12:51,168 [WARN] PackLoader:240 - Cannot read IP mode file for STMicroelectronics.FP-ATR-SIGFOX1.3.2.0
2024-02-26 14:12:51,191 [WARN] PackLoader:240 - Cannot read IP mode file for STMicroelectronics.X-CUBE-EEPRMA1.5.1.0
2024-02-26 14:12:51,251 [INFO] WebApp:780 - Register for checkConnection events
2024-02-26 14:12:51,251 [INFO] WebApp:414 - Apply proxy settings
2024-02-26 14:12:51,252 [INFO] WebApp:499 - Chromium requires no authentication
2024-02-26 14:12:51,260 [WARN] PackLoader:240 - Cannot read IP mode file for SEGGER.I-CUBE-embOS.1.3.1
2024-02-26 14:12:51,270 [INFO] WebApp:442 - Direct internet connection detected
2024-02-26 14:12:51,379 [WARN] PackLoader:240 - Cannot read IP mode file for STMicroelectronics.X-CUBE-GNSS1.6.0.0
2024-02-26 14:12:51,426 [WARN] PackLoader:240 - Cannot read IP mode file for STMicroelectronics.X-CUBE-AZRTOS-F4.1.1.0
2024-02-26 14:12:51,450 [WARN] PackLoader:240 - Cannot read IP mode file for wolfSSL.I-CUBE-wolfSSL.5.6.6
2024-02-26 14:12:51,498 [WARN] PackLoader:240 - Cannot read IP mode file for STMicroelectronics.X-CUBE-AZRTOS-L5.2.0.0
2024-02-26 14:12:51,523 [WARN] PackLoader:240 - Cannot read IP mode file for STMicroelectronics.X-CUBE-EEPRMA1.4.2.0
2024-02-26 14:12:51,543 [WARN] PackLoader:240 - Cannot read IP mode file for ITTIA_DB.I-CUBE-ITTIADB.8.8.0
2024-02-26 14:12:51,564 [WARN] PackLoader:240 - Cannot read IP mode file for STMicroelectronics.X-CUBE-NFC7.1.0.1
2024-02-26 14:12:51,600 [WARN] PackLoader:240 - Cannot read IP mode file for STMicroelectronics.X-CUBE-NFC6.3.0.0
2024-02-26 14:12:51,624 [INFO] WebApp:192 - Starting web application
2024-02-26 14:12:51,625 [INFO] WebApp:544 - Web application path used C:\Program Files\ST\STM32CubeIDE_1.14.0\STM32CubeIDE\plugins\com.st.stm32cube.common.mx_6.10.0.202311202037\db\plugins\mcufinder\reactClient1\index.html
2024-02-26 14:12:51,627 [WARN] PackLoader:240 - Cannot read IP mode file for STMicroelectronics.X-CUBE-AI.8.1.0
2024-02-26 14:12:51,684 [WARN] ConditionMgr:438 - getConditionDescription Invalid condition id : LAN8742 Phy interface Condition cause : null
2024-02-26 14:12:51,685 [WARN] PackLoader:240 - Cannot read IP mode file for STMicroelectronics.X-CUBE-AZRTOS-L4.2.0.0
2024-02-26 14:12:51,688 [WARN] ConditionMgr:1039 - genDependencies : Invalid condition id : LAN8742 Phy interface Condition cause : null
2024-02-26 14:12:51,689 [WARN] ConditionMgr:1039 - genDependencies : Invalid condition id : LAN8742 Phy interface Condition cause : null
2024-02-26 14:12:51,690 [WARN] ConditionMgr:1039 - genDependencies : Invalid condition id : LAN8742 Phy interface Condition cause : null
2024-02-26 14:12:51,713 [WARN] PackLoader:240 - Cannot read IP mode file for STMicroelectronics.X-CUBE-SFXS2LP1.4.0.0
2024-02-26 14:12:51,746 [WARN] ConditionMgr:438 - getConditionDescription Invalid condition id : UX DEVICE CLASS RTOS Condition cause : null
2024-02-26 14:12:51,747 [WARN] ConditionMgr:438 - getConditionDescription Invalid condition id : UX DEVICE CLASS RTOS Condition cause : null
2024-02-26 14:12:51,750 [WARN] PackLoader:240 - Cannot read IP mode file for STMicroelectronics.X-CUBE-AZRTOS-WB.2.0.0
2024-02-26 14:12:51,751 [WARN] ConditionMgr:1039 - genDependencies : Invalid condition id : UX DEVICE CLASS RTOS Condition cause : null
2024-02-26 14:12:51,751 [WARN] ConditionMgr:1039 - genDependencies : Invalid condition id : UX DEVICE CLASS RTOS Condition cause : null
2024-02-26 14:12:51,752 [WARN] ConditionMgr:1039 - genDependencies : Invalid condition id : UX DEVICE CLASS RTOS Condition cause : null
2024-02-26 14:12:51,752 [WARN] ConditionMgr:1039 - genDependencies : Invalid condition id : UX DEVICE CLASS RTOS Condition cause : null
2024-02-26 14:12:51,753 [WARN] ConditionMgr:1039 - genDependencies : Invalid condition id : UX DEVICE CLASS RTOS Condition cause : null
2024-02-26 14:12:51,780 [WARN] PackLoader:240 - Cannot read IP mode file for STMicroelectronics.X-CUBE-SUBG2.5.0.0
2024-02-26 14:12:51,824 [WARN] PackLoader:240 - Cannot read IP mode file for STMicroelectronics.X-CUBE-AZRTOS-G4.2.0.0
2024-02-26 14:12:51,868 [WARN] PackLoader:240 - Cannot read IP mode file for Infineon.AIROC-Wi-Fi-Bluetooth-STM32.1.5.1
2024-02-26 14:12:51,894 [WARN] PackLoader:240 - Cannot read IP mode file for STMicroelectronics.FP-SNS-MOTENVWB1.1.3.1
2024-02-26 14:12:51,914 [WARN] PackLoader:240 - Cannot read IP mode file for STMicroelectronics.X-CUBE-ISPU.2.0.0
2024-02-26 14:12:52,002 [WARN] PackLoader:240 - Cannot read IP mode file for STMicroelectronics.X-CUBE-MEMS1.10.0.0
2024-02-26 14:12:52,213 [WARN] PackLoader:240 - Cannot read IP mode file for STMicroelectronics.X-CUBE-FREERTOS.1.1.0
2024-02-26 14:12:52,233 [WARN] PackLoader:240 - Cannot read IP mode file for portGmbH.I-Cube-SoM-uGOAL.1.1.0
2024-02-26 14:12:52,252 [WARN] PackLoader:240 - Cannot read IP mode file for STMicroelectronics.X-CUBE-ALS.1.0.1
2024-02-26 14:12:52,270 [WARN] PackLoader:240 - Cannot read IP mode file for STMicroelectronics.FP-ATR-ASTRA1.2.0.0
2024-02-26 14:12:52,301 [WARN] PackLoader:240 - Cannot read IP mode file for STMicroelectronics.X-CUBE-TOF1.3.4.0
2024-02-26 14:12:52,364 [WARN] PackLoader:240 - Cannot read IP mode file for STMicroelectronics.X-CUBE-AZRTOS-H7.3.2.0
2024-02-26 14:12:52,367 [INFO] ThirdParty:978 - Integrity check success = true
2024-02-26 14:12:52,368 [INFO] IntegrityCheckThread:100 - exiting critical section [integrity check]
2024-02-26 14:12:52,368 [INFO] IntegrityCheckThread:103 - End integrity checks thread
2024-02-26 14:13:12,345 [ERROR] LogOutputStream:75 - [STDERR_REDIRECT] SLF4J: Failed to load class "org.slf4j.impl.StaticLoggerBinder".
2024-02-26 14:13:12,346 [ERROR] LogOutputStream:75 - [STDERR_REDIRECT] SLF4J: Defaulting to no-operation (NOP) logger implementation
2024-02-26 14:13:12,347 [ERROR] LogOutputStream:75 - [STDERR_REDIRECT] SLF4J: See http://www.slf4j.org/codes.html#StaticLoggerBinder for further details.
2024-02-26 14:42:25,159 [INFO] McuFinderGlobals:63 - Set McuFinder mode to 2 (CubeIDE integrated)
2024-02-26 14:42:25,199 [INFO] MainUpdater:2873 - connection check result : 22
2024-02-26 14:42:25,211 [INFO] MainUpdater:2873 - connection check result : 22
2024-02-26 14:42:31,640 [INFO] MainUpdater:2873 - connection check result : 10
2024-02-26 14:42:31,877 [INFO] MicroXplorer:468 - Change Database Path : 
2024-02-26 14:42:31,877 [INFO] MicroXplorer:498 - Change Database Version : DB.6.0.100
2024-02-26 14:42:31,882 [WARN] ThirdParty:871 - waiting for thirdparty lock release [close project]
2024-02-26 14:42:31,882 [INFO] ThirdParty:873 - entering critical section [close project]
2024-02-26 14:42:31,883 [INFO] ThirdParty:883 - exiting critical section [close project]
2024-02-26 14:42:31,885 [INFO] PinOutPanel:1499 - setPackage(No Configuration,No Configuration)
2024-02-26 14:42:31,887 [INFO] UtilMem:75 - Begin LoadConfig() Used Memory: 433438992 Bytes (622854144)
2024-02-26 14:42:31,888 [INFO] MicroXplorer:468 - Change Database Path : 
2024-02-26 14:42:31,888 [INFO] MicroXplorer:498 - Change Database Version : DB.6.0.100
2024-02-26 14:42:31,888 [INFO] OpenFileManager:312 - Change cursor
2024-02-26 14:42:31,927 [INFO] Mcu:2016 - Initializing MCU STM32F401C(B-C)Ux STM32F401CCUx STM32F401CCU6
2024-02-26 14:42:33,132 [INFO] Context:659 - Trying to add GPIOservice into a context  which must be forbidden
2024-02-26 14:42:33,637 [INFO] RtosManager:555 - Registered RTOS mode: class=CMSIS, group=RTOS, mode=CMSIS_V1, owner=FREERTOS
2024-02-26 14:42:33,637 [INFO] RtosManager:555 - Registered RTOS mode: class=CMSIS, group=RTOS2, mode=CMSIS_V2, owner=FREERTOS
2024-02-26 14:42:33,638 [INFO] RtosManager:555 - Registered RTOS mode: class=RTOS, group=Core, mode=CMSIS_V1, owner=FREERTOS
2024-02-26 14:42:33,638 [INFO] RtosManager:555 - Registered RTOS mode: class=RTOS, group=Core, mode=CMSIS_V2, owner=FREERTOS
2024-02-26 14:42:33,638 [WARN] ModelIntegratedComponent:184 - Missing modes for component STMicroelectronics:FreeRTOS:0.0.1:STMicroelectronics:RTOS:FreeRTOS:Core:::10.2.0:
2024-02-26 14:42:33,647 [WARN] ModelIntegratedComponent:182 - Modes not found for component STMicroelectronics:USB_HOST:1.0.0:STMicroelectronics:USB::USB Host:Audio HS::1.0:USB_HOST_1_0_RESTRICTED_HS
2024-02-26 14:42:33,647 [WARN] ModelIntegratedComponent:188 - Modes not found for component STMicroelectronics:USB_HOST:1.0.0:STMicroelectronics:USB::USB Host:Audio HS::1.0:USB_HOST_1_0_RESTRICTED_HS
2024-02-26 14:42:33,647 [WARN] ModelIntegratedComponent:182 - Modes not found for component STMicroelectronics:USB_HOST:1.0.0:STMicroelectronics:USB::USB Host:CDC HS::1.0:USB_HOST_1_0_RESTRICTED_HS
2024-02-26 14:42:33,647 [WARN] ModelIntegratedComponent:188 - Modes not found for component STMicroelectronics:USB_HOST:1.0.0:STMicroelectronics:USB::USB Host:CDC HS::1.0:USB_HOST_1_0_RESTRICTED_HS
2024-02-26 14:42:33,648 [WARN] ModelIntegratedComponent:182 - Modes not found for component STMicroelectronics:USB_HOST:1.0.0:STMicroelectronics:USB::USB Host:MSC HS::1.0:USB_HOST_1_0_RESTRICTED_HS
2024-02-26 14:42:33,648 [WARN] ModelIntegratedComponent:188 - Modes not found for component STMicroelectronics:USB_HOST:1.0.0:STMicroelectronics:USB::USB Host:MSC HS::1.0:USB_HOST_1_0_RESTRICTED_HS
2024-02-26 14:42:33,648 [WARN] ModelIntegratedComponent:182 - Modes not found for component STMicroelectronics:USB_HOST:1.0.0:STMicroelectronics:USB::USB Host:HID HS::1.0:USB_HOST_1_0_RESTRICTED_HS
2024-02-26 14:42:33,648 [WARN] ModelIntegratedComponent:188 - Modes not found for component STMicroelectronics:USB_HOST:1.0.0:STMicroelectronics:USB::USB Host:HID HS::1.0:USB_HOST_1_0_RESTRICTED_HS
2024-02-26 14:42:33,648 [WARN] ModelIntegratedComponent:182 - Modes not found for component STMicroelectronics:USB_HOST:1.0.0:STMicroelectronics:USB::USB Host:MTP HS::1.0:USB_HOST_1_0_RESTRICTED_HS
2024-02-26 14:42:33,648 [WARN] ModelIntegratedComponent:188 - Modes not found for component STMicroelectronics:USB_HOST:1.0.0:STMicroelectronics:USB::USB Host:MTP HS::1.0:USB_HOST_1_0_RESTRICTED_HS
2024-02-26 14:42:33,660 [WARN] ModelIntegratedComponent:63 - No mode defined for component null
2024-02-26 14:42:33,660 [WARN] ModelIntegratedComponent:63 - No mode defined for component null
2024-02-26 14:42:33,660 [WARN] ModelIntegratedComponent:63 - No mode defined for component null
2024-02-26 14:42:33,661 [WARN] ModelIntegratedComponent:63 - No mode defined for component null
2024-02-26 14:42:33,661 [WARN] ModelIntegratedComponent:63 - No mode defined for component null
2024-02-26 14:42:33,661 [WARN] ModelIntegratedComponent:63 - No mode defined for component null
2024-02-26 14:42:33,661 [WARN] ModelIntegratedComponent:63 - No mode defined for component null
2024-02-26 14:42:33,661 [WARN] ModelIntegratedComponent:63 - No mode defined for component null
2024-02-26 14:42:33,661 [WARN] ModelIntegratedComponent:63 - No mode defined for component null
2024-02-26 14:42:33,661 [WARN] ModelIntegratedComponent:63 - No mode defined for component null
2024-02-26 14:42:33,661 [WARN] ModelIntegratedComponent:63 - No mode defined for component null
2024-02-26 14:42:33,661 [WARN] ModelIntegratedComponent:63 - No mode defined for component null
2024-02-26 14:42:33,661 [WARN] ModelIntegratedComponent:63 - No mode defined for component null
2024-02-26 14:42:33,661 [WARN] ModelIntegratedComponent:63 - No mode defined for component null
2024-02-26 14:42:33,661 [WARN] ModelIntegratedComponent:63 - No mode defined for component null
2024-02-26 14:42:33,661 [WARN] ModelIntegratedComponent:63 - No mode defined for component null
2024-02-26 14:42:33,661 [WARN] ModelIntegratedComponent:63 - No mode defined for component null
2024-02-26 14:42:33,661 [WARN] ModelIntegratedComponent:63 - No mode defined for component null
2024-02-26 14:42:33,662 [WARN] ModelIntegratedComponent:63 - No mode defined for component null
2024-02-26 14:42:33,662 [WARN] ModelIntegratedComponent:63 - No mode defined for component null
2024-02-26 14:42:33,662 [WARN] ModelIntegratedComponent:63 - No mode defined for component null
2024-02-26 14:42:33,662 [WARN] ModelIntegratedComponent:63 - No mode defined for component null
2024-02-26 14:42:33,662 [WARN] ModelIntegratedComponent:63 - No mode defined for component null
2024-02-26 14:42:33,662 [WARN] ModelIntegratedComponent:63 - No mode defined for component null
2024-02-26 14:42:33,662 [WARN] ModelIntegratedComponent:63 - No mode defined for component null
2024-02-26 14:42:33,662 [WARN] ModelIntegratedComponent:63 - No mode defined for component null
2024-02-26 14:42:33,662 [WARN] ModelIntegratedComponent:63 - No mode defined for component null
2024-02-26 14:42:33,662 [WARN] ModelIntegratedComponent:63 - No mode defined for component null
2024-02-26 14:42:33,662 [WARN] ModelIntegratedComponent:63 - No mode defined for component null
2024-02-26 14:42:33,662 [WARN] ModelIntegratedComponent:63 - No mode defined for component null
2024-02-26 14:42:33,662 [WARN] ModelIntegratedComponent:63 - No mode defined for component null
2024-02-26 14:42:33,662 [WARN] ModelIntegratedComponent:63 - No mode defined for component null
2024-02-26 14:42:33,662 [WARN] ModelIntegratedComponent:63 - No mode defined for component null
2024-02-26 14:42:33,764 [WARN] ModelIntegratedComponent:182 - Modes not found for component STMicroelectronics:USB_DEVICE:1.0.0:STMicroelectronics:USB::USB Device:Audio HS::1.0:USB_DEVICE_1_0_RESTRICTED_HS
2024-02-26 14:42:33,764 [WARN] ModelIntegratedComponent:188 - Modes not found for component STMicroelectronics:USB_DEVICE:1.0.0:STMicroelectronics:USB::USB Device:Audio HS::1.0:USB_DEVICE_1_0_RESTRICTED_HS
2024-02-26 14:42:33,764 [WARN] ModelIntegratedComponent:182 - Modes not found for component STMicroelectronics:USB_DEVICE:1.0.0:STMicroelectronics:USB::USB Device:CDC HS::1.0:USB_DEVICE_1_0_RESTRICTED_HS
2024-02-26 14:42:33,764 [WARN] ModelIntegratedComponent:188 - Modes not found for component STMicroelectronics:USB_DEVICE:1.0.0:STMicroelectronics:USB::USB Device:CDC HS::1.0:USB_DEVICE_1_0_RESTRICTED_HS
2024-02-26 14:42:33,764 [WARN] ModelIntegratedComponent:182 - Modes not found for component STMicroelectronics:USB_DEVICE:1.0.0:STMicroelectronics:USB::USB Device:DFU HS::1.0:USB_DEVICE_1_0_RESTRICTED_HS
2024-02-26 14:42:33,764 [WARN] ModelIntegratedComponent:188 - Modes not found for component STMicroelectronics:USB_DEVICE:1.0.0:STMicroelectronics:USB::USB Device:DFU HS::1.0:USB_DEVICE_1_0_RESTRICTED_HS
2024-02-26 14:42:33,765 [WARN] ModelIntegratedComponent:182 - Modes not found for component STMicroelectronics:USB_DEVICE:1.0.0:STMicroelectronics:USB::USB Device:HID HS::1.0:USB_DEVICE_1_0_RESTRICTED_HS
2024-02-26 14:42:33,765 [WARN] ModelIntegratedComponent:188 - Modes not found for component STMicroelectronics:USB_DEVICE:1.0.0:STMicroelectronics:USB::USB Device:HID HS::1.0:USB_DEVICE_1_0_RESTRICTED_HS
2024-02-26 14:42:33,765 [WARN] ModelIntegratedComponent:182 - Modes not found for component STMicroelectronics:USB_DEVICE:1.0.0:STMicroelectronics:USB::USB Device:Custom HID HS::1.0:USB_DEVICE_1_0_RESTRICTED_HS
2024-02-26 14:42:33,765 [WARN] ModelIntegratedComponent:188 - Modes not found for component STMicroelectronics:USB_DEVICE:1.0.0:STMicroelectronics:USB::USB Device:Custom HID HS::1.0:USB_DEVICE_1_0_RESTRICTED_HS
2024-02-26 14:42:33,765 [WARN] ModelIntegratedComponent:182 - Modes not found for component STMicroelectronics:USB_DEVICE:1.0.0:STMicroelectronics:USB::USB Device:MSC HS::1.0:USB_DEVICE_1_0_RESTRICTED_HS
2024-02-26 14:42:33,765 [WARN] ModelIntegratedComponent:188 - Modes not found for component STMicroelectronics:USB_DEVICE:1.0.0:STMicroelectronics:USB::USB Device:MSC HS::1.0:USB_DEVICE_1_0_RESTRICTED_HS
2024-02-26 14:42:33,785 [INFO] ThirdPartyModel:298 - Start build external matchings
2024-02-26 14:42:34,041 [INFO] ThirdPartyModel:316 - End build external matchings
2024-02-26 14:42:34,281 [INFO] UtilMem:75 - End LoadConfig() Used Memory: 196575888 Bytes (622854144)
2024-02-26 14:42:34,430 [INFO] ApiDb:581 - Connected to CubeFinder SQLite database (C:\Users\adith\.stmcufinder\plugins\mcufinder\mcu\cube-finder-db.db)
2024-02-26 14:42:34,521 [INFO] ApiDb:668 - CubeFinder database Data Model version=2.1
2024-02-26 14:42:34,521 [INFO] ApiDb:669 - CubeFinder database Configuration version=3.0.39
2024-02-26 14:42:34,522 [INFO] ApiDb:670 - CubeFinder database generation date=2024-01-11 (1704964531)
2024-02-26 14:42:34,522 [INFO] ApiDb:671 - CubeFinder database FW Pack versions=[FP-ATR-ASTRA1_V2.0.0, FP-SNS-FLIGHT1_V5.0.1, FP-SNS-FLIGHT1_V5.0.2, FP-SNS-MOTENV1_V4.3.1, FP-SNS-MOTENV1_V4.3.2, FP-SNS-MOTENVWB1_V1.3.1, FP-SNS-SMARTAG2_V1.2.0, STM32Cube_FW_C0_V1.1.0, STM32Cube_FW_F4_V1.28.0, STM32Cube_FW_F7_V1.17.0, STM32Cube_FW_G0_V1.6.2, STM32Cube_FW_G4_V1.5.2, STM32Cube_FW_H5_V0.5.1, STM32Cube_FW_H5_V1.1.1, STM32Cube_FW_H5_V1.2.0RC2, STM32Cube_FW_H7_V1.11.0, STM32Cube_FW_L0_V1.12.2, STM32Cube_FW_L5_V1.5.0, STM32Cube_FW_U5_V1.3.0RC4, STM32Cube_FW_U5_V1.4.0, STM32Cube_FW_WBA_V1.0.0RC1, STM32Cube_FW_WBA_V1.1.0RC1, STM32Cube_FW_WBA_V1.2.0, STM32Cube_FW_WBA_V1.2.0RC2, STM32Cube_FW_WB_V1.15.0RC1, STM32Cube_FW_WB_V1.16.0, STM32Cube_FW_WB_V1.16.0RC2, STM32Cube_FW_WB_V1.18.0, STM32Cube_FW_WL_V1.3.0, X-CUBE-ALGOBUILD_V1.3.0, X-CUBE-ALS_V1.0.1, X-CUBE-AZRTOS-F4_V1.1.0, X-CUBE-AZRTOS-F7_V1.1.0, X-CUBE-AZRTOS-G0_V1.1.0, X-CUBE-AZRTOS-G4_V2.0.0, X-CUBE-AZRTOS-H7_V3.2.0, X-CUBE-AZRTOS-L4_V1.0.0, X-CUBE-AZRTOS-L4_V2.0.0, X-CUBE-AZRTOS-L5_V1.1.0, X-CUBE-AZRTOS-WB_V2.0.0, X-CUBE-AZRTOS-WL_V2.0.0, X-CUBE-BLE1_V7.0.0, X-CUBE-BLE2_V3.3.0, X-CUBE-BLEMGR_V3.0.0, X-CUBE-EEPRMA1_V4.1.0, X-CUBE-EEPRMA1_V4.2.0, X-CUBE-FREERTOS_V1.1.0, X-CUBE-GNSS1_V6.0.0, X-CUBE-MEMS1_V10.0.0, X-CUBE-MEMS1_V9.1.0, X-CUBE-MEMS1_V9.4.0, X-CUBE-MEMS1_V9.6.0, X-CUBE-NFC4_V3.0.0, X-CUBE-NFC7_V1.0.1, X-CUBE-SFXS2LP1_V4.0.0, X-CUBE-SUBG2_V5.0.0, X-CUBE-TOF1_V3.4.0]
2024-02-26 14:42:38,509 [INFO] ApiDb:240 - Found 371 in-development CPN: [B-G473E-ZEST1S, B-WB1M-WPAN1, B-WL5M-SUBG1, NUCLEO-C031C6, NUCLEO-H503RB, NUCLEO-H563ZI, NUCLEO-U545RE-Q, NUCLEO-U5A5ZJ-Q, NUCLEO-WBA52CG, NUCLEO-WBA55CG, STEVAL-MKBOXPRO, STEVAL-PROTEUS1, STEVAL-STWINBX1, STM320518-EVAL, STM32C0116-DK, STM32C011D6Y3TR, STM32C011D6Y6TR, STM32C011F4P3, STM32C011F4P6, STM32C011F4U3, STM32C011F4U6TR, STM32C011F6P3, STM32C011F6P6, STM32C011F6U3, STM32C011F6U6TR, STM32C011J4M3, STM32C011J4M6, STM32C011J6M3, STM32C011J6M6, STM32C0316-DK, STM32C031C4T3, STM32C031C4T6, STM32C031C4U3, STM32C031C4U6, STM32C031C6T3, STM32C031C6T6, STM32C031C6U3, STM32C031C6U6, STM32C031F4P3, STM32C031F4P6, STM32C031F6P3, STM32C031F6P6, STM32C031G4U3, STM32C031G4U6, STM32C031G6U3, STM32C031G6U6, STM32C031K4T3, STM32C031K4T6, STM32C031K4U3, STM32C031K4U6, STM32C031K6T3, STM32C031K6T6, STM32C031K6U3, STM32C031K6U6, STM32G071K8TXN, STM32G071K8UXN, STM32G081GBU6N, STM32G081KBT6N, STM32G081KBUXN, STM32G0B1CCT6N, STM32G0B1KCT6, STM32G0B1NEY6TR, STM32G0B1RCT6N, STM32G0C1CCT6, STM32G0C1CCT6N, STM32G0C1CCU6N, STM32G0C1CET6N, STM32G0C1CEU6N, STM32G0C1KCT6, STM32G0C1NEY6TR, STM32G0C1RCI6N, STM32G0C1RCT6N, STM32G0C1REI6N, STM32G0C1RET6N, STM32G0C1VCI6, STM32G0C1VEI6, STM32G471CCT6, STM32G471CCU6, STM32G471CET3, STM32G471CET6, STM32G471CEU3, STM32G471CEU6, STM32G471MCT6, STM32G471MET3, STM32G471MET6, STM32G471MEY6TR, STM32G471QCT6, STM32G471QET3, STM32G471RCT6, STM32G471RET3, STM32G471RET6, STM32G471VCH6, STM32G471VCI6, STM32G471VCT6, STM32G471VEH3, STM32G471VEH6, STM32G471VEI3, STM32G471VEI6, STM32G471VET3, STM32G471VET6, STM32G474CCT6, STM32H503CBT6, STM32H503CBU6, STM32H503EBY6TR, STM32H503KBU6, STM32H503RBT6, STM32H562AGI6, STM32H562AII6, STM32H562IGK6, STM32H562IGT6, STM32H562IIK6, STM32H562IIT6, STM32H562RGT6, STM32H562RGV6, STM32H562RIT6, STM32H562RIV6, STM32H562VGT6, STM32H562VIT6, STM32H562ZGT6, STM32H562ZIT6, STM32H563AGI6, STM32H563AII3Q, STM32H563AII6, STM32H563IGK6, STM32H563IGT6, STM32H563IIK3Q, STM32H563IIK6, STM32H563IIT3Q, STM32H563IIT6, STM32H563MIY3QTR, STM32H563RGT6, STM32H563RGV6, STM32H563RIT6, STM32H563RIV6, STM32H563VGT6, STM32H563VIT3Q, STM32H563VIT6, STM32H563ZGT6, STM32H563ZIT3Q, STM32H563ZIT6, STM32H573AII3Q, STM32H573AII6, STM32H573I-DK, STM32H573IIK3Q, STM32H573IIK6, STM32H573IIT3Q, STM32H573IIT6, STM32H573MIY3QTR, STM32H573RIT6, STM32H573RIV6, STM32H573VIT3Q, STM32H573VIT6, STM32H573ZIT3Q, STM32H573ZIT6, STM32L4R5QGI6STR, STM32MP131AAE3, STM32MP131AAF3, STM32MP131AAG3, STM32MP131CAE3, STM32MP131CAF3, STM32MP131CAG3, STM32MP131DAE7, STM32MP131DAF7, STM32MP131DAG7, STM32MP131FAE7, STM32MP131FAF7, STM32MP131FAG7, STM32MP133AAE3, STM32MP133AAF3, STM32MP133AAG3, STM32MP133CAE3, STM32MP133CAF3, STM32MP133CAG3, STM32MP133DAE7, STM32MP133DAF7, STM32MP133DAG7, STM32MP133FAE7, STM32MP133FAF7, STM32MP133FAG7, STM32MP135AAE3, STM32MP135AAF3, STM32MP135AAG3, STM32MP135CAE3, STM32MP135CAF3, STM32MP135CAG3, STM32MP135DAE7, STM32MP135DAF7, STM32MP135DAG7, STM32MP135F-DK, STM32MP135FAE7, STM32MP135FAF7, STM32MP135FAF7T, STM32MP135FAF7U, STM32MP135FAG7, STM32U535CBT6, STM32U535CBT6Q, STM32U535CBU6, STM32U535CBU6Q, STM32U535CCT6, STM32U535CCT6Q, STM32U535CCU6, STM32U535CCU6Q, STM32U535CET6, STM32U535CET6Q, STM32U535CEU6, STM32U535CEU6Q, STM32U535JEY6QTR, STM32U535NCY6QTR, STM32U535NEY6QTR, STM32U535RBI6, STM32U535RBI6Q, STM32U535RBT6, STM32U535RBT6Q, STM32U535RCI6, STM32U535RCI6Q, STM32U535RCT6, STM32U535RCT6Q, STM32U535REI6, STM32U535REI6Q, STM32U535RET6, STM32U535RET6Q, STM32U535VCI6, STM32U535VCI6Q, STM32U535VCT6, STM32U535VCT6Q, STM32U535VEI6, STM32U535VEI6Q, STM32U535VET6, STM32U535VET6Q, STM32U545CET6, STM32U545CET6Q, STM32U545CEU6, STM32U545CEU6Q, STM32U545JEY6QTR, STM32U545NEY6QTR, STM32U545REI6, STM32U545REI6Q, STM32U545RET6, STM32U545RET6Q, STM32U545VEI6, STM32U545VEI6Q, STM32U545VET6, STM32U545VET6Q, STM32U595AIH6, STM32U595AIH6Q, STM32U595AJH6, STM32U595AJH6Q, STM32U595QII6, STM32U595QII6Q, STM32U595QJI6, STM32U595QJI6Q, STM32U595RIT6, STM32U595RIT6Q, STM32U595RJT6, STM32U595RJT6Q, STM32U595VIT6, STM32U595VIT6Q, STM32U595VJT6, STM32U595VJT6Q, STM32U595ZIT6, STM32U595ZIT6Q, STM32U595ZIY6QTR, STM32U595ZJT6, STM32U595ZJT6Q, STM32U595ZJY6QTR, STM32U599BJY6QTR, STM32U599NIH6Q, STM32U599NJH6Q, STM32U599VIT6Q, STM32U599VJT6, STM32U599VJT6Q, STM32U599ZIT6Q, STM32U599ZIY6QTR, STM32U599ZJT6Q, STM32U599ZJY6QTR, STM32U5A5AJH6, STM32U5A5AJH6Q, STM32U5A5QJI6, STM32U5A5QJI6Q, STM32U5A5RJT6, STM32U5A5RJT6Q, STM32U5A5VJT6, STM32U5A5VJT6Q, STM32U5A5ZJT6, STM32U5A5ZJT6Q, STM32U5A5ZJY6QTR, STM32U5A9BJY6QTR, STM32U5A9J-DK, STM32U5A9NJH6Q, STM32U5A9VJT6Q, STM32U5A9ZJT6Q, STM32U5A9ZJY6QTR, STM32U5F7VIT6, STM32U5F7VIT6Q, STM32U5F7VJT6, STM32U5F7VJT6Q, STM32U5F9BJY6QTR, STM32U5F9NJH6Q, STM32U5F9VIT6Q, STM32U5F9VJT6Q, STM32U5F9ZIJ6QTR, STM32U5F9ZIT6Q, STM32U5F9ZJJ6QTR, STM32U5F9ZJT6Q, STM32U5G7VJT6, STM32U5G7VJT6Q, STM32U5G9BJY6QTR, STM32U5G9J-DK1, STM32U5G9J-DK2, STM32U5G9NJH6Q, STM32U5G9VJT6Q, STM32U5G9ZJJ6QTR, STM32U5G9ZJT6Q, STM32WB1MMCH6, STM32WBA50KEU6, STM32WBA50KEU6TR, STM32WBA50KGU6, STM32WBA50KGU6TR, STM32WBA52CEU6, STM32WBA52CEU6TR, STM32WBA52CEU7, STM32WBA52CEU7TR, STM32WBA52CGU6, STM32WBA52CGU6TR, STM32WBA52CGU6U, STM32WBA52CGU7, STM32WBA52CGU7TR, STM32WBA52KEU6, STM32WBA52KEU6TR, STM32WBA52KGU6, STM32WBA52KGU6TR, STM32WBA54CEU6, STM32WBA54CEU6TR, STM32WBA54CEU7, STM32WBA54CEU7TR, STM32WBA54CGU6, STM32WBA54CGU6TR, STM32WBA54CGU7, STM32WBA54CGU7TR, STM32WBA54KEU6, STM32WBA54KEU6TR, STM32WBA54KEU7, STM32WBA54KEU7TR, STM32WBA54KGU6, STM32WBA54KGU6TR, STM32WBA54KGU7, STM32WBA54KGU7TR, STM32WBA55CEU6, STM32WBA55CEU6TR, STM32WBA55CEU7, STM32WBA55CEU7TR, STM32WBA55CGU6, STM32WBA55CGU6TR, STM32WBA55CGU6U, STM32WBA55CGU7, STM32WBA55CGU7TR, STM32WBA55G-DK1, STM32WBA55HEF6, STM32WBA55HEF7, STM32WBA55HGF6, STM32WBA55HGF7, STM32WBA55UEI6, STM32WBA55UEI6TR, STM32WBA55UEI7, STM32WBA55UEI7TR, STM32WBA55UGI6, STM32WBA55UGI6TR, STM32WBA55UGI7, STM32WBA55UGI7TR, STM32WL5MOCH6, STM32WL5MOCH6TR]
2024-02-26 14:42:38,513 [INFO] DbMcus:218 - Found 3930 MCUs, 3930 are supported
2024-02-26 14:42:38,514 [INFO] ApiDb:423 - Load user favorites file C:\Users\adith/.stm32cubeide/favorites.mcus.txt: 0 item(s)
2024-02-26 14:42:38,514 [INFO] ApiDb:427 - User favorites MCUs=[]
2024-02-26 14:42:38,514 [INFO] DbMcus:224 - Set 0 / 0 favorites MCUs
2024-02-26 14:42:39,048 [INFO] MicroXplorer:468 - Change Database Path : 
2024-02-26 14:42:39,048 [INFO] MicroXplorer:498 - Change Database Version : DB.6.0.100
2024-02-26 14:42:39,049 [WARN] ThirdParty:833 - waiting for thirdparty lock release [change project]
2024-02-26 14:42:39,049 [INFO] ThirdParty:835 - entering critical section [change project]
2024-02-26 14:42:39,050 [INFO] ThirdParty:1030 - CMSIS Pack Vendor :STMicroelectronics USBPD 4.1
2024-02-26 14:42:39,050 [INFO] ThirdParty:1030 - CMSIS Pack Vendor :STMicroelectronics X-CUBE-GNSS1 6.0.0
2024-02-26 14:42:39,050 [INFO] ThirdParty:1030 - CMSIS Pack Vendor :STMicroelectronics USB_HOST 2.0.0
2024-02-26 14:42:39,050 [INFO] ThirdParty:1030 - CMSIS Pack Vendor :STMicroelectronics X-CUBE-AZRTOS-F4 1.1.0
2024-02-26 14:42:39,050 [INFO] ThirdParty:1030 - CMSIS Pack Vendor :STMicroelectronics LIBJPEG 8.0.0
2024-02-26 14:42:39,050 [INFO] ThirdParty:1030 - CMSIS Pack Vendor :STMicroelectronics X-CUBE-SMBUS 2.1.0
2024-02-26 14:42:39,050 [INFO] ThirdParty:1030 - CMSIS Pack Vendor :STMicroelectronics USB_DEVICE 3.0.0
2024-02-26 14:42:39,050 [INFO] ThirdParty:1030 - CMSIS Pack Vendor :STMicroelectronics X-CUBE-AZRTOS-WB 2.0.0
2024-02-26 14:42:39,050 [INFO] ThirdParty:1030 - CMSIS Pack Vendor :wolfSSL I-CUBE-wolfSSL 5.6.6
2024-02-26 14:42:39,051 [INFO] ThirdParty:1030 - CMSIS Pack Vendor :STMicroelectronics X-CUBE-TOUCHGFX 4.23.0
2024-02-26 14:42:39,051 [INFO] ThirdParty:1030 - CMSIS Pack Vendor :STMicroelectronics X-CUBE-AZRTOS-F7 1.1.0
2024-02-26 14:42:39,051 [INFO] ThirdParty:1030 - CMSIS Pack Vendor :STMicroelectronics X-CUBE-AZRTOS-L5 2.0.0
2024-02-26 14:42:39,051 [INFO] ThirdParty:1030 - CMSIS Pack Vendor :STMicroelectronics USB_DEVICE 2.0.0
2024-02-26 14:42:39,051 [INFO] ThirdParty:1030 - CMSIS Pack Vendor :STMicroelectronics X-CUBE-EEPRMA1 4.2.0
2024-02-26 14:42:39,051 [INFO] ThirdParty:1030 - CMSIS Pack Vendor :ITTIA_DB I-CUBE-ITTIADB 8.8.0
2024-02-26 14:42:39,051 [INFO] ThirdParty:1030 - CMSIS Pack Vendor :STMicroelectronics FP-SNS-MOTENV1 4.3.2
2024-02-26 14:42:39,051 [INFO] ThirdParty:1030 - CMSIS Pack Vendor :STMicroelectronics X-CUBE-ALGOBUILD 1.3.0
2024-02-26 14:42:39,051 [INFO] ThirdParty:1030 - CMSIS Pack Vendor :STMicroelectronics FreeRTOS 0.0.1
2024-02-26 14:42:39,051 [INFO] ThirdParty:1030 - CMSIS Pack Vendor :STMicroelectronics X-CUBE-AZRTOS-G0 1.1.0
2024-02-26 14:42:39,052 [INFO] ThirdParty:1030 - CMSIS Pack Vendor :STMicroelectronics X-CUBE-NFC4 3.0.0
2024-02-26 14:42:39,052 [INFO] ThirdParty:1030 - CMSIS Pack Vendor :STMicroelectronics X-CUBE-SUBG2 5.0.0
2024-02-26 14:42:39,052 [INFO] ThirdParty:1030 - CMSIS Pack Vendor :STMicroelectronics STM32_WPAN 1.0.0
2024-02-26 14:42:39,052 [INFO] ThirdParty:1030 - CMSIS Pack Vendor :STMicroelectronics lwIP 2.0.3
2024-02-26 14:42:39,052 [INFO] ThirdParty:1030 - CMSIS Pack Vendor :STMicroelectronics FP-SNS-FLIGHT1 5.0.2
2024-02-26 14:42:39,052 [INFO] ThirdParty:1030 - CMSIS Pack Vendor :STMicroelectronics USB_HOST 1.0.0
2024-02-26 14:42:39,052 [INFO] ThirdParty:1030 - CMSIS Pack Vendor :STMicroelectronics X-CUBE-AZRTOS-G4 2.0.0
2024-02-26 14:42:39,052 [INFO] ThirdParty:1030 - CMSIS Pack Vendor :STMicroelectronics PDM2PCM 3.1.0
2024-02-26 14:42:39,053 [INFO] ThirdParty:1030 - CMSIS Pack Vendor :Infineon AIROC-Wi-Fi-Bluetooth-STM32 1.5.1
2024-02-26 14:42:39,053 [INFO] ThirdParty:1030 - CMSIS Pack Vendor :STMicroelectronics X-CUBE-BLEMGR 3.0.0
2024-02-26 14:42:39,053 [INFO] ThirdParty:1030 - CMSIS Pack Vendor :STMicroelectronics PDM2PCM 3.3.0
2024-02-26 14:42:39,053 [INFO] ThirdParty:1030 - CMSIS Pack Vendor :STMicroelectronics X-CUBE-DISPLAY 3.0.0
2024-02-26 14:42:39,053 [INFO] ThirdParty:1030 - CMSIS Pack Vendor :STMicroelectronics FP-SNS-MOTENVWB1 1.3.1
2024-02-26 14:42:39,053 [INFO] ThirdParty:1030 - CMSIS Pack Vendor :STMicroelectronics X-CUBE-BLE1 7.0.0
2024-02-26 14:42:39,053 [INFO] ThirdParty:1030 - CMSIS Pack Vendor :STMicroelectronics FP-ATR-SIGFOX1 3.2.0
2024-02-26 14:42:39,053 [INFO] ThirdParty:1030 - CMSIS Pack Vendor :STMicroelectronics X-CUBE-ISPU 2.0.0
2024-02-26 14:42:39,054 [INFO] ThirdParty:1030 - CMSIS Pack Vendor :STMicroelectronics X-CUBE-EEPRMA1 5.1.0
2024-02-26 14:42:39,054 [INFO] ThirdParty:1030 - CMSIS Pack Vendor :STMicroelectronics HAL Drivers 0.0.0
2024-02-26 14:42:39,054 [INFO] ThirdParty:1030 - CMSIS Pack Vendor :STMicroelectronics MBEDTLS 2.16.2
2024-02-26 14:42:39,054 [INFO] ThirdParty:1030 - CMSIS Pack Vendor :emotas I-CUBE-CANOPEN 1.3.0
2024-02-26 14:42:39,054 [INFO] ThirdParty:1030 - CMSIS Pack Vendor :STMicroelectronics X-CUBE-MEMS1 10.0.0
2024-02-26 14:42:39,054 [INFO] ThirdParty:1030 - CMSIS Pack Vendor :STMicroelectronics X-CUBE-FREERTOS 1.1.0
2024-02-26 14:42:39,054 [INFO] ThirdParty:1030 - CMSIS Pack Vendor :STMicroelectronics X-CUBE-NFC7 1.0.1
2024-02-26 14:42:39,054 [INFO] ThirdParty:1030 - CMSIS Pack Vendor :STMicroelectronics MBEDTLS 2.14.1
2024-02-26 14:42:39,054 [INFO] ThirdParty:1030 - CMSIS Pack Vendor :STMicroelectronics X-CUBE-NFC6 3.0.0
2024-02-26 14:42:39,055 [INFO] ThirdParty:1030 - CMSIS Pack Vendor :portGmbH I-Cube-SoM-uGOAL 1.1.0
2024-02-26 14:42:39,055 [INFO] ThirdParty:1030 - CMSIS Pack Vendor :STMicroelectronics X-CUBE-ALS 1.0.1
2024-02-26 14:42:39,055 [INFO] ThirdParty:1030 - CMSIS Pack Vendor :STMicroelectronics ThreadX 1.0.0
2024-02-26 14:42:39,055 [INFO] ThirdParty:1030 - CMSIS Pack Vendor :STMicroelectronics FP-SNS-SMARTAG2 1.2.0
2024-02-26 14:42:39,055 [INFO] ThirdParty:1030 - CMSIS Pack Vendor :STMicroelectronics X-CUBE-AZRTOS-WL 2.0.0
2024-02-26 14:42:39,055 [INFO] ThirdParty:1030 - CMSIS Pack Vendor :SEGGER I-CUBE-embOS 1.3.1
2024-02-26 14:42:39,055 [INFO] ThirdParty:1030 - CMSIS Pack Vendor :STMicroelectronics USB_DEVICE 1.0.0
2024-02-26 14:42:39,055 [INFO] ThirdParty:1030 - CMSIS Pack Vendor :STMicroelectronics X-CUBE-AI 8.1.0
2024-02-26 14:42:39,055 [INFO] ThirdParty:1030 - CMSIS Pack Vendor :STMicroelectronics X-CUBE-AZRTOS-L4 2.0.0
2024-02-26 14:42:39,055 [INFO] ThirdParty:1030 - CMSIS Pack Vendor :STMicroelectronics ThreadX 0.0.2
2024-02-26 14:42:39,055 [INFO] ThirdParty:1030 - CMSIS Pack Vendor :WES I-CUBE-Cesium 1.3.0
2024-02-26 14:42:39,055 [INFO] ThirdParty:1030 - CMSIS Pack Vendor :STMicroelectronics FP-ATR-ASTRA1 2.0.0
2024-02-26 14:42:39,056 [INFO] ThirdParty:1030 - CMSIS Pack Vendor :STMicroelectronics lwIP 2.1.2
2024-02-26 14:42:39,056 [INFO] ThirdParty:1030 - CMSIS Pack Vendor :STMicroelectronics X-CUBE-SFXS2LP1 4.0.0
2024-02-26 14:42:39,056 [INFO] ThirdParty:1030 - CMSIS Pack Vendor :STMicroelectronics X-CUBE-BLE2 3.3.0
2024-02-26 14:42:39,056 [INFO] ThirdParty:1030 - CMSIS Pack Vendor :STMicroelectronics X-CUBE-TOF1 3.4.0
2024-02-26 14:42:39,056 [INFO] ThirdParty:1030 - CMSIS Pack Vendor :STMicroelectronics X-CUBE-AZRTOS-H7 3.2.0
2024-02-26 14:42:39,056 [INFO] ThirdParty:1030 - CMSIS Pack Vendor :STMicroelectronics PDM2PCM 3.2.0
2024-02-26 14:42:39,056 [INFO] ThirdParty:841 - exiting critical section [change project]
2024-02-26 14:42:39,409 [INFO] PinOutPanel:1499 - setPackage(No Configuration,No Configuration)
2024-02-26 14:42:39,411 [INFO] PinOutPanel:1499 - setPackage(STM32F401CCUx,UFQFPN48)
2024-02-26 14:42:39,852 [INFO] UtilMem:75 - Before build in PCC Used Memory: 218547440 Bytes (622854144)
2024-02-26 14:42:40,624 [INFO] UtilMem:75 - After build in PCC Used Memory: 315016432 Bytes (622854144)
2024-02-26 14:42:40,657 [INFO] IPUIPlugin:80 - create IPUIPlugin
2024-02-26 14:42:40,657 [INFO] IPUIPlugin:80 - create IPUIPlugin
2024-02-26 14:42:40,657 [INFO] IPUIPlugin:80 - create IPUIPlugin
2024-02-26 14:42:40,657 [INFO] IPUIPlugin:80 - create IPUIPlugin
2024-02-26 14:42:40,657 [INFO] IPUIPlugin:80 - create IPUIPlugin
2024-02-26 14:42:40,658 [INFO] IPUIPlugin:80 - create IPUIPlugin
2024-02-26 14:42:40,658 [INFO] IPUIPlugin:80 - create IPUIPlugin
2024-02-26 14:42:40,658 [INFO] IPUIPlugin:80 - create IPUIPlugin
2024-02-26 14:42:40,658 [INFO] IPUIPlugin:80 - create IPUIPlugin
2024-02-26 14:42:40,658 [INFO] IPUIPlugin:80 - create IPUIPlugin
2024-02-26 14:42:40,658 [INFO] IPUIPlugin:80 - create IPUIPlugin
2024-02-26 14:42:40,659 [INFO] IPUIPlugin:80 - create IPUIPlugin
2024-02-26 14:42:40,659 [INFO] IPUIPlugin:80 - create IPUIPlugin
2024-02-26 14:42:40,659 [INFO] IPUIPlugin:80 - create IPUIPlugin
2024-02-26 14:42:40,659 [INFO] IPUIPlugin:80 - create IPUIPlugin
2024-02-26 14:42:40,659 [INFO] IPUIPlugin:80 - create IPUIPlugin
2024-02-26 14:42:40,660 [INFO] IPUIPlugin:80 - create IPUIPlugin
2024-02-26 14:42:40,660 [INFO] IPUIPlugin:80 - create IPUIPlugin
2024-02-26 14:42:40,660 [INFO] IPUIPlugin:80 - create IPUIPlugin
2024-02-26 14:42:40,660 [INFO] IPUIPlugin:80 - create IPUIPlugin
2024-02-26 14:42:40,660 [INFO] IPUIPlugin:80 - create IPUIPlugin
2024-02-26 14:42:40,661 [INFO] IPUIPlugin:80 - create IPUIPlugin
2024-02-26 14:42:40,661 [INFO] IPUIPlugin:80 - create IPUIPlugin
2024-02-26 14:42:40,661 [INFO] IPUIPlugin:80 - create IPUIPlugin
2024-02-26 14:42:40,661 [INFO] IPUIPlugin:80 - create IPUIPlugin
2024-02-26 14:42:40,662 [INFO] IPUIPlugin:80 - create IPUIPlugin
2024-02-26 14:42:40,662 [INFO] IPUIPlugin:80 - create IPUIPlugin
2024-02-26 14:42:40,662 [INFO] IPUIPlugin:80 - create IPUIPlugin
2024-02-26 14:42:40,663 [INFO] IPUIPlugin:80 - create IPUIPlugin
2024-02-26 14:42:40,663 [INFO] IPUIPlugin:80 - create IPUIPlugin
2024-02-26 14:42:40,663 [INFO] IPUIPlugin:80 - create IPUIPlugin
2024-02-26 14:42:40,663 [INFO] IPUIPlugin:80 - create IPUIPlugin
2024-02-26 14:42:40,664 [INFO] IPUIPlugin:80 - create IPUIPlugin
2024-02-26 14:42:40,664 [INFO] IPUIPlugin:80 - create IPUIPlugin
2024-02-26 14:42:40,665 [INFO] IPUIPlugin:80 - create IPUIPlugin
2024-02-26 14:42:40,665 [INFO] IPUIPlugin:80 - create IPUIPlugin
2024-02-26 14:42:40,665 [INFO] IPUIPlugin:80 - create IPUIPlugin
2024-02-26 14:42:40,741 [INFO] ApiDbMcu:508 - Load IP Config File for PDM2PCM
2024-02-26 14:42:40,933 [INFO] CADModel:165 - CPN selected for project levelSTM32F401CCU6
2024-02-26 14:42:40,933 [INFO] CADModel:114 - Register for checkConnection events
2024-02-26 14:42:40,988 [INFO] OpenFileManager:343 - Restore cursor
2024-02-26 14:51:09,164 [ERROR] ConfigurationRetriever:142 - IOException on connection: Read timed out
2024-02-26 14:53:49,064 [ERROR] ConfigurationRetriever:142 - IOException on connection: Read timed out
2024-02-26 14:53:55,530 [ERROR] ConfigurationRetriever:142 - IOException on connection: Read timed out
2024-02-26 15:07:21,173 [ERROR] ConfigurationRetriever:142 - IOException on connection: Connect timed out
2024-02-26 15:07:23,175 [ERROR] ConfigurationRetriever:142 - IOException on connection: Connect timed out
2024-02-26 15:07:25,177 [ERROR] ConfigurationRetriever:142 - IOException on connection: Connect timed out
2024-02-26 15:07:27,213 [ERROR] ConfigurationRetriever:142 - IOException on connection: Connect timed out
2024-02-26 15:07:29,216 [ERROR] ConfigurationRetriever:142 - IOException on connection: Connect timed out
2024-02-26 15:07:31,219 [ERROR] ConfigurationRetriever:142 - IOException on connection: Connect timed out
2024-02-26 15:08:10,522 [ERROR] ConfigurationRetriever:142 - IOException on connection: sw-center.st.com
2024-02-26 15:08:10,522 [ERROR] ConfigurationRetriever:142 - IOException on connection: sw-center.st.com
2024-02-26 15:08:10,523 [ERROR] ConfigurationRetriever:142 - IOException on connection: sw-center.st.com
2024-02-26 15:10:54,146 [ERROR] ConfigurationRetriever:142 - IOException on connection: Connect timed out
2024-02-26 15:10:56,149 [ERROR] ConfigurationRetriever:142 - IOException on connection: Connect timed out
2024-02-26 15:10:58,150 [ERROR] ConfigurationRetriever:142 - IOException on connection: Connect timed out
2024-02-26 16:31:54,241 [ERROR] LogOutputStream:75 - [STDERR_REDIRECT] 
2024-02-26 16:31:54,244 [ERROR] LogOutputStream:75 - [STDERR_REDIRECT] 
