2024-02-02 15:29:13,862 [INFO] Activator:176 - 


2024-02-02 15:29:13,870 [INFO] Activator:177 - !SESSION log4j initialized
2024-02-02 15:29:22,206 [INFO] LogOutputStream:77 - [STDOUT_REDIRECT] 
2024-02-02 15:29:31,149 [INFO] ApplicationProperties:184 - Using Application install path: C:\Program Files\ST\STM32CubeIDE_1.14.0\STM32CubeIDE\plugins\com.st.stm32cube.common.mx_6.10.0.202311202037
2024-02-02 15:29:31,175 [INFO] DbMcusXml:78 - Set database path to: C:\Program Files\ST\STM32CubeIDE_1.14.0\STM32CubeIDE\plugins\com.st.stm32cube.common.mx_6.10.0.202311202037\\db\/mcu/
2024-02-02 15:29:31,175 [INFO] ApiDb:274 - Set plugin database path to: C:\Program Files\ST\STM32CubeIDE_1.14.0\STM32CubeIDE\plugins\com.st.stm32cube.common.mx_6.10.0.202311202037\\db\/plugins/boardmanager/
2024-02-02 15:29:31,176 [WARN] ApiDb:259 - Overriding images path with different value:  => C:\Program Files\ST\STM32CubeIDE_1.14.0\STM32CubeIDE\plugins\com.st.stm32cube.common.mx_6.10.0.202311202037\\db\/plugins/mcufinder/images/
2024-02-02 15:29:31,186 [INFO] ApiDb:250 - Set database path to: C:\Users\adith\.stmcufinder\plugins\mcufinder//mcu/
2024-02-02 15:29:31,187 [INFO] DbMcusAds:125 - Set database path to: C:\Users\adith\.stmcufinder\plugins\mcufinder//mcu/
2024-02-02 15:29:31,190 [INFO] CrossReferenceDbSqlite:203 - Set database path to: C:\Users\adith\.stmcufinder\plugins\mcufinder//mcu/cs/
2024-02-02 15:29:31,370 [INFO] RulesReader:64 - Compatibility file has been processed (297 Rules)
2024-02-02 15:29:31,495 [INFO] DbMcusXml:78 - Set database path to: C:\Program Files\ST\STM32CubeIDE_1.14.0\STM32CubeIDE\plugins\com.st.stm32cube.common.mx_6.10.0.202311202037\\db\/mcu/
2024-02-02 15:29:31,495 [INFO] ApiDb:274 - Set plugin database path to: C:\Program Files\ST\STM32CubeIDE_1.14.0\STM32CubeIDE\plugins\com.st.stm32cube.common.mx_6.10.0.202311202037\\db\/plugins/boardmanager/
2024-02-02 15:29:31,495 [INFO] ApiDb:261 - Set plugin images path to: C:\Program Files\ST\STM32CubeIDE_1.14.0\STM32CubeIDE\plugins\com.st.stm32cube.common.mx_6.10.0.202311202037\\db\/plugins/mcufinder/images/
2024-02-02 15:29:31,495 [WARN] DbFile:41 - Overriding database path with different value: C:\Users\adith\.stmcufinder\plugins\mcufinder/ => C:\Users\adith\.stmcufinder\plugins\mcufinder
2024-02-02 15:29:31,496 [INFO] ApiDb:250 - Set database path to: C:\Users\adith\.stmcufinder\plugins\mcufinder//mcu/
2024-02-02 15:29:31,496 [WARN] DbFile:41 - Overriding database path with different value: C:\Users\adith\.stmcufinder\plugins\mcufinder/ => C:\Users\adith\.stmcufinder\plugins\mcufinder
2024-02-02 15:29:31,496 [INFO] DbMcusAds:125 - Set database path to: C:\Users\adith\.stmcufinder\plugins\mcufinder//mcu/
2024-02-02 15:29:31,496 [WARN] DbFile:41 - Overriding database path with different value: C:\Users\adith\.stmcufinder\plugins\mcufinder/ => C:\Users\adith\.stmcufinder\plugins\mcufinder
2024-02-02 15:29:31,496 [WARN] DbFile:41 - Overriding database path with different value: C:\Users\adith\.stmcufinder\plugins\mcufinder/ => C:\Users\adith\.stmcufinder\plugins\mcufinder
2024-02-02 15:29:31,496 [INFO] CrossReferenceDbSqlite:203 - Set database path to: C:\Users\adith\.stmcufinder\plugins\mcufinder//mcu/cs/
2024-02-02 15:29:31,601 [INFO] MainPanel:264 - HeapMemory: 268435456
2024-02-02 15:29:31,713 [INFO] DbMcusXml:78 - Set database path to: C:\Program Files\ST\STM32CubeIDE_1.14.0\STM32CubeIDE\plugins\com.st.stm32cube.common.mx_6.10.0.202311202037\\db\/mcu/
2024-02-02 15:29:31,713 [INFO] ApiDb:274 - Set plugin database path to: C:\Program Files\ST\STM32CubeIDE_1.14.0\STM32CubeIDE\plugins\com.st.stm32cube.common.mx_6.10.0.202311202037\\db\/plugins/boardmanager/
2024-02-02 15:29:31,713 [INFO] ApiDb:261 - Set plugin images path to: C:\Program Files\ST\STM32CubeIDE_1.14.0\STM32CubeIDE\plugins\com.st.stm32cube.common.mx_6.10.0.202311202037\\db\/plugins/mcufinder/images/
2024-02-02 15:29:31,713 [WARN] DbFile:41 - Overriding database path with different value: C:\Users\adith\.stmcufinder\plugins\mcufinder/ => C:\Users\adith\.stmcufinder\plugins\mcufinder
2024-02-02 15:29:31,713 [INFO] ApiDb:250 - Set database path to: C:\Users\adith\.stmcufinder\plugins\mcufinder//mcu/
2024-02-02 15:29:31,713 [WARN] DbFile:41 - Overriding database path with different value: C:\Users\adith\.stmcufinder\plugins\mcufinder/ => C:\Users\adith\.stmcufinder\plugins\mcufinder
2024-02-02 15:29:31,714 [INFO] DbMcusAds:125 - Set database path to: C:\Users\adith\.stmcufinder\plugins\mcufinder//mcu/
2024-02-02 15:29:31,715 [WARN] DbFile:41 - Overriding database path with different value: C:\Users\adith\.stmcufinder\plugins\mcufinder/ => C:\Users\adith\.stmcufinder\plugins\mcufinder
2024-02-02 15:29:31,715 [WARN] DbFile:41 - Overriding database path with different value: C:\Users\adith\.stmcufinder\plugins\mcufinder/ => C:\Users\adith\.stmcufinder\plugins\mcufinder
2024-02-02 15:29:31,715 [INFO] CrossReferenceDbSqlite:203 - Set database path to: C:\Users\adith\.stmcufinder\plugins\mcufinder//mcu/cs/
2024-02-02 15:29:31,736 [INFO] ApplicationProperties:184 - Using Application install path: C:\Program Files\ST\STM32CubeIDE_1.14.0\STM32CubeIDE\plugins\com.st.stm32cube.common.mx_6.10.0.202311202037
2024-02-02 15:29:31,738 [INFO] PluginManage:196 - Search for loadable plugins [exclusion list=, ]
2024-02-02 15:29:31,740 [INFO] PluginManage:310 - Check plugin analytics
2024-02-02 15:29:36,493 [INFO] AnalyticsPlugin:253 - Accepted Software Licenses: 
2024-02-02 15:29:36,493 [INFO] AnalyticsPlugin:255 - Accepted CMSIS Pack Licenses: 
2024-02-02 15:29:36,494 [INFO] AnalyticsPlugin:257 - Accepted Firmware Licenses: FW.F4.1.28.0
2024-02-02 15:29:36,497 [INFO] PluginManage:359 - Loaded plugin analytics (category:tool,tabindex:-1)
2024-02-02 15:29:36,497 [INFO] PluginManage:310 - Check plugin cadmodel
2024-02-02 15:29:36,515 [INFO] CADModel:105 - Init CAD model plugin
2024-02-02 15:29:36,515 [INFO] PluginManage:359 - Loaded plugin cadmodel (category:power,tabindex:5)
2024-02-02 15:29:36,515 [INFO] PluginManage:310 - Check plugin clock
2024-02-02 15:29:36,540 [INFO] PluginManage:359 - Loaded plugin clock (category:base,tabindex:2)
2024-02-02 15:29:36,540 [INFO] PluginManage:310 - Check plugin ddr
2024-02-02 15:29:36,542 [INFO] PluginManage:359 - Loaded plugin ddr (category:tool,tabindex:6)
2024-02-02 15:29:36,542 [INFO] PluginManage:310 - Check plugin filemanager
2024-02-02 15:29:36,695 [INFO] PluginManage:359 - Loaded plugin filemanager (category:base,tabindex:10)
2024-02-02 15:29:36,695 [INFO] PluginManage:310 - Check plugin ipmanager
2024-02-02 15:29:36,703 [INFO] PluginManage:359 - Loaded plugin ipmanager (category:base,tabindex:5)
2024-02-02 15:29:36,703 [INFO] PluginManage:310 - Check plugin lpbam
2024-02-02 15:29:36,727 [INFO] PluginManage:359 - Loaded plugin lpbam (category:base,tabindex:0)
2024-02-02 15:29:36,727 [INFO] PluginManage:310 - Check plugin memorymap
2024-02-02 15:29:36,756 [INFO] PluginManage:359 - Loaded plugin memorymap (category:base,tabindex:4)
2024-02-02 15:29:36,756 [INFO] PluginManage:310 - Check plugin pinoutandconfiguration
2024-02-02 15:29:36,776 [INFO] PluginManage:359 - Loaded plugin pinoutandconfiguration (category:base,tabindex:1)
2024-02-02 15:29:36,776 [INFO] PluginManage:310 - Check plugin pinoutconfig
2024-02-02 15:29:36,897 [WARN] SupportedApi:132 - Cannot load RTOS API schema: s4s-elt-must-match.1: The content of 'definitions' must match (annotation?, (simpleType | complexType)?, (unique | key | keyref)*)). A problem was found starting at: attribute.
2024-02-02 15:29:37,076 [INFO] PluginManage:359 - Loaded plugin pinoutconfig (category:base,tabindex:0)
2024-02-02 15:29:37,077 [INFO] PluginManage:310 - Check plugin power
2024-02-02 15:29:37,105 [INFO] PluginManage:359 - Loaded plugin power (category:power,tabindex:4)
2024-02-02 15:29:37,105 [INFO] PluginManage:310 - Check plugin projectmanager
2024-02-02 15:29:37,126 [INFO] PluginManage:359 - Loaded plugin projectmanager (category:projectmanager,tabindex:3)
2024-02-02 15:29:37,127 [INFO] PluginManage:310 - Check plugin thirdparty
2024-02-02 15:29:37,461 [INFO] PluginManage:359 - Loaded plugin thirdparty (category:base,tabindex:-1)
2024-02-02 15:29:37,461 [WARN] IntegrityCheckThread:84 - waiting for thirdparty lock release [integrity check]
2024-02-02 15:29:37,461 [INFO] PluginManage:310 - Check plugin tools
2024-02-02 15:29:37,461 [INFO] IntegrityCheckThread:86 - entering critical section [integrity check]
2024-02-02 15:29:37,461 [INFO] ThirdPartyUpdaterWithRetryManager:70 - Updater plugin not ready yet. [1/15]
2024-02-02 15:29:37,500 [INFO] PluginManage:359 - Loaded plugin tools (category:base,tabindex:7)
2024-02-02 15:29:37,500 [INFO] PluginManage:310 - Check plugin tutovideos
2024-02-02 15:29:37,795 [INFO] PluginManage:359 - Loaded plugin tutovideos (category:base,tabindex:-1)
2024-02-02 15:29:37,795 [INFO] PluginManage:310 - Check plugin updater
2024-02-02 15:29:37,816 [INFO] PluginManage:359 - Loaded plugin updater (category:base,tabindex:12)
2024-02-02 15:29:37,816 [INFO] PluginManage:310 - Check plugin userauth
2024-02-02 15:29:37,827 [INFO] UserAuth:114 - Init User Auth plugin
2024-02-02 15:29:37,828 [INFO] PluginManage:359 - Loaded plugin userauth (category:base,tabindex:14)
2024-02-02 15:29:37,829 [INFO] PluginManage:283 - PluginManage : Loaded plugins [17]
2024-02-02 15:29:38,125 [INFO] PinOutPanel:1499 - setPackage(No Configuration,No Configuration)
2024-02-02 15:29:38,209 [INFO] CADModel:165 - CPN selected for project level
2024-02-02 15:29:38,209 [INFO] CADModel:114 - Register for checkConnection events
2024-02-02 15:29:38,244 [INFO] IPUIPlugin:80 - create IPUIPlugin
2024-02-02 15:29:38,245 [INFO] PluginManager:220 - loadIPPluginJar : add adc
2024-02-02 15:29:38,319 [INFO] IPUIPlugin:80 - create IPUIPlugin
2024-02-02 15:29:38,319 [INFO] PluginManager:220 - loadIPPluginJar : add aes
2024-02-02 15:29:38,405 [INFO] IPUIPlugin:80 - create IPUIPlugin
2024-02-02 15:29:38,405 [INFO] PluginManager:220 - loadIPPluginJar : add can
2024-02-02 15:29:38,449 [INFO] IPUIPlugin:80 - create IPUIPlugin
2024-02-02 15:29:38,450 [INFO] PluginManager:220 - loadIPPluginJar : add comp
2024-02-02 15:29:38,512 [INFO] IPUIPlugin:80 - create IPUIPlugin
2024-02-02 15:29:38,513 [INFO] PluginManager:220 - loadIPPluginJar : add cryp
2024-02-02 15:29:38,575 [INFO] IPUIPlugin:80 - create IPUIPlugin
2024-02-02 15:29:38,576 [INFO] PluginManager:220 - loadIPPluginJar : add dfsdm
2024-02-02 15:29:38,603 [INFO] IPUIPlugin:80 - create IPUIPlugin
2024-02-02 15:29:38,605 [INFO] PluginManager:220 - loadIPPluginJar : add dma
2024-02-02 15:29:38,691 [INFO] IPUIPlugin:80 - create IPUIPlugin
2024-02-02 15:29:38,691 [INFO] PluginManager:220 - loadIPPluginJar : add dma3
2024-02-02 15:29:38,717 [INFO] IPUIPlugin:80 - create IPUIPlugin
2024-02-02 15:29:38,717 [INFO] PluginManager:220 - loadIPPluginJar : add fatfs
2024-02-02 15:29:38,773 [INFO] IPUIPlugin:80 - create IPUIPlugin
2024-02-02 15:29:38,773 [INFO] PluginManager:220 - loadIPPluginJar : add fmc
2024-02-02 15:29:38,793 [INFO] IPUIPlugin:80 - create IPUIPlugin
2024-02-02 15:29:38,794 [INFO] PluginManager:220 - loadIPPluginJar : add freertos
2024-02-02 15:29:38,821 [INFO] IPUIPlugin:80 - create IPUIPlugin
2024-02-02 15:29:38,821 [INFO] PluginManager:220 - loadIPPluginJar : add genericplugin
2024-02-02 15:29:38,934 [INFO] IPUIPlugin:80 - create IPUIPlugin
2024-02-02 15:29:38,935 [INFO] PluginManager:220 - loadIPPluginJar : add gfxmmu
2024-02-02 15:29:39,119 [INFO] IPUIPlugin:80 - create IPUIPlugin
2024-02-02 15:29:39,119 [INFO] PluginManager:220 - loadIPPluginJar : add gic
2024-02-02 15:29:39,145 [INFO] IPUIPlugin:80 - create IPUIPlugin
2024-02-02 15:29:39,145 [INFO] PluginManager:220 - loadIPPluginJar : add gpio
2024-02-02 15:29:39,287 [INFO] IPUIPlugin:80 - create IPUIPlugin
2024-02-02 15:29:39,287 [INFO] PluginManager:220 - loadIPPluginJar : add gtzc
2024-02-02 15:29:39,358 [INFO] IPUIPlugin:80 - create IPUIPlugin
2024-02-02 15:29:39,358 [INFO] PluginManager:220 - loadIPPluginJar : add hash
2024-02-02 15:29:39,468 [INFO] IPUIPlugin:80 - create IPUIPlugin
2024-02-02 15:29:39,468 [INFO] PluginManager:220 - loadIPPluginJar : add i2c
2024-02-02 15:29:39,545 [INFO] IPUIPlugin:80 - create IPUIPlugin
2024-02-02 15:29:39,545 [INFO] PluginManager:220 - loadIPPluginJar : add i2s
2024-02-02 15:29:39,632 [INFO] IPUIPlugin:80 - create IPUIPlugin
2024-02-02 15:29:39,633 [INFO] PluginManager:220 - loadIPPluginJar : add i3c
2024-02-02 15:29:39,794 [INFO] IPUIPlugin:80 - create IPUIPlugin
2024-02-02 15:29:39,794 [INFO] PluginManager:220 - loadIPPluginJar : add ipddr
2024-02-02 15:29:39,891 [INFO] IPUIPlugin:80 - create IPUIPlugin
2024-02-02 15:29:39,892 [INFO] PluginManager:220 - loadIPPluginJar : add linkedlist
2024-02-02 15:29:39,942 [INFO] IPUIPlugin:80 - create IPUIPlugin
2024-02-02 15:29:39,942 [INFO] PluginManager:220 - loadIPPluginJar : add lorawan
2024-02-02 15:29:40,002 [INFO] IPUIPlugin:80 - create IPUIPlugin
2024-02-02 15:29:40,003 [INFO] PluginManager:220 - loadIPPluginJar : add ltdc
2024-02-02 15:29:40,023 [INFO] IPUIPlugin:80 - create IPUIPlugin
2024-02-02 15:29:40,023 [INFO] PluginManager:220 - loadIPPluginJar : add mdma
2024-02-02 15:29:40,041 [INFO] IPUIPlugin:80 - create IPUIPlugin
2024-02-02 15:29:40,041 [INFO] PluginManager:220 - loadIPPluginJar : add nvic
2024-02-02 15:29:40,085 [INFO] IPUIPlugin:80 - create IPUIPlugin
2024-02-02 15:29:40,086 [INFO] PluginManager:220 - loadIPPluginJar : add opamp
2024-02-02 15:29:40,152 [INFO] IPUIPlugin:80 - create IPUIPlugin
2024-02-02 15:29:40,152 [INFO] PluginManager:220 - loadIPPluginJar : add openamp
2024-02-02 15:29:40,205 [INFO] IPUIPlugin:80 - create IPUIPlugin
2024-02-02 15:29:40,205 [INFO] PluginManager:220 - loadIPPluginJar : add pdm2pcm
2024-02-02 15:29:40,226 [INFO] IPUIPlugin:80 - create IPUIPlugin
2024-02-02 15:29:40,228 [INFO] PluginManager:220 - loadIPPluginJar : add plateformsettings
2024-02-02 15:29:40,259 [INFO] IPUIPlugin:80 - create IPUIPlugin
2024-02-02 15:29:40,259 [INFO] PluginManager:220 - loadIPPluginJar : add quadspi
2024-02-02 15:29:40,281 [INFO] IPUIPlugin:80 - create IPUIPlugin
2024-02-02 15:29:40,281 [INFO] PluginManager:220 - loadIPPluginJar : add resmgrutility
2024-02-02 15:29:40,377 [INFO] IPUIPlugin:80 - create IPUIPlugin
2024-02-02 15:29:40,378 [INFO] PluginManager:220 - loadIPPluginJar : add sai
2024-02-02 15:29:40,453 [INFO] IPUIPlugin:80 - create IPUIPlugin
2024-02-02 15:29:40,454 [INFO] PluginManager:220 - loadIPPluginJar : add spi
2024-02-02 15:29:40,463 [INFO] ThirdPartyUpdaterWithRetryManager:70 - Updater plugin not ready yet. [2/15]
2024-02-02 15:29:40,590 [INFO] IPUIPlugin:80 - create IPUIPlugin
2024-02-02 15:29:40,590 [INFO] PluginManager:220 - loadIPPluginJar : add stm32_wpan
2024-02-02 15:29:40,643 [INFO] IPUIPlugin:80 - create IPUIPlugin
2024-02-02 15:29:40,643 [INFO] PluginManager:220 - loadIPPluginJar : add tim
2024-02-02 15:29:40,743 [INFO] IPUIPlugin:80 - create IPUIPlugin
2024-02-02 15:29:40,743 [INFO] PluginManager:220 - loadIPPluginJar : add touchsensing
2024-02-02 15:29:40,783 [INFO] IPUIPlugin:80 - create IPUIPlugin
2024-02-02 15:29:40,783 [INFO] PluginManager:220 - loadIPPluginJar : add tracer_emb
2024-02-02 15:29:40,831 [INFO] IPUIPlugin:80 - create IPUIPlugin
2024-02-02 15:29:40,831 [INFO] PluginManager:220 - loadIPPluginJar : add ts
2024-02-02 15:29:40,868 [INFO] IPUIPlugin:80 - create IPUIPlugin
2024-02-02 15:29:40,868 [INFO] PluginManager:220 - loadIPPluginJar : add tsc
2024-02-02 15:29:40,907 [INFO] IPUIPlugin:80 - create IPUIPlugin
2024-02-02 15:29:40,907 [INFO] PluginManager:220 - loadIPPluginJar : add ucpd
2024-02-02 15:29:40,988 [INFO] IPUIPlugin:80 - create IPUIPlugin
2024-02-02 15:29:40,988 [INFO] PluginManager:220 - loadIPPluginJar : add usart
2024-02-02 15:29:41,080 [INFO] IPUIPlugin:80 - create IPUIPlugin
2024-02-02 15:29:41,080 [INFO] PluginManager:220 - loadIPPluginJar : add usbx
2024-02-02 15:29:41,227 [INFO] CADModel:165 - CPN selected for project level
2024-02-02 15:29:41,227 [INFO] CADModel:114 - Register for checkConnection events
2024-02-02 15:29:41,228 [FATAL] Updater:308 - Updater called before beeing initialized
2024-02-02 15:29:41,228 [ERROR] CADModel:125 - Updater not yet initialized, retry later 
2024-02-02 15:29:41,406 [INFO] CADModel:165 - CPN selected for project level
2024-02-02 15:29:41,406 [INFO] CADModel:114 - Register for checkConnection events
2024-02-02 15:29:41,406 [FATAL] Updater:308 - Updater called before beeing initialized
2024-02-02 15:29:41,406 [ERROR] CADModel:125 - Updater not yet initialized, retry later 
2024-02-02 15:29:41,410 [FATAL] Updater:308 - Updater called before beeing initialized
2024-02-02 15:29:41,543 [FATAL] Updater:308 - Updater called before beeing initialized
2024-02-02 15:29:41,555 [INFO] DbMcusAds:53 - JSON generation date=Wed Nov 29 16:22:27 IST 2023 (1701255147200)
2024-02-02 15:29:41,555 [FATAL] Updater:308 - Updater called before beeing initialized
2024-02-02 15:29:41,720 [WARN] DetailPanel:346 - Failed to get advertising image, set to default
2024-02-02 15:29:41,909 [FATAL] Updater:308 - Updater called before beeing initialized
2024-02-02 15:29:41,911 [FATAL] Updater:308 - Updater called before beeing initialized
2024-02-02 15:29:41,911 [FATAL] Updater:308 - Updater called before beeing initialized
2024-02-02 15:29:41,911 [WARN] DetailPanel:346 - Failed to get advertising image, set to default
2024-02-02 15:29:41,912 [FATAL] Updater:308 - Updater called before beeing initialized
2024-02-02 15:29:41,985 [ERROR] Updater:1120 - MainUpdater not yet initialized. External WinMGr cannot be set.
2024-02-02 15:29:41,996 [INFO] Updater:1056 - Updater Version found : 6.10.0
2024-02-02 15:29:42,015 [INFO] ApplicationProperties:184 - Using Application install path: C:\Program Files\ST\STM32CubeIDE_1.14.0\STM32CubeIDE\plugins\com.st.stm32cube.common.mx_6.10.0.202311202037
2024-02-02 15:29:43,463 [INFO] ThirdPartyUpdaterWithRetryManager:70 - Updater plugin not ready yet. [3/15]
2024-02-02 15:29:43,600 [ERROR] LogOutputStream:75 - [STDERR_REDIRECT] Feb 02, 2024 3:29:43 PM java.util.prefs.WindowsPreferences <init>
2024-02-02 15:29:43,603 [ERROR] LogOutputStream:75 - [STDERR_REDIRECT] WARNING: Could not open/create prefs root node Software\JavaSoft\Prefs at root 0xffffffff80000002. Windows RegCreateKeyEx(...) returned error code 5.
2024-02-02 15:29:43,603 [ERROR] LogOutputStream:75 - [STDERR_REDIRECT] 
2024-02-02 15:29:45,492 [INFO] MainUpdater:2873 - connection check result : 10
2024-02-02 15:29:45,493 [INFO] MainUpdater:290 - Updater Check For Update Now.
2024-02-02 15:29:45,494 [INFO] MicroXplorer:498 - Change Database Version : DB.6.0.100
2024-02-02 15:29:45,519 [INFO] McuFinderGlobals:63 - Set McuFinder mode to 2 (CubeIDE integrated)
2024-02-02 15:29:45,747 [INFO] CheckServerUpdateThread:120 - End of CheckServer Thread
2024-02-02 15:29:46,713 [WARN] PackLoader:240 - Cannot read IP mode file for STMicroelectronics.X-CUBE-SMBUS.2.1.0
2024-02-02 15:29:46,729 [WARN] PackLoader:240 - Cannot read IP mode file for STMicroelectronics.X-CUBE-TOUCHGFX.4.23.0
2024-02-02 15:29:46,785 [WARN] PackLoader:240 - Cannot read IP mode file for STMicroelectronics.X-CUBE-AZRTOS-F7.1.1.0
2024-02-02 15:29:46,813 [WARN] PackLoader:240 - Cannot read IP mode file for STMicroelectronics.FP-SNS-MOTENV1.4.3.2
2024-02-02 15:29:46,832 [WARN] PackLoader:240 - Cannot read IP mode file for STMicroelectronics.FP-SNS-FLIGHT1.5.0.2
2024-02-02 15:29:46,854 [WARN] PackLoader:240 - Cannot read IP mode file for STMicroelectronics.X-CUBE-DISPLAY.3.0.0
2024-02-02 15:29:46,877 [WARN] PackLoader:240 - Cannot read IP mode file for STMicroelectronics.X-CUBE-BLE1.7.0.0
2024-02-02 15:29:46,894 [WARN] PackLoader:240 - Cannot read IP mode file for emotas.I-CUBE-CANOPEN.1.3.0
2024-02-02 15:29:46,911 [WARN] PackLoader:240 - Cannot read IP mode file for STMicroelectronics.FP-SNS-SMARTAG2.1.2.0
2024-02-02 15:29:46,944 [INFO] LogOutputStream:77 - [STDOUT_REDIRECT] 1 : Invalid condition id : UX_CORESTACK_Condition cause : null
2024-02-02 15:29:46,945 [INFO] LogOutputStream:77 - [STDOUT_REDIRECT] 1 : Invalid condition id : UX_CORESTACK_Condition cause : null
2024-02-02 15:29:46,946 [INFO] LogOutputStream:77 - [STDOUT_REDIRECT] 1 : Invalid condition id : UX_CORESTACK_Condition cause : null
2024-02-02 15:29:46,948 [INFO] LogOutputStream:77 - [STDOUT_REDIRECT] 1 : Invalid condition id : UX_CORESTACK_Condition cause : null
2024-02-02 15:29:46,950 [INFO] LogOutputStream:77 - [STDOUT_REDIRECT] 1 : Invalid condition id : UX_CORESTACK_Condition cause : null
2024-02-02 15:29:46,956 [WARN] PackLoader:240 - Cannot read IP mode file for STMicroelectronics.X-CUBE-AZRTOS-WL.2.0.0
2024-02-02 15:29:46,977 [WARN] PackLoader:240 - Cannot read IP mode file for WES.I-CUBE-Cesium.1.3.0
2024-02-02 15:29:46,994 [WARN] PackLoader:240 - Cannot read IP mode file for STMicroelectronics.X-CUBE-BLE2.3.3.0
2024-02-02 15:29:47,010 [WARN] PackLoader:240 - Cannot read IP mode file for STMicroelectronics.X-CUBE-ALGOBUILD.1.3.0
2024-02-02 15:29:47,048 [WARN] PackLoader:240 - Cannot read IP mode file for STMicroelectronics.X-CUBE-AZRTOS-G0.1.1.0
2024-02-02 15:29:47,068 [WARN] PackLoader:240 - Cannot read IP mode file for STMicroelectronics.X-CUBE-NFC4.3.0.0
2024-02-02 15:29:47,090 [WARN] PackLoader:240 - Cannot read IP mode file for STMicroelectronics.X-CUBE-BLEMGR.3.0.0
2024-02-02 15:29:47,107 [WARN] PackLoader:240 - Cannot read IP mode file for STMicroelectronics.FP-ATR-SIGFOX1.3.2.0
2024-02-02 15:29:47,125 [WARN] PackLoader:240 - Cannot read IP mode file for STMicroelectronics.X-CUBE-EEPRMA1.5.1.0
2024-02-02 15:29:47,189 [WARN] PackLoader:240 - Cannot read IP mode file for SEGGER.I-CUBE-embOS.1.3.1
2024-02-02 15:29:47,265 [WARN] PackLoader:240 - Cannot read IP mode file for STMicroelectronics.X-CUBE-GNSS1.6.0.0
2024-02-02 15:29:47,303 [WARN] PackLoader:240 - Cannot read IP mode file for STMicroelectronics.X-CUBE-AZRTOS-F4.1.1.0
2024-02-02 15:29:47,324 [WARN] PackLoader:240 - Cannot read IP mode file for wolfSSL.I-CUBE-wolfSSL.5.6.6
2024-02-02 15:29:47,361 [WARN] PackLoader:240 - Cannot read IP mode file for STMicroelectronics.X-CUBE-AZRTOS-L5.2.0.0
2024-02-02 15:29:47,378 [WARN] PackLoader:240 - Cannot read IP mode file for STMicroelectronics.X-CUBE-EEPRMA1.4.2.0
2024-02-02 15:29:47,396 [WARN] PackLoader:240 - Cannot read IP mode file for ITTIA_DB.I-CUBE-ITTIADB.8.8.0
2024-02-02 15:29:47,413 [WARN] PackLoader:240 - Cannot read IP mode file for STMicroelectronics.X-CUBE-NFC7.1.0.1
2024-02-02 15:29:47,434 [WARN] PackLoader:240 - Cannot read IP mode file for STMicroelectronics.X-CUBE-NFC6.3.0.0
2024-02-02 15:29:47,455 [WARN] PackLoader:240 - Cannot read IP mode file for STMicroelectronics.X-CUBE-AI.8.1.0
2024-02-02 15:29:47,498 [WARN] ConditionMgr:438 - getConditionDescription Invalid condition id : LAN8742 Phy interface Condition cause : null
2024-02-02 15:29:47,499 [WARN] PackLoader:240 - Cannot read IP mode file for STMicroelectronics.X-CUBE-AZRTOS-L4.2.0.0
2024-02-02 15:29:47,501 [WARN] ConditionMgr:1039 - genDependencies : Invalid condition id : LAN8742 Phy interface Condition cause : null
2024-02-02 15:29:47,501 [WARN] ConditionMgr:1039 - genDependencies : Invalid condition id : LAN8742 Phy interface Condition cause : null
2024-02-02 15:29:47,502 [WARN] ConditionMgr:1039 - genDependencies : Invalid condition id : LAN8742 Phy interface Condition cause : null
2024-02-02 15:29:47,520 [WARN] PackLoader:240 - Cannot read IP mode file for STMicroelectronics.X-CUBE-SFXS2LP1.4.0.0
2024-02-02 15:29:47,556 [WARN] ConditionMgr:438 - getConditionDescription Invalid condition id : UX DEVICE CLASS RTOS Condition cause : null
2024-02-02 15:29:47,557 [WARN] ConditionMgr:438 - getConditionDescription Invalid condition id : UX DEVICE CLASS RTOS Condition cause : null
2024-02-02 15:29:47,560 [WARN] PackLoader:240 - Cannot read IP mode file for STMicroelectronics.X-CUBE-AZRTOS-WB.2.0.0
2024-02-02 15:29:47,561 [WARN] ConditionMgr:1039 - genDependencies : Invalid condition id : UX DEVICE CLASS RTOS Condition cause : null
2024-02-02 15:29:47,561 [WARN] ConditionMgr:1039 - genDependencies : Invalid condition id : UX DEVICE CLASS RTOS Condition cause : null
2024-02-02 15:29:47,561 [WARN] ConditionMgr:1039 - genDependencies : Invalid condition id : UX DEVICE CLASS RTOS Condition cause : null
2024-02-02 15:29:47,561 [WARN] ConditionMgr:1039 - genDependencies : Invalid condition id : UX DEVICE CLASS RTOS Condition cause : null
2024-02-02 15:29:47,561 [WARN] ConditionMgr:1039 - genDependencies : Invalid condition id : UX DEVICE CLASS RTOS Condition cause : null
2024-02-02 15:29:47,586 [WARN] PackLoader:240 - Cannot read IP mode file for STMicroelectronics.X-CUBE-SUBG2.5.0.0
2024-02-02 15:29:47,626 [WARN] PackLoader:240 - Cannot read IP mode file for STMicroelectronics.X-CUBE-AZRTOS-G4.2.0.0
2024-02-02 15:29:47,651 [WARN] PackLoader:240 - Cannot read IP mode file for Infineon.AIROC-Wi-Fi-Bluetooth-STM32.1.5.1
2024-02-02 15:29:47,668 [WARN] PackLoader:240 - Cannot read IP mode file for STMicroelectronics.FP-SNS-MOTENVWB1.1.3.1
2024-02-02 15:29:47,682 [WARN] PackLoader:240 - Cannot read IP mode file for STMicroelectronics.X-CUBE-ISPU.2.0.0
2024-02-02 15:29:47,762 [WARN] PackLoader:240 - Cannot read IP mode file for STMicroelectronics.X-CUBE-MEMS1.10.0.0
2024-02-02 15:29:47,970 [WARN] PackLoader:240 - Cannot read IP mode file for STMicroelectronics.X-CUBE-FREERTOS.1.1.0
2024-02-02 15:29:47,984 [WARN] PackLoader:240 - Cannot read IP mode file for portGmbH.I-Cube-SoM-uGOAL.1.1.0
2024-02-02 15:29:47,998 [WARN] PackLoader:240 - Cannot read IP mode file for STMicroelectronics.X-CUBE-ALS.1.0.1
2024-02-02 15:29:48,014 [WARN] PackLoader:240 - Cannot read IP mode file for STMicroelectronics.FP-ATR-ASTRA1.2.0.0
2024-02-02 15:29:48,040 [WARN] PackLoader:240 - Cannot read IP mode file for STMicroelectronics.X-CUBE-TOF1.3.4.0
2024-02-02 15:29:48,092 [WARN] PackLoader:240 - Cannot read IP mode file for STMicroelectronics.X-CUBE-AZRTOS-H7.3.2.0
2024-02-02 15:29:48,097 [INFO] ThirdParty:978 - Integrity check success = true
2024-02-02 15:29:48,097 [INFO] IntegrityCheckThread:100 - exiting critical section [integrity check]
2024-02-02 15:29:48,097 [INFO] IntegrityCheckThread:103 - End integrity checks thread
2024-02-02 15:29:49,603 [INFO] UserAuth:404 - Internet connection configuration mode: 1
2024-02-02 15:29:49,646 [INFO] JxBrowserEngine:152 - Initiate JxBrowser Engine with user profile folder
2024-02-02 15:29:54,297 [INFO] WebApp:161 - Instantiating new browser for Auth
2024-02-02 15:29:54,973 [INFO] WebApp:780 - Register for checkConnection events
2024-02-02 15:29:54,974 [INFO] WebApp:414 - Apply proxy settings
2024-02-02 15:29:54,974 [INFO] WebApp:499 - Chromium requires no authentication
2024-02-02 15:29:54,983 [INFO] WebApp:442 - Direct internet connection detected
2024-02-02 15:29:55,186 [INFO] WebApp:192 - Starting web application
2024-02-02 15:29:55,186 [INFO] WebApp:544 - Web application path used C:\Program Files\ST\STM32CubeIDE_1.14.0\STM32CubeIDE\plugins\com.st.stm32cube.common.mx_6.10.0.202311202037\db\plugins\mcufinder\reactClient1\index.html
2024-02-02 15:30:16,203 [ERROR] LogOutputStream:75 - [STDERR_REDIRECT] SLF4J: Failed to load class "org.slf4j.impl.StaticLoggerBinder".
2024-02-02 15:30:16,206 [ERROR] LogOutputStream:75 - [STDERR_REDIRECT] SLF4J: Defaulting to no-operation (NOP) logger implementation
2024-02-02 15:30:16,210 [ERROR] LogOutputStream:75 - [STDERR_REDIRECT] SLF4J: See http://www.slf4j.org/codes.html#StaticLoggerBinder for further details.
2024-02-02 15:33:02,208 [INFO] McuFinderGlobals:63 - Set McuFinder mode to 2 (CubeIDE integrated)
2024-02-02 15:33:02,244 [INFO] MainUpdater:2873 - connection check result : 10
2024-02-02 15:33:02,257 [INFO] MainUpdater:2873 - connection check result : 10
2024-02-02 15:33:02,606 [INFO] MicroXplorer:468 - Change Database Path : 
2024-02-02 15:33:02,607 [INFO] MicroXplorer:498 - Change Database Version : DB.6.0.100
2024-02-02 15:33:02,615 [WARN] ThirdParty:871 - waiting for thirdparty lock release [close project]
2024-02-02 15:33:02,615 [INFO] ThirdParty:873 - entering critical section [close project]
2024-02-02 15:33:02,617 [INFO] ThirdParty:883 - exiting critical section [close project]
2024-02-02 15:33:02,620 [INFO] PinOutPanel:1499 - setPackage(No Configuration,No Configuration)
2024-02-02 15:33:02,627 [INFO] UtilMem:75 - Begin LoadConfig() Used Memory: 446966848 Bytes (608174080)
2024-02-02 15:33:02,629 [INFO] MicroXplorer:468 - Change Database Path : 
2024-02-02 15:33:02,630 [INFO] MicroXplorer:498 - Change Database Version : DB.6.0.100
2024-02-02 15:33:02,630 [INFO] OpenFileManager:312 - Change cursor
2024-02-02 15:33:02,694 [INFO] Mcu:2016 - Initializing MCU STM32F401C(B-C)Ux STM32F401CCUx STM32F401CCU6
2024-02-02 15:33:04,566 [INFO] Context:659 - Trying to add GPIOservice into a context  which must be forbidden
2024-02-02 15:33:05,209 [INFO] RtosManager:555 - Registered RTOS mode: class=CMSIS, group=RTOS, mode=CMSIS_V1, owner=FREERTOS
2024-02-02 15:33:05,209 [INFO] RtosManager:555 - Registered RTOS mode: class=CMSIS, group=RTOS2, mode=CMSIS_V2, owner=FREERTOS
2024-02-02 15:33:05,209 [INFO] RtosManager:555 - Registered RTOS mode: class=RTOS, group=Core, mode=CMSIS_V1, owner=FREERTOS
2024-02-02 15:33:05,209 [INFO] RtosManager:555 - Registered RTOS mode: class=RTOS, group=Core, mode=CMSIS_V2, owner=FREERTOS
2024-02-02 15:33:05,210 [WARN] ModelIntegratedComponent:184 - Missing modes for component STMicroelectronics:FreeRTOS:0.0.1:STMicroelectronics:RTOS:FreeRTOS:Core:::10.2.0:
2024-02-02 15:33:05,221 [WARN] ModelIntegratedComponent:182 - Modes not found for component STMicroelectronics:USB_HOST:1.0.0:STMicroelectronics:USB::USB Host:Audio HS::1.0:USB_HOST_1_0_RESTRICTED_HS
2024-02-02 15:33:05,221 [WARN] ModelIntegratedComponent:188 - Modes not found for component STMicroelectronics:USB_HOST:1.0.0:STMicroelectronics:USB::USB Host:Audio HS::1.0:USB_HOST_1_0_RESTRICTED_HS
2024-02-02 15:33:05,222 [WARN] ModelIntegratedComponent:182 - Modes not found for component STMicroelectronics:USB_HOST:1.0.0:STMicroelectronics:USB::USB Host:CDC HS::1.0:USB_HOST_1_0_RESTRICTED_HS
2024-02-02 15:33:05,222 [WARN] ModelIntegratedComponent:188 - Modes not found for component STMicroelectronics:USB_HOST:1.0.0:STMicroelectronics:USB::USB Host:CDC HS::1.0:USB_HOST_1_0_RESTRICTED_HS
2024-02-02 15:33:05,222 [WARN] ModelIntegratedComponent:182 - Modes not found for component STMicroelectronics:USB_HOST:1.0.0:STMicroelectronics:USB::USB Host:MSC HS::1.0:USB_HOST_1_0_RESTRICTED_HS
2024-02-02 15:33:05,222 [WARN] ModelIntegratedComponent:188 - Modes not found for component STMicroelectronics:USB_HOST:1.0.0:STMicroelectronics:USB::USB Host:MSC HS::1.0:USB_HOST_1_0_RESTRICTED_HS
2024-02-02 15:33:05,222 [WARN] ModelIntegratedComponent:182 - Modes not found for component STMicroelectronics:USB_HOST:1.0.0:STMicroelectronics:USB::USB Host:HID HS::1.0:USB_HOST_1_0_RESTRICTED_HS
2024-02-02 15:33:05,222 [WARN] ModelIntegratedComponent:188 - Modes not found for component STMicroelectronics:USB_HOST:1.0.0:STMicroelectronics:USB::USB Host:HID HS::1.0:USB_HOST_1_0_RESTRICTED_HS
2024-02-02 15:33:05,222 [WARN] ModelIntegratedComponent:182 - Modes not found for component STMicroelectronics:USB_HOST:1.0.0:STMicroelectronics:USB::USB Host:MTP HS::1.0:USB_HOST_1_0_RESTRICTED_HS
2024-02-02 15:33:05,222 [WARN] ModelIntegratedComponent:188 - Modes not found for component STMicroelectronics:USB_HOST:1.0.0:STMicroelectronics:USB::USB Host:MTP HS::1.0:USB_HOST_1_0_RESTRICTED_HS
2024-02-02 15:33:05,237 [WARN] ModelIntegratedComponent:63 - No mode defined for component null
2024-02-02 15:33:05,238 [WARN] ModelIntegratedComponent:63 - No mode defined for component null
2024-02-02 15:33:05,238 [WARN] ModelIntegratedComponent:63 - No mode defined for component null
2024-02-02 15:33:05,238 [WARN] ModelIntegratedComponent:63 - No mode defined for component null
2024-02-02 15:33:05,238 [WARN] ModelIntegratedComponent:63 - No mode defined for component null
2024-02-02 15:33:05,238 [WARN] ModelIntegratedComponent:63 - No mode defined for component null
2024-02-02 15:33:05,238 [WARN] ModelIntegratedComponent:63 - No mode defined for component null
2024-02-02 15:33:05,238 [WARN] ModelIntegratedComponent:63 - No mode defined for component null
2024-02-02 15:33:05,238 [WARN] ModelIntegratedComponent:63 - No mode defined for component null
2024-02-02 15:33:05,238 [WARN] ModelIntegratedComponent:63 - No mode defined for component null
2024-02-02 15:33:05,238 [WARN] ModelIntegratedComponent:63 - No mode defined for component null
2024-02-02 15:33:05,239 [WARN] ModelIntegratedComponent:63 - No mode defined for component null
2024-02-02 15:33:05,239 [WARN] ModelIntegratedComponent:63 - No mode defined for component null
2024-02-02 15:33:05,239 [WARN] ModelIntegratedComponent:63 - No mode defined for component null
2024-02-02 15:33:05,239 [WARN] ModelIntegratedComponent:63 - No mode defined for component null
2024-02-02 15:33:05,239 [WARN] ModelIntegratedComponent:63 - No mode defined for component null
2024-02-02 15:33:05,239 [WARN] ModelIntegratedComponent:63 - No mode defined for component null
2024-02-02 15:33:05,239 [WARN] ModelIntegratedComponent:63 - No mode defined for component null
2024-02-02 15:33:05,239 [WARN] ModelIntegratedComponent:63 - No mode defined for component null
2024-02-02 15:33:05,239 [WARN] ModelIntegratedComponent:63 - No mode defined for component null
2024-02-02 15:33:05,239 [WARN] ModelIntegratedComponent:63 - No mode defined for component null
2024-02-02 15:33:05,239 [WARN] ModelIntegratedComponent:63 - No mode defined for component null
2024-02-02 15:33:05,239 [WARN] ModelIntegratedComponent:63 - No mode defined for component null
2024-02-02 15:33:05,240 [WARN] ModelIntegratedComponent:63 - No mode defined for component null
2024-02-02 15:33:05,240 [WARN] ModelIntegratedComponent:63 - No mode defined for component null
2024-02-02 15:33:05,240 [WARN] ModelIntegratedComponent:63 - No mode defined for component null
2024-02-02 15:33:05,240 [WARN] ModelIntegratedComponent:63 - No mode defined for component null
2024-02-02 15:33:05,240 [WARN] ModelIntegratedComponent:63 - No mode defined for component null
2024-02-02 15:33:05,240 [WARN] ModelIntegratedComponent:63 - No mode defined for component null
2024-02-02 15:33:05,240 [WARN] ModelIntegratedComponent:63 - No mode defined for component null
2024-02-02 15:33:05,240 [WARN] ModelIntegratedComponent:63 - No mode defined for component null
2024-02-02 15:33:05,240 [WARN] ModelIntegratedComponent:63 - No mode defined for component null
2024-02-02 15:33:05,240 [WARN] ModelIntegratedComponent:63 - No mode defined for component null
2024-02-02 15:33:05,394 [WARN] ModelIntegratedComponent:182 - Modes not found for component STMicroelectronics:USB_DEVICE:1.0.0:STMicroelectronics:USB::USB Device:Audio HS::1.0:USB_DEVICE_1_0_RESTRICTED_HS
2024-02-02 15:33:05,395 [WARN] ModelIntegratedComponent:188 - Modes not found for component STMicroelectronics:USB_DEVICE:1.0.0:STMicroelectronics:USB::USB Device:Audio HS::1.0:USB_DEVICE_1_0_RESTRICTED_HS
2024-02-02 15:33:05,395 [WARN] ModelIntegratedComponent:182 - Modes not found for component STMicroelectronics:USB_DEVICE:1.0.0:STMicroelectronics:USB::USB Device:CDC HS::1.0:USB_DEVICE_1_0_RESTRICTED_HS
2024-02-02 15:33:05,395 [WARN] ModelIntegratedComponent:188 - Modes not found for component STMicroelectronics:USB_DEVICE:1.0.0:STMicroelectronics:USB::USB Device:CDC HS::1.0:USB_DEVICE_1_0_RESTRICTED_HS
2024-02-02 15:33:05,395 [WARN] ModelIntegratedComponent:182 - Modes not found for component STMicroelectronics:USB_DEVICE:1.0.0:STMicroelectronics:USB::USB Device:DFU HS::1.0:USB_DEVICE_1_0_RESTRICTED_HS
2024-02-02 15:33:05,395 [WARN] ModelIntegratedComponent:188 - Modes not found for component STMicroelectronics:USB_DEVICE:1.0.0:STMicroelectronics:USB::USB Device:DFU HS::1.0:USB_DEVICE_1_0_RESTRICTED_HS
2024-02-02 15:33:05,395 [WARN] ModelIntegratedComponent:182 - Modes not found for component STMicroelectronics:USB_DEVICE:1.0.0:STMicroelectronics:USB::USB Device:HID HS::1.0:USB_DEVICE_1_0_RESTRICTED_HS
2024-02-02 15:33:05,395 [WARN] ModelIntegratedComponent:188 - Modes not found for component STMicroelectronics:USB_DEVICE:1.0.0:STMicroelectronics:USB::USB Device:HID HS::1.0:USB_DEVICE_1_0_RESTRICTED_HS
2024-02-02 15:33:05,395 [WARN] ModelIntegratedComponent:182 - Modes not found for component STMicroelectronics:USB_DEVICE:1.0.0:STMicroelectronics:USB::USB Device:Custom HID HS::1.0:USB_DEVICE_1_0_RESTRICTED_HS
2024-02-02 15:33:05,395 [WARN] ModelIntegratedComponent:188 - Modes not found for component STMicroelectronics:USB_DEVICE:1.0.0:STMicroelectronics:USB::USB Device:Custom HID HS::1.0:USB_DEVICE_1_0_RESTRICTED_HS
2024-02-02 15:33:05,395 [WARN] ModelIntegratedComponent:182 - Modes not found for component STMicroelectronics:USB_DEVICE:1.0.0:STMicroelectronics:USB::USB Device:MSC HS::1.0:USB_DEVICE_1_0_RESTRICTED_HS
2024-02-02 15:33:05,395 [WARN] ModelIntegratedComponent:188 - Modes not found for component STMicroelectronics:USB_DEVICE:1.0.0:STMicroelectronics:USB::USB Device:MSC HS::1.0:USB_DEVICE_1_0_RESTRICTED_HS
2024-02-02 15:33:05,420 [INFO] ThirdPartyModel:298 - Start build external matchings
2024-02-02 15:33:05,768 [INFO] ThirdPartyModel:316 - End build external matchings
2024-02-02 15:33:06,054 [INFO] UtilMem:75 - End LoadConfig() Used Memory: 372761208 Bytes (608174080)
2024-02-02 15:33:06,231 [INFO] ApiDb:581 - Connected to CubeFinder SQLite database (C:\Users\adith\.stmcufinder\plugins\mcufinder\mcu\cube-finder-db.db)
2024-02-02 15:33:06,355 [INFO] ApiDb:668 - CubeFinder database Data Model version=2.1
2024-02-02 15:33:06,355 [INFO] ApiDb:669 - CubeFinder database Configuration version=3.0.39
2024-02-02 15:33:06,355 [INFO] ApiDb:670 - CubeFinder database generation date=2024-01-11 (1704964531)
2024-02-02 15:33:06,356 [INFO] ApiDb:671 - CubeFinder database FW Pack versions=[FP-ATR-ASTRA1_V2.0.0, FP-SNS-FLIGHT1_V5.0.1, FP-SNS-FLIGHT1_V5.0.2, FP-SNS-MOTENV1_V4.3.1, FP-SNS-MOTENV1_V4.3.2, FP-SNS-MOTENVWB1_V1.3.1, FP-SNS-SMARTAG2_V1.2.0, STM32Cube_FW_C0_V1.1.0, STM32Cube_FW_F4_V1.28.0, STM32Cube_FW_F7_V1.17.0, STM32Cube_FW_G0_V1.6.2, STM32Cube_FW_G4_V1.5.2, STM32Cube_FW_H5_V0.5.1, STM32Cube_FW_H5_V1.1.1, STM32Cube_FW_H5_V1.2.0RC2, STM32Cube_FW_H7_V1.11.0, STM32Cube_FW_L0_V1.12.2, STM32Cube_FW_L5_V1.5.0, STM32Cube_FW_U5_V1.3.0RC4, STM32Cube_FW_U5_V1.4.0, STM32Cube_FW_WBA_V1.0.0RC1, STM32Cube_FW_WBA_V1.1.0RC1, STM32Cube_FW_WBA_V1.2.0, STM32Cube_FW_WBA_V1.2.0RC2, STM32Cube_FW_WB_V1.15.0RC1, STM32Cube_FW_WB_V1.16.0, STM32Cube_FW_WB_V1.16.0RC2, STM32Cube_FW_WB_V1.18.0, STM32Cube_FW_WL_V1.3.0, X-CUBE-ALGOBUILD_V1.3.0, X-CUBE-ALS_V1.0.1, X-CUBE-AZRTOS-F4_V1.1.0, X-CUBE-AZRTOS-F7_V1.1.0, X-CUBE-AZRTOS-G0_V1.1.0, X-CUBE-AZRTOS-G4_V2.0.0, X-CUBE-AZRTOS-H7_V3.2.0, X-CUBE-AZRTOS-L4_V1.0.0, X-CUBE-AZRTOS-L4_V2.0.0, X-CUBE-AZRTOS-L5_V1.1.0, X-CUBE-AZRTOS-WB_V2.0.0, X-CUBE-AZRTOS-WL_V2.0.0, X-CUBE-BLE1_V7.0.0, X-CUBE-BLE2_V3.3.0, X-CUBE-BLEMGR_V3.0.0, X-CUBE-EEPRMA1_V4.1.0, X-CUBE-EEPRMA1_V4.2.0, X-CUBE-FREERTOS_V1.1.0, X-CUBE-GNSS1_V6.0.0, X-CUBE-MEMS1_V10.0.0, X-CUBE-MEMS1_V9.1.0, X-CUBE-MEMS1_V9.4.0, X-CUBE-MEMS1_V9.6.0, X-CUBE-NFC4_V3.0.0, X-CUBE-NFC7_V1.0.1, X-CUBE-SFXS2LP1_V4.0.0, X-CUBE-SUBG2_V5.0.0, X-CUBE-TOF1_V3.4.0]
2024-02-02 15:33:12,309 [INFO] ApiDb:240 - Found 371 in-development CPN: [B-G473E-ZEST1S, B-WB1M-WPAN1, B-WL5M-SUBG1, NUCLEO-C031C6, NUCLEO-H503RB, NUCLEO-H563ZI, NUCLEO-U545RE-Q, NUCLEO-U5A5ZJ-Q, NUCLEO-WBA52CG, NUCLEO-WBA55CG, STEVAL-MKBOXPRO, STEVAL-PROTEUS1, STEVAL-STWINBX1, STM320518-EVAL, STM32C0116-DK, STM32C011D6Y3TR, STM32C011D6Y6TR, STM32C011F4P3, STM32C011F4P6, STM32C011F4U3, STM32C011F4U6TR, STM32C011F6P3, STM32C011F6P6, STM32C011F6U3, STM32C011F6U6TR, STM32C011J4M3, STM32C011J4M6, STM32C011J6M3, STM32C011J6M6, STM32C0316-DK, STM32C031C4T3, STM32C031C4T6, STM32C031C4U3, STM32C031C4U6, STM32C031C6T3, STM32C031C6T6, STM32C031C6U3, STM32C031C6U6, STM32C031F4P3, STM32C031F4P6, STM32C031F6P3, STM32C031F6P6, STM32C031G4U3, STM32C031G4U6, STM32C031G6U3, STM32C031G6U6, STM32C031K4T3, STM32C031K4T6, STM32C031K4U3, STM32C031K4U6, STM32C031K6T3, STM32C031K6T6, STM32C031K6U3, STM32C031K6U6, STM32G071K8TXN, STM32G071K8UXN, STM32G081GBU6N, STM32G081KBT6N, STM32G081KBUXN, STM32G0B1CCT6N, STM32G0B1KCT6, STM32G0B1NEY6TR, STM32G0B1RCT6N, STM32G0C1CCT6, STM32G0C1CCT6N, STM32G0C1CCU6N, STM32G0C1CET6N, STM32G0C1CEU6N, STM32G0C1KCT6, STM32G0C1NEY6TR, STM32G0C1RCI6N, STM32G0C1RCT6N, STM32G0C1REI6N, STM32G0C1RET6N, STM32G0C1VCI6, STM32G0C1VEI6, STM32G471CCT6, STM32G471CCU6, STM32G471CET3, STM32G471CET6, STM32G471CEU3, STM32G471CEU6, STM32G471MCT6, STM32G471MET3, STM32G471MET6, STM32G471MEY6TR, STM32G471QCT6, STM32G471QET3, STM32G471RCT6, STM32G471RET3, STM32G471RET6, STM32G471VCH6, STM32G471VCI6, STM32G471VCT6, STM32G471VEH3, STM32G471VEH6, STM32G471VEI3, STM32G471VEI6, STM32G471VET3, STM32G471VET6, STM32G474CCT6, STM32H503CBT6, STM32H503CBU6, STM32H503EBY6TR, STM32H503KBU6, STM32H503RBT6, STM32H562AGI6, STM32H562AII6, STM32H562IGK6, STM32H562IGT6, STM32H562IIK6, STM32H562IIT6, STM32H562RGT6, STM32H562RGV6, STM32H562RIT6, STM32H562RIV6, STM32H562VGT6, STM32H562VIT6, STM32H562ZGT6, STM32H562ZIT6, STM32H563AGI6, STM32H563AII3Q, STM32H563AII6, STM32H563IGK6, STM32H563IGT6, STM32H563IIK3Q, STM32H563IIK6, STM32H563IIT3Q, STM32H563IIT6, STM32H563MIY3QTR, STM32H563RGT6, STM32H563RGV6, STM32H563RIT6, STM32H563RIV6, STM32H563VGT6, STM32H563VIT3Q, STM32H563VIT6, STM32H563ZGT6, STM32H563ZIT3Q, STM32H563ZIT6, STM32H573AII3Q, STM32H573AII6, STM32H573I-DK, STM32H573IIK3Q, STM32H573IIK6, STM32H573IIT3Q, STM32H573IIT6, STM32H573MIY3QTR, STM32H573RIT6, STM32H573RIV6, STM32H573VIT3Q, STM32H573VIT6, STM32H573ZIT3Q, STM32H573ZIT6, STM32L4R5QGI6STR, STM32MP131AAE3, STM32MP131AAF3, STM32MP131AAG3, STM32MP131CAE3, STM32MP131CAF3, STM32MP131CAG3, STM32MP131DAE7, STM32MP131DAF7, STM32MP131DAG7, STM32MP131FAE7, STM32MP131FAF7, STM32MP131FAG7, STM32MP133AAE3, STM32MP133AAF3, STM32MP133AAG3, STM32MP133CAE3, STM32MP133CAF3, STM32MP133CAG3, STM32MP133DAE7, STM32MP133DAF7, STM32MP133DAG7, STM32MP133FAE7, STM32MP133FAF7, STM32MP133FAG7, STM32MP135AAE3, STM32MP135AAF3, STM32MP135AAG3, STM32MP135CAE3, STM32MP135CAF3, STM32MP135CAG3, STM32MP135DAE7, STM32MP135DAF7, STM32MP135DAG7, STM32MP135F-DK, STM32MP135FAE7, STM32MP135FAF7, STM32MP135FAF7T, STM32MP135FAF7U, STM32MP135FAG7, STM32U535CBT6, STM32U535CBT6Q, STM32U535CBU6, STM32U535CBU6Q, STM32U535CCT6, STM32U535CCT6Q, STM32U535CCU6, STM32U535CCU6Q, STM32U535CET6, STM32U535CET6Q, STM32U535CEU6, STM32U535CEU6Q, STM32U535JEY6QTR, STM32U535NCY6QTR, STM32U535NEY6QTR, STM32U535RBI6, STM32U535RBI6Q, STM32U535RBT6, STM32U535RBT6Q, STM32U535RCI6, STM32U535RCI6Q, STM32U535RCT6, STM32U535RCT6Q, STM32U535REI6, STM32U535REI6Q, STM32U535RET6, STM32U535RET6Q, STM32U535VCI6, STM32U535VCI6Q, STM32U535VCT6, STM32U535VCT6Q, STM32U535VEI6, STM32U535VEI6Q, STM32U535VET6, STM32U535VET6Q, STM32U545CET6, STM32U545CET6Q, STM32U545CEU6, STM32U545CEU6Q, STM32U545JEY6QTR, STM32U545NEY6QTR, STM32U545REI6, STM32U545REI6Q, STM32U545RET6, STM32U545RET6Q, STM32U545VEI6, STM32U545VEI6Q, STM32U545VET6, STM32U545VET6Q, STM32U595AIH6, STM32U595AIH6Q, STM32U595AJH6, STM32U595AJH6Q, STM32U595QII6, STM32U595QII6Q, STM32U595QJI6, STM32U595QJI6Q, STM32U595RIT6, STM32U595RIT6Q, STM32U595RJT6, STM32U595RJT6Q, STM32U595VIT6, STM32U595VIT6Q, STM32U595VJT6, STM32U595VJT6Q, STM32U595ZIT6, STM32U595ZIT6Q, STM32U595ZIY6QTR, STM32U595ZJT6, STM32U595ZJT6Q, STM32U595ZJY6QTR, STM32U599BJY6QTR, STM32U599NIH6Q, STM32U599NJH6Q, STM32U599VIT6Q, STM32U599VJT6, STM32U599VJT6Q, STM32U599ZIT6Q, STM32U599ZIY6QTR, STM32U599ZJT6Q, STM32U599ZJY6QTR, STM32U5A5AJH6, STM32U5A5AJH6Q, STM32U5A5QJI6, STM32U5A5QJI6Q, STM32U5A5RJT6, STM32U5A5RJT6Q, STM32U5A5VJT6, STM32U5A5VJT6Q, STM32U5A5ZJT6, STM32U5A5ZJT6Q, STM32U5A5ZJY6QTR, STM32U5A9BJY6QTR, STM32U5A9J-DK, STM32U5A9NJH6Q, STM32U5A9VJT6Q, STM32U5A9ZJT6Q, STM32U5A9ZJY6QTR, STM32U5F7VIT6, STM32U5F7VIT6Q, STM32U5F7VJT6, STM32U5F7VJT6Q, STM32U5F9BJY6QTR, STM32U5F9NJH6Q, STM32U5F9VIT6Q, STM32U5F9VJT6Q, STM32U5F9ZIJ6QTR, STM32U5F9ZIT6Q, STM32U5F9ZJJ6QTR, STM32U5F9ZJT6Q, STM32U5G7VJT6, STM32U5G7VJT6Q, STM32U5G9BJY6QTR, STM32U5G9J-DK1, STM32U5G9J-DK2, STM32U5G9NJH6Q, STM32U5G9VJT6Q, STM32U5G9ZJJ6QTR, STM32U5G9ZJT6Q, STM32WB1MMCH6, STM32WBA50KEU6, STM32WBA50KEU6TR, STM32WBA50KGU6, STM32WBA50KGU6TR, STM32WBA52CEU6, STM32WBA52CEU6TR, STM32WBA52CEU7, STM32WBA52CEU7TR, STM32WBA52CGU6, STM32WBA52CGU6TR, STM32WBA52CGU6U, STM32WBA52CGU7, STM32WBA52CGU7TR, STM32WBA52KEU6, STM32WBA52KEU6TR, STM32WBA52KGU6, STM32WBA52KGU6TR, STM32WBA54CEU6, STM32WBA54CEU6TR, STM32WBA54CEU7, STM32WBA54CEU7TR, STM32WBA54CGU6, STM32WBA54CGU6TR, STM32WBA54CGU7, STM32WBA54CGU7TR, STM32WBA54KEU6, STM32WBA54KEU6TR, STM32WBA54KEU7, STM32WBA54KEU7TR, STM32WBA54KGU6, STM32WBA54KGU6TR, STM32WBA54KGU7, STM32WBA54KGU7TR, STM32WBA55CEU6, STM32WBA55CEU6TR, STM32WBA55CEU7, STM32WBA55CEU7TR, STM32WBA55CGU6, STM32WBA55CGU6TR, STM32WBA55CGU6U, STM32WBA55CGU7, STM32WBA55CGU7TR, STM32WBA55G-DK1, STM32WBA55HEF6, STM32WBA55HEF7, STM32WBA55HGF6, STM32WBA55HGF7, STM32WBA55UEI6, STM32WBA55UEI6TR, STM32WBA55UEI7, STM32WBA55UEI7TR, STM32WBA55UGI6, STM32WBA55UGI6TR, STM32WBA55UGI7, STM32WBA55UGI7TR, STM32WL5MOCH6, STM32WL5MOCH6TR]
2024-02-02 15:33:12,317 [INFO] DbMcus:218 - Found 3930 MCUs, 3930 are supported
2024-02-02 15:33:12,317 [INFO] ApiDb:423 - Load user favorites file C:\Users\adith/.stm32cubeide/favorites.mcus.txt: 0 item(s)
2024-02-02 15:33:12,317 [INFO] ApiDb:427 - User favorites MCUs=[]
2024-02-02 15:33:12,317 [INFO] DbMcus:224 - Set 0 / 0 favorites MCUs
2024-02-02 15:33:13,069 [INFO] MicroXplorer:468 - Change Database Path : 
2024-02-02 15:33:13,069 [INFO] MicroXplorer:498 - Change Database Version : DB.6.0.100
2024-02-02 15:33:13,070 [WARN] ThirdParty:833 - waiting for thirdparty lock release [change project]
2024-02-02 15:33:13,071 [INFO] ThirdParty:835 - entering critical section [change project]
2024-02-02 15:33:13,071 [INFO] ThirdParty:1030 - CMSIS Pack Vendor :STMicroelectronics USBPD 4.1
2024-02-02 15:33:13,071 [INFO] ThirdParty:1030 - CMSIS Pack Vendor :STMicroelectronics X-CUBE-GNSS1 6.0.0
2024-02-02 15:33:13,071 [INFO] ThirdParty:1030 - CMSIS Pack Vendor :STMicroelectronics USB_HOST 2.0.0
2024-02-02 15:33:13,071 [INFO] ThirdParty:1030 - CMSIS Pack Vendor :STMicroelectronics X-CUBE-AZRTOS-F4 1.1.0
2024-02-02 15:33:13,071 [INFO] ThirdParty:1030 - CMSIS Pack Vendor :STMicroelectronics LIBJPEG 8.0.0
2024-02-02 15:33:13,071 [INFO] ThirdParty:1030 - CMSIS Pack Vendor :STMicroelectronics X-CUBE-SMBUS 2.1.0
2024-02-02 15:33:13,072 [INFO] ThirdParty:1030 - CMSIS Pack Vendor :STMicroelectronics USB_DEVICE 3.0.0
2024-02-02 15:33:13,073 [INFO] ThirdParty:1030 - CMSIS Pack Vendor :STMicroelectronics X-CUBE-AZRTOS-WB 2.0.0
2024-02-02 15:33:13,073 [INFO] ThirdParty:1030 - CMSIS Pack Vendor :wolfSSL I-CUBE-wolfSSL 5.6.6
2024-02-02 15:33:13,073 [INFO] ThirdParty:1030 - CMSIS Pack Vendor :STMicroelectronics X-CUBE-TOUCHGFX 4.23.0
2024-02-02 15:33:13,073 [INFO] ThirdParty:1030 - CMSIS Pack Vendor :STMicroelectronics X-CUBE-AZRTOS-F7 1.1.0
2024-02-02 15:33:13,073 [INFO] ThirdParty:1030 - CMSIS Pack Vendor :STMicroelectronics X-CUBE-AZRTOS-L5 2.0.0
2024-02-02 15:33:13,073 [INFO] ThirdParty:1030 - CMSIS Pack Vendor :STMicroelectronics USB_DEVICE 2.0.0
2024-02-02 15:33:13,073 [INFO] ThirdParty:1030 - CMSIS Pack Vendor :STMicroelectronics X-CUBE-EEPRMA1 4.2.0
2024-02-02 15:33:13,073 [INFO] ThirdParty:1030 - CMSIS Pack Vendor :ITTIA_DB I-CUBE-ITTIADB 8.8.0
2024-02-02 15:33:13,073 [INFO] ThirdParty:1030 - CMSIS Pack Vendor :STMicroelectronics FP-SNS-MOTENV1 4.3.2
2024-02-02 15:33:13,073 [INFO] ThirdParty:1030 - CMSIS Pack Vendor :STMicroelectronics X-CUBE-ALGOBUILD 1.3.0
2024-02-02 15:33:13,073 [INFO] ThirdParty:1030 - CMSIS Pack Vendor :STMicroelectronics FreeRTOS 0.0.1
2024-02-02 15:33:13,073 [INFO] ThirdParty:1030 - CMSIS Pack Vendor :STMicroelectronics X-CUBE-AZRTOS-G0 1.1.0
2024-02-02 15:33:13,073 [INFO] ThirdParty:1030 - CMSIS Pack Vendor :STMicroelectronics X-CUBE-NFC4 3.0.0
2024-02-02 15:33:13,073 [INFO] ThirdParty:1030 - CMSIS Pack Vendor :STMicroelectronics X-CUBE-SUBG2 5.0.0
2024-02-02 15:33:13,074 [INFO] ThirdParty:1030 - CMSIS Pack Vendor :STMicroelectronics STM32_WPAN 1.0.0
2024-02-02 15:33:13,074 [INFO] ThirdParty:1030 - CMSIS Pack Vendor :STMicroelectronics lwIP 2.0.3
2024-02-02 15:33:13,074 [INFO] ThirdParty:1030 - CMSIS Pack Vendor :STMicroelectronics FP-SNS-FLIGHT1 5.0.2
2024-02-02 15:33:13,074 [INFO] ThirdParty:1030 - CMSIS Pack Vendor :STMicroelectronics USB_HOST 1.0.0
2024-02-02 15:33:13,074 [INFO] ThirdParty:1030 - CMSIS Pack Vendor :STMicroelectronics X-CUBE-AZRTOS-G4 2.0.0
2024-02-02 15:33:13,074 [INFO] ThirdParty:1030 - CMSIS Pack Vendor :STMicroelectronics PDM2PCM 3.1.0
2024-02-02 15:33:13,075 [INFO] ThirdParty:1030 - CMSIS Pack Vendor :Infineon AIROC-Wi-Fi-Bluetooth-STM32 1.5.1
2024-02-02 15:33:13,075 [INFO] ThirdParty:1030 - CMSIS Pack Vendor :STMicroelectronics X-CUBE-BLEMGR 3.0.0
2024-02-02 15:33:13,075 [INFO] ThirdParty:1030 - CMSIS Pack Vendor :STMicroelectronics PDM2PCM 3.3.0
2024-02-02 15:33:13,075 [INFO] ThirdParty:1030 - CMSIS Pack Vendor :STMicroelectronics X-CUBE-DISPLAY 3.0.0
2024-02-02 15:33:13,075 [INFO] ThirdParty:1030 - CMSIS Pack Vendor :STMicroelectronics FP-SNS-MOTENVWB1 1.3.1
2024-02-02 15:33:13,075 [INFO] ThirdParty:1030 - CMSIS Pack Vendor :STMicroelectronics X-CUBE-BLE1 7.0.0
2024-02-02 15:33:13,075 [INFO] ThirdParty:1030 - CMSIS Pack Vendor :STMicroelectronics FP-ATR-SIGFOX1 3.2.0
2024-02-02 15:33:13,075 [INFO] ThirdParty:1030 - CMSIS Pack Vendor :STMicroelectronics X-CUBE-ISPU 2.0.0
2024-02-02 15:33:13,077 [INFO] ThirdParty:1030 - CMSIS Pack Vendor :STMicroelectronics X-CUBE-EEPRMA1 5.1.0
2024-02-02 15:33:13,077 [INFO] ThirdParty:1030 - CMSIS Pack Vendor :STMicroelectronics HAL Drivers 0.0.0
2024-02-02 15:33:13,077 [INFO] ThirdParty:1030 - CMSIS Pack Vendor :STMicroelectronics MBEDTLS 2.16.2
2024-02-02 15:33:13,077 [INFO] ThirdParty:1030 - CMSIS Pack Vendor :emotas I-CUBE-CANOPEN 1.3.0
2024-02-02 15:33:13,077 [INFO] ThirdParty:1030 - CMSIS Pack Vendor :STMicroelectronics X-CUBE-MEMS1 10.0.0
2024-02-02 15:33:13,077 [INFO] ThirdParty:1030 - CMSIS Pack Vendor :STMicroelectronics X-CUBE-FREERTOS 1.1.0
2024-02-02 15:33:13,077 [INFO] ThirdParty:1030 - CMSIS Pack Vendor :STMicroelectronics X-CUBE-NFC7 1.0.1
2024-02-02 15:33:13,077 [INFO] ThirdParty:1030 - CMSIS Pack Vendor :STMicroelectronics MBEDTLS 2.14.1
2024-02-02 15:33:13,077 [INFO] ThirdParty:1030 - CMSIS Pack Vendor :STMicroelectronics X-CUBE-NFC6 3.0.0
2024-02-02 15:33:13,078 [INFO] ThirdParty:1030 - CMSIS Pack Vendor :portGmbH I-Cube-SoM-uGOAL 1.1.0
2024-02-02 15:33:13,078 [INFO] ThirdParty:1030 - CMSIS Pack Vendor :STMicroelectronics X-CUBE-ALS 1.0.1
2024-02-02 15:33:13,078 [INFO] ThirdParty:1030 - CMSIS Pack Vendor :STMicroelectronics ThreadX 1.0.0
2024-02-02 15:33:13,078 [INFO] ThirdParty:1030 - CMSIS Pack Vendor :STMicroelectronics FP-SNS-SMARTAG2 1.2.0
2024-02-02 15:33:13,078 [INFO] ThirdParty:1030 - CMSIS Pack Vendor :STMicroelectronics X-CUBE-AZRTOS-WL 2.0.0
2024-02-02 15:33:13,078 [INFO] ThirdParty:1030 - CMSIS Pack Vendor :SEGGER I-CUBE-embOS 1.3.1
2024-02-02 15:33:13,078 [INFO] ThirdParty:1030 - CMSIS Pack Vendor :STMicroelectronics USB_DEVICE 1.0.0
2024-02-02 15:33:13,079 [INFO] ThirdParty:1030 - CMSIS Pack Vendor :STMicroelectronics X-CUBE-AI 8.1.0
2024-02-02 15:33:13,079 [INFO] ThirdParty:1030 - CMSIS Pack Vendor :STMicroelectronics X-CUBE-AZRTOS-L4 2.0.0
2024-02-02 15:33:13,079 [INFO] ThirdParty:1030 - CMSIS Pack Vendor :STMicroelectronics ThreadX 0.0.2
2024-02-02 15:33:13,079 [INFO] ThirdParty:1030 - CMSIS Pack Vendor :WES I-CUBE-Cesium 1.3.0
2024-02-02 15:33:13,080 [INFO] ThirdParty:1030 - CMSIS Pack Vendor :STMicroelectronics FP-ATR-ASTRA1 2.0.0
2024-02-02 15:33:13,080 [INFO] ThirdParty:1030 - CMSIS Pack Vendor :STMicroelectronics lwIP 2.1.2
2024-02-02 15:33:13,080 [INFO] ThirdParty:1030 - CMSIS Pack Vendor :STMicroelectronics X-CUBE-SFXS2LP1 4.0.0
2024-02-02 15:33:13,080 [INFO] ThirdParty:1030 - CMSIS Pack Vendor :STMicroelectronics X-CUBE-BLE2 3.3.0
2024-02-02 15:33:13,080 [INFO] ThirdParty:1030 - CMSIS Pack Vendor :STMicroelectronics X-CUBE-TOF1 3.4.0
2024-02-02 15:33:13,081 [INFO] ThirdParty:1030 - CMSIS Pack Vendor :STMicroelectronics X-CUBE-AZRTOS-H7 3.2.0
2024-02-02 15:33:13,081 [INFO] ThirdParty:1030 - CMSIS Pack Vendor :STMicroelectronics PDM2PCM 3.2.0
2024-02-02 15:33:13,081 [INFO] ThirdParty:841 - exiting critical section [change project]
2024-02-02 15:33:13,620 [INFO] PinOutPanel:1499 - setPackage(No Configuration,No Configuration)
2024-02-02 15:33:13,622 [INFO] PinOutPanel:1499 - setPackage(STM32F401CCUx,UFQFPN48)
2024-02-02 15:33:14,297 [INFO] UtilMem:75 - Before build in PCC Used Memory: 379630640 Bytes (608174080)
2024-02-02 15:33:15,508 [INFO] UtilMem:75 - After build in PCC Used Memory: 386385496 Bytes (659554304)
2024-02-02 15:33:15,578 [INFO] IPUIPlugin:80 - create IPUIPlugin
2024-02-02 15:33:15,578 [INFO] IPUIPlugin:80 - create IPUIPlugin
2024-02-02 15:33:15,579 [INFO] IPUIPlugin:80 - create IPUIPlugin
2024-02-02 15:33:15,579 [INFO] IPUIPlugin:80 - create IPUIPlugin
2024-02-02 15:33:15,579 [INFO] IPUIPlugin:80 - create IPUIPlugin
2024-02-02 15:33:15,579 [INFO] IPUIPlugin:80 - create IPUIPlugin
2024-02-02 15:33:15,579 [INFO] IPUIPlugin:80 - create IPUIPlugin
2024-02-02 15:33:15,580 [INFO] IPUIPlugin:80 - create IPUIPlugin
2024-02-02 15:33:15,580 [INFO] IPUIPlugin:80 - create IPUIPlugin
2024-02-02 15:33:15,580 [INFO] IPUIPlugin:80 - create IPUIPlugin
2024-02-02 15:33:15,580 [INFO] IPUIPlugin:80 - create IPUIPlugin
2024-02-02 15:33:15,580 [INFO] IPUIPlugin:80 - create IPUIPlugin
2024-02-02 15:33:15,581 [INFO] IPUIPlugin:80 - create IPUIPlugin
2024-02-02 15:33:15,581 [INFO] IPUIPlugin:80 - create IPUIPlugin
2024-02-02 15:33:15,581 [INFO] IPUIPlugin:80 - create IPUIPlugin
2024-02-02 15:33:15,582 [INFO] IPUIPlugin:80 - create IPUIPlugin
2024-02-02 15:33:15,582 [INFO] IPUIPlugin:80 - create IPUIPlugin
2024-02-02 15:33:15,583 [INFO] IPUIPlugin:80 - create IPUIPlugin
2024-02-02 15:33:15,583 [INFO] IPUIPlugin:80 - create IPUIPlugin
2024-02-02 15:33:15,583 [INFO] IPUIPlugin:80 - create IPUIPlugin
2024-02-02 15:33:15,584 [INFO] IPUIPlugin:80 - create IPUIPlugin
2024-02-02 15:33:15,584 [INFO] IPUIPlugin:80 - create IPUIPlugin
2024-02-02 15:33:15,584 [INFO] IPUIPlugin:80 - create IPUIPlugin
2024-02-02 15:33:15,585 [INFO] IPUIPlugin:80 - create IPUIPlugin
2024-02-02 15:33:15,585 [INFO] IPUIPlugin:80 - create IPUIPlugin
2024-02-02 15:33:15,585 [INFO] IPUIPlugin:80 - create IPUIPlugin
2024-02-02 15:33:15,585 [INFO] IPUIPlugin:80 - create IPUIPlugin
2024-02-02 15:33:15,586 [INFO] IPUIPlugin:80 - create IPUIPlugin
2024-02-02 15:33:15,586 [INFO] IPUIPlugin:80 - create IPUIPlugin
2024-02-02 15:33:15,586 [INFO] IPUIPlugin:80 - create IPUIPlugin
2024-02-02 15:33:15,586 [INFO] IPUIPlugin:80 - create IPUIPlugin
2024-02-02 15:33:15,587 [INFO] IPUIPlugin:80 - create IPUIPlugin
2024-02-02 15:33:15,587 [INFO] IPUIPlugin:80 - create IPUIPlugin
2024-02-02 15:33:15,588 [INFO] IPUIPlugin:80 - create IPUIPlugin
2024-02-02 15:33:15,588 [INFO] IPUIPlugin:80 - create IPUIPlugin
2024-02-02 15:33:15,588 [INFO] IPUIPlugin:80 - create IPUIPlugin
2024-02-02 15:33:15,588 [INFO] IPUIPlugin:80 - create IPUIPlugin
2024-02-02 15:33:15,706 [INFO] ApiDbMcu:508 - Load IP Config File for PDM2PCM
2024-02-02 15:33:15,964 [INFO] CADModel:165 - CPN selected for project levelSTM32F401CCU6
2024-02-02 15:33:15,964 [INFO] CADModel:114 - Register for checkConnection events
2024-02-02 15:33:16,024 [INFO] OpenFileManager:343 - Restore cursor
2024-02-02 15:38:04,972 [INFO] UtilMem:75 - End SaveConfig() Used Memory: 562052024 Bytes (1073741824)
2024-02-02 15:38:05,065 [INFO] UtilMem:75 - End SaveConfig() Used Memory: 465533952 Bytes (1073741824)
2024-02-02 15:38:06,313 [INFO] UtilMem:75 - End SaveConfig() Used Memory: 524773776 Bytes (1073741824)
2024-02-02 15:38:06,948 [INFO] BlockDiagram:2759 - set Specific Code input for plugin: NVIC
2024-02-02 15:38:06,948 [INFO] BlockDiagram:2759 - set Specific Code input for plugin: TIM1_8
2024-02-02 15:38:06,948 [INFO] BlockDiagram:2759 - set Specific Code input for plugin: SYS
2024-02-02 15:38:06,949 [INFO] BlockDiagram:2759 - set Specific Code input for plugin: GPIO
2024-02-02 15:38:06,949 [INFO] BlockDiagram:2759 - set Specific Code input for plugin: RCC
2024-02-02 15:38:06,951 [INFO] CodeGenerator:807 - code generatio: config db path: C:\Program Files\ST\STM32CubeIDE_1.14.0\STM32CubeIDE\plugins\com.st.stm32cube.common.mx_6.10.0.202311202037\\db\
2024-02-02 15:38:07,387 [INFO] CodeEngine:255 - oldGeneratedFile, C:\WD\CCLAD\pwmTest2\MXTmpFiles\license.tmp_save
2024-02-02 15:38:07,953 [INFO] CodeEngine:279 - Generated code: C:\WD\CCLAD\pwmTest2\MXTmpFiles\license.tmp
2024-02-02 15:38:08,060 [INFO] CodeEngine:255 - oldGeneratedFile, C:\WD\CCLAD\pwmTest2\MXTmpFiles\gpio.tmp_save
2024-02-02 15:38:08,294 [INFO] CodeEngine:279 - Generated code: C:\WD\CCLAD\pwmTest2\MXTmpFiles\gpio.tmp
2024-02-02 15:38:08,495 [INFO] CodeEngine:255 - oldGeneratedFile, C:\WD\CCLAD\pwmTest2\Core\Src\stm32f4xx_it.c_save
2024-02-02 15:38:08,743 [INFO] CodeEngine:279 - Generated code: C:\WD\CCLAD\pwmTest2\Core\Src\stm32f4xx_it.c
2024-02-02 15:38:08,774 [INFO] CodeEngine:255 - oldGeneratedFile, C:\WD\CCLAD\pwmTest2\Core\Inc\stm32f4xx_it.h_save
2024-02-02 15:38:08,940 [INFO] CodeEngine:279 - Generated code: C:\WD\CCLAD\pwmTest2\Core\Inc\stm32f4xx_it.h
2024-02-02 15:38:08,986 [INFO] CodeEngine:255 - oldGeneratedFile, C:\WD\CCLAD\pwmTest2\Core\Src\stm32f4xx_hal_msp.c_save
2024-02-02 15:38:09,228 [INFO] CodeEngine:279 - Generated code: C:\WD\CCLAD\pwmTest2\Core\Src\stm32f4xx_hal_msp.c
2024-02-02 15:38:09,253 [INFO] CodeEngine:255 - oldGeneratedFile, C:\WD\CCLAD\pwmTest2\MXTmpFiles\system.tmp_save
2024-02-02 15:38:09,385 [INFO] CodeEngine:279 - Generated code: C:\WD\CCLAD\pwmTest2\MXTmpFiles\system.tmp
2024-02-02 15:38:09,444 [INFO] CodeEngine:311 - oldGeneratedFile, C:\WD\CCLAD\pwmTest2\Core\Inc\stm32f4xx_hal_conf.h_save
2024-02-02 15:38:09,626 [INFO] CodeEngine:335 - Generated code: C:\WD\CCLAD\pwmTest2\Core\Inc\stm32f4xx_hal_conf.h
2024-02-02 15:38:09,677 [WARN] IPConfigManager:3440 - IP not found : TIM
2024-02-02 15:38:09,683 [WARN] CodeGenerator:3939 - IP not found : null
2024-02-02 15:38:09,721 [INFO] CodeEngine:255 - oldGeneratedFile, C:\WD\CCLAD\pwmTest2\Core\Inc\main.h_save
2024-02-02 15:38:09,876 [INFO] CodeEngine:279 - Generated code: C:\WD\CCLAD\pwmTest2\Core\Inc\main.h
2024-02-02 15:38:09,908 [INFO] CodeEngine:255 - oldGeneratedFile, C:\WD\CCLAD\pwmTest2\Core\Src\main.c_save
2024-02-02 15:38:10,160 [INFO] CodeEngine:279 - Generated code: C:\WD\CCLAD\pwmTest2\Core\Src\main.c
2024-02-02 15:38:10,837 [INFO] ProjectBuilder:3076 - Time for Copy HAL[1] : 205mS.
2024-02-02 15:38:10,843 [INFO] ProjectBuilder:4485 - Project Generator version: 4.2.0-B44
2024-02-02 15:38:11,459 [INFO] ConfigFileManager:1495 - The Die is : DIE423
2024-02-02 15:38:11,477 [INFO] ApiDbMcu:508 - Load IP Config File for FATFS
2024-02-02 15:38:11,498 [INFO] ApiDbMcu:508 - Load IP Config File for FREERTOS
2024-02-02 15:38:11,514 [INFO] ApiDbMcu:508 - Load IP Config File for LIBJPEG
2024-02-02 15:38:11,539 [INFO] ApiDbMcu:508 - Load IP Config File for MBEDTLS
2024-02-02 15:38:11,566 [INFO] ApiDbMcu:508 - Load IP Config File for USB_DEVICE
2024-02-02 15:38:11,584 [INFO] ApiDbMcu:508 - Load IP Config File for USB_HOST
2024-02-02 15:38:13,006 [INFO] LogOutputStream:77 - [STDOUT_REDIRECT] 
2024-02-02 15:38:15,626 [INFO] ProjectBuilder:4747 - Time for Generating toolchain IDE Files: 4783mS.
2024-02-02 15:38:15,627 [INFO] ProjectBuilder:2947 - Time for Copy CMSIS : 1mS.
2024-02-02 15:38:15,631 [INFO] ProjectBuilder:2947 - Time for Copy CMSIS : 0mS.
2024-02-02 15:50:51,946 [INFO] UtilMem:75 - End SaveConfig() Used Memory: 513053048 Bytes (1073741824)
2024-02-02 15:50:52,066 [INFO] UtilMem:75 - End SaveConfig() Used Memory: 531824480 Bytes (1073741824)
2024-02-02 15:50:53,166 [INFO] UtilMem:75 - End SaveConfig() Used Memory: 592641872 Bytes (1073741824)
2024-02-02 15:50:53,829 [INFO] BlockDiagram:2759 - set Specific Code input for plugin: NVIC
2024-02-02 15:50:53,829 [INFO] BlockDiagram:2759 - set Specific Code input for plugin: TIM1_8
2024-02-02 15:50:53,829 [INFO] BlockDiagram:2759 - set Specific Code input for plugin: SYS
2024-02-02 15:50:53,830 [INFO] BlockDiagram:2759 - set Specific Code input for plugin: GPIO
2024-02-02 15:50:53,830 [INFO] BlockDiagram:2759 - set Specific Code input for plugin: RCC
2024-02-02 15:50:53,833 [INFO] CodeGenerator:807 - code generatio: config db path: C:\Program Files\ST\STM32CubeIDE_1.14.0\STM32CubeIDE\plugins\com.st.stm32cube.common.mx_6.10.0.202311202037\\db\
2024-02-02 15:50:54,269 [INFO] CodeEngine:255 - oldGeneratedFile, C:\WD\CCLAD\pwmTest2\MXTmpFiles\license.tmp_save
2024-02-02 15:50:54,692 [INFO] CodeEngine:279 - Generated code: C:\WD\CCLAD\pwmTest2\MXTmpFiles\license.tmp
2024-02-02 15:50:54,752 [INFO] CodeEngine:255 - oldGeneratedFile, C:\WD\CCLAD\pwmTest2\MXTmpFiles\gpio.tmp_save
2024-02-02 15:50:55,227 [INFO] CodeEngine:279 - Generated code: C:\WD\CCLAD\pwmTest2\MXTmpFiles\gpio.tmp
2024-02-02 15:50:55,451 [INFO] CodeEngine:255 - oldGeneratedFile, C:\WD\CCLAD\pwmTest2\Core\Src\stm32f4xx_it.c_save
2024-02-02 15:50:56,179 [INFO] CodeEngine:279 - Generated code: C:\WD\CCLAD\pwmTest2\Core\Src\stm32f4xx_it.c
2024-02-02 15:50:56,196 [INFO] CodeEngine:255 - oldGeneratedFile, C:\WD\CCLAD\pwmTest2\Core\Inc\stm32f4xx_it.h_save
2024-02-02 15:50:56,535 [INFO] CodeEngine:279 - Generated code: C:\WD\CCLAD\pwmTest2\Core\Inc\stm32f4xx_it.h
2024-02-02 15:50:56,601 [INFO] CodeEngine:255 - oldGeneratedFile, C:\WD\CCLAD\pwmTest2\Core\Src\stm32f4xx_hal_msp.c_save
2024-02-02 15:50:56,968 [INFO] CodeEngine:279 - Generated code: C:\WD\CCLAD\pwmTest2\Core\Src\stm32f4xx_hal_msp.c
2024-02-02 15:50:56,981 [INFO] CodeEngine:255 - oldGeneratedFile, C:\WD\CCLAD\pwmTest2\MXTmpFiles\system.tmp_save
2024-02-02 15:50:57,195 [INFO] CodeEngine:279 - Generated code: C:\WD\CCLAD\pwmTest2\MXTmpFiles\system.tmp
2024-02-02 15:50:57,240 [INFO] CodeEngine:311 - oldGeneratedFile, C:\WD\CCLAD\pwmTest2\Core\Inc\stm32f4xx_hal_conf.h_save
2024-02-02 15:50:57,515 [INFO] CodeEngine:335 - Generated code: C:\WD\CCLAD\pwmTest2\Core\Inc\stm32f4xx_hal_conf.h
2024-02-02 15:50:57,583 [WARN] IPConfigManager:3440 - IP not found : TIM
2024-02-02 15:50:57,585 [WARN] CodeGenerator:3939 - IP not found : null
2024-02-02 15:50:57,631 [INFO] CodeEngine:255 - oldGeneratedFile, C:\WD\CCLAD\pwmTest2\Core\Inc\main.h_save
2024-02-02 15:50:57,965 [INFO] CodeEngine:279 - Generated code: C:\WD\CCLAD\pwmTest2\Core\Inc\main.h
2024-02-02 15:50:58,003 [INFO] CodeEngine:255 - oldGeneratedFile, C:\WD\CCLAD\pwmTest2\Core\Src\main.c_save
2024-02-02 15:50:58,325 [INFO] CodeEngine:279 - Generated code: C:\WD\CCLAD\pwmTest2\Core\Src\main.c
2024-02-02 15:50:59,437 [INFO] ProjectBuilder:3076 - Time for Copy HAL[1] : 319mS.
2024-02-02 15:50:59,444 [INFO] ProjectBuilder:4485 - Project Generator version: 4.2.0-B44
2024-02-02 15:50:59,847 [INFO] ConfigFileManager:1495 - The Die is : DIE423
2024-02-02 15:51:04,010 [INFO] ProjectBuilder:4747 - Time for Generating toolchain IDE Files: 4567mS.
2024-02-02 15:51:04,012 [INFO] ProjectBuilder:2947 - Time for Copy CMSIS : 1mS.
2024-02-02 15:51:04,022 [INFO] ProjectBuilder:2947 - Time for Copy CMSIS : 0mS.
2024-02-02 15:53:51,763 [INFO] UtilMem:75 - End SaveConfig() Used Memory: 677379712 Bytes (1027604480)
2024-02-02 15:53:51,863 [INFO] UtilMem:75 - End SaveConfig() Used Memory: 694683264 Bytes (1027604480)
2024-02-02 15:53:52,934 [INFO] UtilMem:75 - End SaveConfig() Used Memory: 279362096 Bytes (1027604480)
2024-02-02 15:53:53,647 [INFO] BlockDiagram:2759 - set Specific Code input for plugin: NVIC
2024-02-02 15:53:53,648 [INFO] BlockDiagram:2759 - set Specific Code input for plugin: TIM1_8
2024-02-02 15:53:53,648 [INFO] BlockDiagram:2759 - set Specific Code input for plugin: SYS
2024-02-02 15:53:53,649 [INFO] BlockDiagram:2759 - set Specific Code input for plugin: GPIO
2024-02-02 15:53:53,649 [INFO] BlockDiagram:2759 - set Specific Code input for plugin: RCC
2024-02-02 15:53:53,651 [INFO] CodeGenerator:807 - code generatio: config db path: C:\Program Files\ST\STM32CubeIDE_1.14.0\STM32CubeIDE\plugins\com.st.stm32cube.common.mx_6.10.0.202311202037\\db\
2024-02-02 15:53:54,212 [INFO] CodeEngine:255 - oldGeneratedFile, C:\WD\CCLAD\pwmTest2\MXTmpFiles\license.tmp_save
2024-02-02 15:53:54,506 [INFO] CodeEngine:279 - Generated code: C:\WD\CCLAD\pwmTest2\MXTmpFiles\license.tmp
2024-02-02 15:53:54,553 [INFO] CodeEngine:255 - oldGeneratedFile, C:\WD\CCLAD\pwmTest2\MXTmpFiles\gpio.tmp_save
2024-02-02 15:53:54,815 [INFO] CodeEngine:279 - Generated code: C:\WD\CCLAD\pwmTest2\MXTmpFiles\gpio.tmp
2024-02-02 15:53:55,003 [INFO] CodeEngine:255 - oldGeneratedFile, C:\WD\CCLAD\pwmTest2\Core\Src\stm32f4xx_it.c_save
2024-02-02 15:53:55,255 [INFO] CodeEngine:279 - Generated code: C:\WD\CCLAD\pwmTest2\Core\Src\stm32f4xx_it.c
2024-02-02 15:53:55,268 [INFO] CodeEngine:255 - oldGeneratedFile, C:\WD\CCLAD\pwmTest2\Core\Inc\stm32f4xx_it.h_save
2024-02-02 15:53:55,427 [INFO] CodeEngine:279 - Generated code: C:\WD\CCLAD\pwmTest2\Core\Inc\stm32f4xx_it.h
2024-02-02 15:53:55,483 [INFO] CodeEngine:255 - oldGeneratedFile, C:\WD\CCLAD\pwmTest2\Core\Src\stm32f4xx_hal_msp.c_save
2024-02-02 15:53:55,738 [INFO] CodeEngine:279 - Generated code: C:\WD\CCLAD\pwmTest2\Core\Src\stm32f4xx_hal_msp.c
2024-02-02 15:53:55,749 [INFO] CodeEngine:255 - oldGeneratedFile, C:\WD\CCLAD\pwmTest2\MXTmpFiles\system.tmp_save
2024-02-02 15:53:55,909 [INFO] CodeEngine:279 - Generated code: C:\WD\CCLAD\pwmTest2\MXTmpFiles\system.tmp
2024-02-02 15:53:55,957 [INFO] CodeEngine:311 - oldGeneratedFile, C:\WD\CCLAD\pwmTest2\Core\Inc\stm32f4xx_hal_conf.h_save
2024-02-02 15:53:56,200 [INFO] CodeEngine:335 - Generated code: C:\WD\CCLAD\pwmTest2\Core\Inc\stm32f4xx_hal_conf.h
2024-02-02 15:53:56,252 [WARN] IPConfigManager:3440 - IP not found : TIM
2024-02-02 15:53:56,253 [WARN] CodeGenerator:3939 - IP not found : null
2024-02-02 15:53:56,292 [INFO] CodeEngine:255 - oldGeneratedFile, C:\WD\CCLAD\pwmTest2\Core\Inc\main.h_save
2024-02-02 15:53:56,498 [INFO] CodeEngine:279 - Generated code: C:\WD\CCLAD\pwmTest2\Core\Inc\main.h
2024-02-02 15:53:56,526 [INFO] CodeEngine:255 - oldGeneratedFile, C:\WD\CCLAD\pwmTest2\Core\Src\main.c_save
2024-02-02 15:53:56,789 [INFO] CodeEngine:279 - Generated code: C:\WD\CCLAD\pwmTest2\Core\Src\main.c
2024-02-02 15:53:57,742 [INFO] ProjectBuilder:3076 - Time for Copy HAL[1] : 290mS.
2024-02-02 15:53:57,748 [INFO] ProjectBuilder:4485 - Project Generator version: 4.2.0-B44
2024-02-02 15:53:58,099 [INFO] ConfigFileManager:1495 - The Die is : DIE423
2024-02-02 15:54:02,063 [INFO] ProjectBuilder:4747 - Time for Generating toolchain IDE Files: 4315mS.
2024-02-02 15:54:02,067 [INFO] ProjectBuilder:2947 - Time for Copy CMSIS : 3mS.
2024-02-02 15:54:02,085 [INFO] ProjectBuilder:2947 - Time for Copy CMSIS : 1mS.
2024-02-02 16:00:26,656 [INFO] Gpio:277 - dependency for GPIO [TIM1]
2024-02-02 16:00:45,708 [INFO] NvicIntPanel:101 - NVIC parent = com.st.microxplorer.plugins.ip.nvic.MultiNvicIntPanel[,2,27,370x403,layout=javax.swing.BoxLayout,alignmentX=0.0,alignmentY=0.0,border=,flags=9,maximumSize=,minimumSize=,preferredSize=]
2024-02-02 16:00:49,488 [INFO] Gpio:277 - dependency for GPIO [TIM1]
2024-02-02 16:01:50,225 [INFO] UtilMem:75 - End SaveConfig() Used Memory: 680167952 Bytes (1041235968)
2024-02-02 16:01:50,309 [INFO] UtilMem:75 - End SaveConfig() Used Memory: 693799440 Bytes (1041235968)
2024-02-02 16:01:51,003 [INFO] UtilMem:75 - End SaveConfig() Used Memory: 743082512 Bytes (1041235968)
2024-02-02 16:01:51,571 [INFO] BlockDiagram:2759 - set Specific Code input for plugin: NVIC
2024-02-02 16:01:51,571 [INFO] BlockDiagram:2759 - set Specific Code input for plugin: TIM1_8
2024-02-02 16:01:51,571 [INFO] BlockDiagram:2759 - set Specific Code input for plugin: SYS
2024-02-02 16:01:51,572 [INFO] BlockDiagram:2759 - set Specific Code input for plugin: GPIO
2024-02-02 16:01:51,572 [INFO] BlockDiagram:2759 - set Specific Code input for plugin: RCC
2024-02-02 16:01:51,574 [INFO] CodeGenerator:807 - code generatio: config db path: C:\Program Files\ST\STM32CubeIDE_1.14.0\STM32CubeIDE\plugins\com.st.stm32cube.common.mx_6.10.0.202311202037\\db\
2024-02-02 16:01:51,817 [INFO] CodeEngine:255 - oldGeneratedFile, C:\WD\CCLAD\pwmTest2\MXTmpFiles\license.tmp_save
2024-02-02 16:01:51,996 [INFO] CodeEngine:279 - Generated code: C:\WD\CCLAD\pwmTest2\MXTmpFiles\license.tmp
2024-02-02 16:01:52,035 [INFO] CodeEngine:255 - oldGeneratedFile, C:\WD\CCLAD\pwmTest2\MXTmpFiles\gpio.tmp_save
2024-02-02 16:01:52,343 [INFO] CodeEngine:279 - Generated code: C:\WD\CCLAD\pwmTest2\MXTmpFiles\gpio.tmp
2024-02-02 16:01:52,493 [INFO] CodeEngine:255 - oldGeneratedFile, C:\WD\CCLAD\pwmTest2\Core\Src\stm32f4xx_it.c_save
2024-02-02 16:01:52,849 [INFO] CodeEngine:279 - Generated code: C:\WD\CCLAD\pwmTest2\Core\Src\stm32f4xx_it.c
2024-02-02 16:01:52,865 [INFO] CodeEngine:255 - oldGeneratedFile, C:\WD\CCLAD\pwmTest2\Core\Inc\stm32f4xx_it.h_save
2024-02-02 16:01:53,074 [INFO] CodeEngine:279 - Generated code: C:\WD\CCLAD\pwmTest2\Core\Inc\stm32f4xx_it.h
2024-02-02 16:01:53,121 [INFO] CodeEngine:255 - oldGeneratedFile, C:\WD\CCLAD\pwmTest2\Core\Src\stm32f4xx_hal_msp.c_save
2024-02-02 16:01:53,326 [INFO] CodeEngine:279 - Generated code: C:\WD\CCLAD\pwmTest2\Core\Src\stm32f4xx_hal_msp.c
2024-02-02 16:01:53,336 [INFO] CodeEngine:255 - oldGeneratedFile, C:\WD\CCLAD\pwmTest2\MXTmpFiles\system.tmp_save
2024-02-02 16:01:53,476 [INFO] CodeEngine:279 - Generated code: C:\WD\CCLAD\pwmTest2\MXTmpFiles\system.tmp
2024-02-02 16:01:53,518 [INFO] CodeEngine:311 - oldGeneratedFile, C:\WD\CCLAD\pwmTest2\Core\Inc\stm32f4xx_hal_conf.h_save
2024-02-02 16:01:53,758 [INFO] CodeEngine:335 - Generated code: C:\WD\CCLAD\pwmTest2\Core\Inc\stm32f4xx_hal_conf.h
2024-02-02 16:01:53,806 [WARN] IPConfigManager:3440 - IP not found : TIM
2024-02-02 16:01:53,807 [WARN] CodeGenerator:3939 - IP not found : null
2024-02-02 16:01:53,845 [INFO] CodeEngine:255 - oldGeneratedFile, C:\WD\CCLAD\pwmTest2\Core\Inc\main.h_save
2024-02-02 16:01:54,089 [INFO] CodeEngine:279 - Generated code: C:\WD\CCLAD\pwmTest2\Core\Inc\main.h
2024-02-02 16:01:54,116 [INFO] CodeEngine:255 - oldGeneratedFile, C:\WD\CCLAD\pwmTest2\Core\Src\main.c_save
2024-02-02 16:01:54,362 [INFO] CodeEngine:279 - Generated code: C:\WD\CCLAD\pwmTest2\Core\Src\main.c
2024-02-02 16:01:55,268 [INFO] ProjectBuilder:3076 - Time for Copy HAL[1] : 250mS.
2024-02-02 16:01:55,272 [INFO] ProjectBuilder:4485 - Project Generator version: 4.2.0-B44
2024-02-02 16:01:55,585 [INFO] ConfigFileManager:1495 - The Die is : DIE423
2024-02-02 16:02:00,306 [INFO] ProjectBuilder:4747 - Time for Generating toolchain IDE Files: 5033mS.
2024-02-02 16:02:00,308 [INFO] ProjectBuilder:2947 - Time for Copy CMSIS : 2mS.
2024-02-02 16:02:00,318 [INFO] ProjectBuilder:2947 - Time for Copy CMSIS : 1mS.
2024-02-02 16:14:23,688 [INFO] Gpio:277 - dependency for GPIO [TIM1]
2024-02-02 16:15:23,830 [INFO] UtilMem:75 - End SaveConfig() Used Memory: 565315224 Bytes (880803840)
2024-02-02 16:15:24,029 [INFO] UtilMem:75 - End SaveConfig() Used Memory: 579473048 Bytes (880803840)
2024-02-02 16:15:24,770 [INFO] UtilMem:75 - End SaveConfig() Used Memory: 637144728 Bytes (880803840)
2024-02-02 16:15:25,237 [INFO] BlockDiagram:2759 - set Specific Code input for plugin: NVIC
2024-02-02 16:15:25,238 [INFO] BlockDiagram:2759 - set Specific Code input for plugin: TIM1_8
2024-02-02 16:15:25,238 [INFO] BlockDiagram:2759 - set Specific Code input for plugin: SYS
2024-02-02 16:15:25,238 [INFO] BlockDiagram:2759 - set Specific Code input for plugin: GPIO
2024-02-02 16:15:25,238 [INFO] BlockDiagram:2759 - set Specific Code input for plugin: RCC
2024-02-02 16:15:25,240 [INFO] CodeGenerator:807 - code generatio: config db path: C:\Program Files\ST\STM32CubeIDE_1.14.0\STM32CubeIDE\plugins\com.st.stm32cube.common.mx_6.10.0.202311202037\\db\
2024-02-02 16:15:25,612 [INFO] CodeEngine:255 - oldGeneratedFile, C:\WD\CCLAD\pwmTest2\MXTmpFiles\license.tmp_save
2024-02-02 16:15:25,814 [INFO] CodeEngine:279 - Generated code: C:\WD\CCLAD\pwmTest2\MXTmpFiles\license.tmp
2024-02-02 16:15:25,840 [INFO] CodeEngine:255 - oldGeneratedFile, C:\WD\CCLAD\pwmTest2\MXTmpFiles\gpio.tmp_save
2024-02-02 16:15:26,004 [INFO] CodeEngine:279 - Generated code: C:\WD\CCLAD\pwmTest2\MXTmpFiles\gpio.tmp
2024-02-02 16:15:26,117 [INFO] CodeEngine:255 - oldGeneratedFile, C:\WD\CCLAD\pwmTest2\Core\Src\stm32f4xx_it.c_save
2024-02-02 16:15:26,405 [INFO] CodeEngine:279 - Generated code: C:\WD\CCLAD\pwmTest2\Core\Src\stm32f4xx_it.c
2024-02-02 16:15:26,421 [INFO] CodeEngine:255 - oldGeneratedFile, C:\WD\CCLAD\pwmTest2\Core\Inc\stm32f4xx_it.h_save
2024-02-02 16:15:26,507 [INFO] CodeEngine:279 - Generated code: C:\WD\CCLAD\pwmTest2\Core\Inc\stm32f4xx_it.h
2024-02-02 16:15:26,534 [INFO] CodeEngine:255 - oldGeneratedFile, C:\WD\CCLAD\pwmTest2\Core\Src\stm32f4xx_hal_msp.c_save
2024-02-02 16:15:26,751 [INFO] CodeEngine:279 - Generated code: C:\WD\CCLAD\pwmTest2\Core\Src\stm32f4xx_hal_msp.c
2024-02-02 16:15:26,763 [INFO] CodeEngine:255 - oldGeneratedFile, C:\WD\CCLAD\pwmTest2\MXTmpFiles\system.tmp_save
2024-02-02 16:15:26,887 [INFO] CodeEngine:279 - Generated code: C:\WD\CCLAD\pwmTest2\MXTmpFiles\system.tmp
2024-02-02 16:15:26,913 [INFO] CodeEngine:311 - oldGeneratedFile, C:\WD\CCLAD\pwmTest2\Core\Inc\stm32f4xx_hal_conf.h_save
2024-02-02 16:15:27,063 [INFO] CodeEngine:335 - Generated code: C:\WD\CCLAD\pwmTest2\Core\Inc\stm32f4xx_hal_conf.h
2024-02-02 16:15:27,095 [WARN] IPConfigManager:3440 - IP not found : TIM
2024-02-02 16:15:27,096 [WARN] CodeGenerator:3939 - IP not found : null
2024-02-02 16:15:27,120 [INFO] CodeEngine:255 - oldGeneratedFile, C:\WD\CCLAD\pwmTest2\Core\Inc\main.h_save
2024-02-02 16:15:27,260 [INFO] CodeEngine:279 - Generated code: C:\WD\CCLAD\pwmTest2\Core\Inc\main.h
2024-02-02 16:15:27,279 [INFO] CodeEngine:255 - oldGeneratedFile, C:\WD\CCLAD\pwmTest2\Core\Src\main.c_save
2024-02-02 16:15:27,614 [INFO] CodeEngine:279 - Generated code: C:\WD\CCLAD\pwmTest2\Core\Src\main.c
2024-02-02 16:15:29,046 [INFO] ProjectBuilder:3076 - Time for Copy HAL[1] : 268mS.
2024-02-02 16:15:29,053 [INFO] ProjectBuilder:4485 - Project Generator version: 4.2.0-B44
2024-02-02 16:15:29,485 [INFO] ConfigFileManager:1495 - The Die is : DIE423
2024-02-02 16:15:31,806 [INFO] ProjectBuilder:4747 - Time for Generating toolchain IDE Files: 2753mS.
2024-02-02 16:15:31,808 [INFO] ProjectBuilder:2947 - Time for Copy CMSIS : 1mS.
2024-02-02 16:15:31,814 [INFO] ProjectBuilder:2947 - Time for Copy CMSIS : 0mS.
2024-02-02 18:23:42,539 [INFO] NvicTabbedPanel:226 - Cannot restore the selected Tab for NVIC
2024-02-02 18:23:55,681 [INFO] NvicTabbedPanel:226 - Cannot restore the selected Tab for NVIC
